<?xml version="1.0" encoding="UTF-8"?>
<!-- Generated by org.testng.reporters.JUnitXMLReporter -->
<testsuite ignored="0" hostname="DESKTOP-ALK78MT" failures="0" tests="1002" name="Surefire test" time="0.145" errors="0" timestamp="2021-05-08T09:27:49 PET">
  <testcase classname="cs.utec.edu.pe.Lab01Test" name="test01" time="0.022"/>
  <testcase classname="cs.utec.edu.pe.Lab01Test" name="test01" time="0.021"/>
  <testcase classname="cs.utec.edu.pe.Lab01Test" name="test01" time="0.021"/>
  <testcase classname="cs.utec.edu.pe.Lab01Test" name="test01" time="0.021"/>
  <testcase classname="cs.utec.edu.pe.Lab01Test" name="test01" time="0.021"/>
  <testcase classname="cs.utec.edu.pe.Lab01Test" name="test01" time="0.021"/>
  <testcase classname="cs.utec.edu.pe.Lab01Test" name="test01" time="0.022"/>
  <testcase classname="cs.utec.edu.pe.Lab01Test" name="test01" time="0.021"/>
  <testcase classname="cs.utec.edu.pe.Lab01Test" name="test01" time="0.021"/>
  <testcase classname="cs.utec.edu.pe.Lab01Test" name="test01" time="0.021"/>
  <testcase classname="cs.utec.edu.pe.Lab01Test" name="test01" time="0.021"/>
  <testcase classname="cs.utec.edu.pe.Lab01Test" name="test01" time="0.022"/>
  <testcase classname="cs.utec.edu.pe.Lab01Test" name="test01" time="0.0"/>
  <testcase classname="cs.utec.edu.pe.Lab01Test" name="test01" time="0.021"/>
  <testcase classname="cs.utec.edu.pe.Lab01Test" name="test01" time="0.021"/>
  <testcase classname="cs.utec.edu.pe.Lab01Test" name="test01" time="0.023"/>
  <testcase classname="cs.utec.edu.pe.Lab01Test" name="test01" time="0.023"/>
  <testcase classname="cs.utec.edu.pe.Lab01Test" name="test01" time="0.0"/>
  <testcase classname="cs.utec.edu.pe.Lab01Test" name="test01" time="0.0"/>
  <testcase classname="cs.utec.edu.pe.Lab01Test" name="test01" time="0.021"/>
  <testcase classname="cs.utec.edu.pe.Lab01Test" name="test01" time="0.0"/>
  <testcase classname="cs.utec.edu.pe.Lab01Test" name="test01" time="0.022"/>
  <testcase classname="cs.utec.edu.pe.Lab01Test" name="test01" time="0.0"/>
  <testcase classname="cs.utec.edu.pe.Lab01Test" name="test01" time="0.0"/>
  <testcase classname="cs.utec.edu.pe.Lab01Test" name="test01" time="0.021"/>
  <testcase classname="cs.utec.edu.pe.Lab01Test" name="test01" time="0.0"/>
  <testcase classname="cs.utec.edu.pe.Lab01Test" name="test01" time="0.0"/>
  <testcase classname="cs.utec.edu.pe.Lab01Test" name="test01" time="0.001"/>
  <testcase classname="cs.utec.edu.pe.Lab01Test" name="test01" time="0.023"/>
  <testcase classname="cs.utec.edu.pe.Lab01Test" name="test01" time="0.021"/>
  <testcase classname="cs.utec.edu.pe.Lab01Test" name="test01" time="0.022"/>
  <testcase classname="cs.utec.edu.pe.Lab01Test" name="test01" time="0.001"/>
  <testcase classname="cs.utec.edu.pe.Lab01Test" name="test01" time="0.0"/>
  <testcase classname="cs.utec.edu.pe.Lab01Test" name="test01" time="0.001"/>
  <testcase classname="cs.utec.edu.pe.Lab01Test" name="test01" time="0.021"/>
  <testcase classname="cs.utec.edu.pe.Lab01Test" name="test01" time="0.021"/>
  <testcase classname="cs.utec.edu.pe.Lab01Test" name="test01" time="0.0"/>
  <testcase classname="cs.utec.edu.pe.Lab01Test" name="test01" time="0.021"/>
  <testcase classname="cs.utec.edu.pe.Lab01Test" name="test01" time="0.0"/>
  <testcase classname="cs.utec.edu.pe.Lab01Test" name="test01" time="0.021"/>
  <testcase classname="cs.utec.edu.pe.Lab01Test" name="test01" time="0.0"/>
  <testcase classname="cs.utec.edu.pe.Lab01Test" name="test01" time="0.0"/>
  <testcase classname="cs.utec.edu.pe.Lab01Test" name="test01" time="0.0"/>
  <testcase classname="cs.utec.edu.pe.Lab01Test" name="test01" time="0.0"/>
  <testcase classname="cs.utec.edu.pe.Lab01Test" name="test01" time="0.021"/>
  <testcase classname="cs.utec.edu.pe.Lab01Test" name="test01" time="0.021"/>
  <testcase classname="cs.utec.edu.pe.Lab01Test" name="test01" time="0.0"/>
  <testcase classname="cs.utec.edu.pe.Lab01Test" name="test01" time="0.0"/>
  <testcase classname="cs.utec.edu.pe.Lab01Test" name="test01" time="0.0"/>
  <testcase classname="cs.utec.edu.pe.Lab01Test" name="test01" time="0.0"/>
  <testcase classname="cs.utec.edu.pe.Lab01Test" name="test01" time="0.003"/>
  <testcase classname="cs.utec.edu.pe.Lab01Test" name="test01" time="0.022"/>
  <testcase classname="cs.utec.edu.pe.Lab01Test" name="test01" time="0.022"/>
  <testcase classname="cs.utec.edu.pe.Lab01Test" name="test01" time="0.0"/>
  <testcase classname="cs.utec.edu.pe.Lab01Test" name="test01" time="0.021"/>
  <testcase classname="cs.utec.edu.pe.Lab01Test" name="test01" time="0.02"/>
  <testcase classname="cs.utec.edu.pe.Lab01Test" name="test01" time="0.003"/>
  <testcase classname="cs.utec.edu.pe.Lab01Test" name="test01" time="0.02"/>
  <testcase classname="cs.utec.edu.pe.Lab01Test" name="test01" time="0.003"/>
  <testcase classname="cs.utec.edu.pe.Lab01Test" name="test01" time="0.022"/>
  <testcase classname="cs.utec.edu.pe.Lab01Test" name="test01" time="0.0"/>
  <testcase classname="cs.utec.edu.pe.Lab01Test" name="test01" time="0.02"/>
  <testcase classname="cs.utec.edu.pe.Lab01Test" name="test01" time="0.003"/>
  <testcase classname="cs.utec.edu.pe.Lab01Test" name="test01" time="0.022"/>
  <testcase classname="cs.utec.edu.pe.Lab01Test" name="test01" time="0.0"/>
  <testcase classname="cs.utec.edu.pe.Lab01Test" name="test01" time="0.0"/>
  <testcase classname="cs.utec.edu.pe.Lab01Test" name="test01" time="0.02"/>
  <testcase classname="cs.utec.edu.pe.Lab01Test" name="test01" time="0.0"/>
  <testcase classname="cs.utec.edu.pe.Lab01Test" name="test01" time="0.022"/>
  <testcase classname="cs.utec.edu.pe.Lab01Test" name="test01" time="0.001"/>
  <testcase classname="cs.utec.edu.pe.Lab01Test" name="test01" time="0.0"/>
  <testcase classname="cs.utec.edu.pe.Lab01Test" name="test01" time="0.001"/>
  <testcase classname="cs.utec.edu.pe.Lab01Test" name="test01" time="0.0"/>
  <testcase classname="cs.utec.edu.pe.Lab01Test" name="test01" time="0.0"/>
  <testcase classname="cs.utec.edu.pe.Lab01Test" name="test01" time="0.0"/>
  <testcase classname="cs.utec.edu.pe.Lab01Test" name="test01" time="0.0"/>
  <testcase classname="cs.utec.edu.pe.Lab01Test" name="test01" time="0.0"/>
  <testcase classname="cs.utec.edu.pe.Lab01Test" name="test01" time="0.02"/>
  <testcase classname="cs.utec.edu.pe.Lab01Test" name="test01" time="0.022"/>
  <testcase classname="cs.utec.edu.pe.Lab01Test" name="test01" time="0.022"/>
  <testcase classname="cs.utec.edu.pe.Lab01Test" name="test01" time="0.001"/>
  <testcase classname="cs.utec.edu.pe.Lab01Test" name="test01" time="0.0"/>
  <testcase classname="cs.utec.edu.pe.Lab01Test" name="test01" time="0.001"/>
  <testcase classname="cs.utec.edu.pe.Lab01Test" name="test01" time="0.0"/>
  <testcase classname="cs.utec.edu.pe.Lab01Test" name="test01" time="0.021"/>
  <testcase classname="cs.utec.edu.pe.Lab01Test" name="test01" time="0.0"/>
  <testcase classname="cs.utec.edu.pe.Lab01Test" name="test01" time="0.021"/>
  <testcase classname="cs.utec.edu.pe.Lab01Test" name="test01" time="0.022"/>
  <testcase classname="cs.utec.edu.pe.Lab01Test" name="test01" time="0.0"/>
  <testcase classname="cs.utec.edu.pe.Lab01Test" name="test01" time="0.0"/>
  <testcase classname="cs.utec.edu.pe.Lab01Test" name="test01" time="0.0"/>
  <testcase classname="cs.utec.edu.pe.Lab01Test" name="test01" time="0.022"/>
  <testcase classname="cs.utec.edu.pe.Lab01Test" name="test01" time="0.021"/>
  <testcase classname="cs.utec.edu.pe.Lab01Test" name="test01" time="0.021"/>
  <testcase classname="cs.utec.edu.pe.Lab01Test" name="test01" time="0.022"/>
  <testcase classname="cs.utec.edu.pe.Lab01Test" name="test01" time="0.021"/>
  <testcase classname="cs.utec.edu.pe.Lab01Test" name="test01" time="0.002"/>
  <testcase classname="cs.utec.edu.pe.Lab01Test" name="test01" time="0.021"/>
  <testcase classname="cs.utec.edu.pe.Lab01Test" name="test01" time="0.021"/>
  <testcase classname="cs.utec.edu.pe.Lab01Test" name="test01" time="0.022"/>
  <testcase classname="cs.utec.edu.pe.Lab01Test" name="test01" time="0.0"/>
  <testcase classname="cs.utec.edu.pe.Lab01Test" name="test01" time="0.0"/>
  <testcase classname="cs.utec.edu.pe.Lab01Test" name="test01" time="0.003"/>
  <testcase classname="cs.utec.edu.pe.Lab01Test" name="test01" time="0.0"/>
  <testcase classname="cs.utec.edu.pe.Lab01Test" name="test01" time="0.0"/>
  <testcase classname="cs.utec.edu.pe.Lab01Test" name="test01" time="0.0"/>
  <testcase classname="cs.utec.edu.pe.Lab01Test" name="test01" time="0.002"/>
  <testcase classname="cs.utec.edu.pe.Lab01Test" name="test01" time="0.021"/>
  <testcase classname="cs.utec.edu.pe.Lab01Test" name="test01" time="0.0"/>
  <testcase classname="cs.utec.edu.pe.Lab01Test" name="test01" time="0.003"/>
  <testcase classname="cs.utec.edu.pe.Lab01Test" name="test01" time="0.022"/>
  <testcase classname="cs.utec.edu.pe.Lab01Test" name="test01" time="0.001"/>
  <testcase classname="cs.utec.edu.pe.Lab01Test" name="test01" time="0.022"/>
  <testcase classname="cs.utec.edu.pe.Lab01Test" name="test01" time="0.0"/>
  <testcase classname="cs.utec.edu.pe.Lab01Test" name="test01" time="0.001"/>
  <testcase classname="cs.utec.edu.pe.Lab01Test" name="test01" time="0.0"/>
  <testcase classname="cs.utec.edu.pe.Lab01Test" name="test01" time="0.0"/>
  <testcase classname="cs.utec.edu.pe.Lab01Test" name="test01" time="0.0"/>
  <testcase classname="cs.utec.edu.pe.Lab01Test" name="test01" time="0.001"/>
  <testcase classname="cs.utec.edu.pe.Lab01Test" name="test01" time="0.0"/>
  <testcase classname="cs.utec.edu.pe.Lab01Test" name="test01" time="0.0"/>
  <testcase classname="cs.utec.edu.pe.Lab01Test" name="test01" time="0.021"/>
  <testcase classname="cs.utec.edu.pe.Lab01Test" name="test01" time="0.022"/>
  <testcase classname="cs.utec.edu.pe.Lab01Test" name="test01" time="0.0"/>
  <testcase classname="cs.utec.edu.pe.Lab01Test" name="test01" time="0.0"/>
  <testcase classname="cs.utec.edu.pe.Lab01Test" name="test01" time="0.021"/>
  <testcase classname="cs.utec.edu.pe.Lab01Test" name="test01" time="0.022"/>
  <testcase classname="cs.utec.edu.pe.Lab01Test" name="test01" time="0.0"/>
  <testcase classname="cs.utec.edu.pe.Lab01Test" name="test01" time="0.0"/>
  <testcase classname="cs.utec.edu.pe.Lab01Test" name="test01" time="0.001"/>
  <testcase classname="cs.utec.edu.pe.Lab01Test" name="test01" time="0.0"/>
  <testcase classname="cs.utec.edu.pe.Lab01Test" name="test01" time="0.0"/>
  <testcase classname="cs.utec.edu.pe.Lab01Test" name="test01" time="0.0"/>
  <testcase classname="cs.utec.edu.pe.Lab01Test" name="test01" time="0.0"/>
  <testcase classname="cs.utec.edu.pe.Lab01Test" name="test01" time="0.022"/>
  <testcase classname="cs.utec.edu.pe.Lab01Test" name="test01" time="0.0"/>
  <testcase classname="cs.utec.edu.pe.Lab01Test" name="test01" time="0.0"/>
  <testcase classname="cs.utec.edu.pe.Lab01Test" name="test01" time="0.002"/>
  <testcase classname="cs.utec.edu.pe.Lab01Test" name="test01" time="0.0"/>
  <testcase classname="cs.utec.edu.pe.Lab01Test" name="test01" time="0.021"/>
  <testcase classname="cs.utec.edu.pe.Lab01Test" name="test01" time="0.021"/>
  <testcase classname="cs.utec.edu.pe.Lab01Test" name="test01" time="0.022"/>
  <testcase classname="cs.utec.edu.pe.Lab01Test" name="test01" time="0.001"/>
  <testcase classname="cs.utec.edu.pe.Lab01Test" name="test01" time="0.0"/>
  <testcase classname="cs.utec.edu.pe.Lab01Test" name="test01" time="0.021"/>
  <testcase classname="cs.utec.edu.pe.Lab01Test" name="test01" time="0.021"/>
  <testcase classname="cs.utec.edu.pe.Lab01Test" name="test01" time="0.021"/>
  <testcase classname="cs.utec.edu.pe.Lab01Test" name="test01" time="0.022"/>
  <testcase classname="cs.utec.edu.pe.Lab01Test" name="test01" time="0.021"/>
  <testcase classname="cs.utec.edu.pe.Lab01Test" name="test01" time="0.006"/>
  <testcase classname="cs.utec.edu.pe.Lab01Test" name="test01" time="0.0"/>
  <testcase classname="cs.utec.edu.pe.Lab01Test" name="test01" time="0.021"/>
  <testcase classname="cs.utec.edu.pe.Lab01Test" name="test01" time="0.021"/>
  <testcase classname="cs.utec.edu.pe.Lab01Test" name="test01" time="0.021"/>
  <testcase classname="cs.utec.edu.pe.Lab01Test" name="test01" time="0.022"/>
  <testcase classname="cs.utec.edu.pe.Lab01Test" name="test01" time="0.021"/>
  <testcase classname="cs.utec.edu.pe.Lab01Test" name="test01" time="0.007"/>
  <testcase classname="cs.utec.edu.pe.Lab01Test" name="test01" time="0.0"/>
  <testcase classname="cs.utec.edu.pe.Lab01Test" name="test01" time="0.021"/>
  <testcase classname="cs.utec.edu.pe.Lab01Test" name="test01" time="0.0"/>
  <testcase classname="cs.utec.edu.pe.Lab01Test" name="test01" time="0.0"/>
  <testcase classname="cs.utec.edu.pe.Lab01Test" name="test01" time="0.0"/>
  <testcase classname="cs.utec.edu.pe.Lab01Test" name="test01" time="0.0"/>
  <testcase classname="cs.utec.edu.pe.Lab01Test" name="test01" time="0.0"/>
  <testcase classname="cs.utec.edu.pe.Lab01Test" name="test01" time="0.0"/>
  <testcase classname="cs.utec.edu.pe.Lab01Test" name="test01" time="0.0"/>
  <testcase classname="cs.utec.edu.pe.Lab01Test" name="test01" time="0.0"/>
  <testcase classname="cs.utec.edu.pe.Lab01Test" name="test01" time="0.0"/>
  <testcase classname="cs.utec.edu.pe.Lab01Test" name="test01" time="0.0"/>
  <testcase classname="cs.utec.edu.pe.Lab01Test" name="test01" time="0.001"/>
  <testcase classname="cs.utec.edu.pe.Lab01Test" name="test01" time="0.001"/>
  <testcase classname="cs.utec.edu.pe.Lab01Test" name="test01" time="0.0"/>
  <testcase classname="cs.utec.edu.pe.Lab01Test" name="test01" time="0.0"/>
  <testcase classname="cs.utec.edu.pe.Lab01Test" name="test01" time="0.022"/>
  <testcase classname="cs.utec.edu.pe.Lab01Test" name="test01" time="0.0"/>
  <testcase classname="cs.utec.edu.pe.Lab01Test" name="test01" time="0.022"/>
  <testcase classname="cs.utec.edu.pe.Lab01Test" name="test01" time="0.023"/>
  <testcase classname="cs.utec.edu.pe.Lab01Test" name="test01" time="0.0"/>
  <testcase classname="cs.utec.edu.pe.Lab01Test" name="test01" time="0.009"/>
  <testcase classname="cs.utec.edu.pe.Lab01Test" name="test01" time="0.009"/>
  <testcase classname="cs.utec.edu.pe.Lab01Test" name="test01" time="0.021"/>
  <testcase classname="cs.utec.edu.pe.Lab01Test" name="test01" time="0.023"/>
  <testcase classname="cs.utec.edu.pe.Lab01Test" name="test01" time="0.021"/>
  <testcase classname="cs.utec.edu.pe.Lab01Test" name="test01" time="0.009"/>
  <testcase classname="cs.utec.edu.pe.Lab01Test" name="test01" time="0.0"/>
  <testcase classname="cs.utec.edu.pe.Lab01Test" name="test01" time="0.0"/>
  <testcase classname="cs.utec.edu.pe.Lab01Test" name="test01" time="0.001"/>
  <testcase classname="cs.utec.edu.pe.Lab01Test" name="test01" time="0.001"/>
  <testcase classname="cs.utec.edu.pe.Lab01Test" name="test01" time="0.0"/>
  <testcase classname="cs.utec.edu.pe.Lab01Test" name="test01" time="0.01"/>
  <testcase classname="cs.utec.edu.pe.Lab01Test" name="test01" time="0.0"/>
  <testcase classname="cs.utec.edu.pe.Lab01Test" name="test01" time="0.01"/>
  <testcase classname="cs.utec.edu.pe.Lab01Test" name="test01" time="0.011"/>
  <testcase classname="cs.utec.edu.pe.Lab01Test" name="test01" time="0.0"/>
  <testcase classname="cs.utec.edu.pe.Lab01Test" name="test01" time="0.0"/>
  <testcase classname="cs.utec.edu.pe.Lab01Test" name="test01" time="0.0"/>
  <testcase classname="cs.utec.edu.pe.Lab01Test" name="test01" time="0.0"/>
  <testcase classname="cs.utec.edu.pe.Lab01Test" name="test01" time="0.0"/>
  <testcase classname="cs.utec.edu.pe.Lab01Test" name="test01" time="0.0"/>
  <testcase classname="cs.utec.edu.pe.Lab01Test" name="test01" time="0.001"/>
  <testcase classname="cs.utec.edu.pe.Lab01Test" name="test01" time="0.0"/>
  <testcase classname="cs.utec.edu.pe.Lab01Test" name="test01" time="0.001"/>
  <testcase classname="cs.utec.edu.pe.Lab01Test" name="test01" time="0.0"/>
  <testcase classname="cs.utec.edu.pe.Lab01Test" name="test01" time="0.001"/>
  <testcase classname="cs.utec.edu.pe.Lab01Test" name="test01" time="0.0"/>
  <testcase classname="cs.utec.edu.pe.Lab01Test" name="test01" time="0.0"/>
  <testcase classname="cs.utec.edu.pe.Lab01Test" name="test01" time="0.002"/>
  <testcase classname="cs.utec.edu.pe.Lab01Test" name="test01" time="0.001"/>
  <testcase classname="cs.utec.edu.pe.Lab01Test" name="test01" time="0.002"/>
  <testcase classname="cs.utec.edu.pe.Lab01Test" name="test01" time="0.001"/>
  <testcase classname="cs.utec.edu.pe.Lab01Test" name="test01" time="0.001"/>
  <testcase classname="cs.utec.edu.pe.Lab01Test" name="test01" time="0.003"/>
  <testcase classname="cs.utec.edu.pe.Lab01Test" name="test01" time="0.003"/>
  <testcase classname="cs.utec.edu.pe.Lab01Test" name="test01" time="0.003"/>
  <testcase classname="cs.utec.edu.pe.Lab01Test" name="test01" time="0.003"/>
  <testcase classname="cs.utec.edu.pe.Lab01Test" name="test01" time="0.0"/>
  <testcase classname="cs.utec.edu.pe.Lab01Test" name="test01" time="0.0"/>
  <testcase classname="cs.utec.edu.pe.Lab01Test" name="test01" time="0.003"/>
  <testcase classname="cs.utec.edu.pe.Lab01Test" name="test01" time="0.0"/>
  <testcase classname="cs.utec.edu.pe.Lab01Test" name="test01" time="0.004"/>
  <testcase classname="cs.utec.edu.pe.Lab01Test" name="test01" time="0.0"/>
  <testcase classname="cs.utec.edu.pe.Lab01Test" name="test01" time="0.0"/>
  <testcase classname="cs.utec.edu.pe.Lab01Test" name="test01" time="0.0"/>
  <testcase classname="cs.utec.edu.pe.Lab01Test" name="test01" time="0.0"/>
  <testcase classname="cs.utec.edu.pe.Lab01Test" name="test01" time="0.004"/>
  <testcase classname="cs.utec.edu.pe.Lab01Test" name="test01" time="0.0"/>
  <testcase classname="cs.utec.edu.pe.Lab01Test" name="test01" time="0.005"/>
  <testcase classname="cs.utec.edu.pe.Lab01Test" name="test01" time="0.0"/>
  <testcase classname="cs.utec.edu.pe.Lab01Test" name="test01" time="0.0"/>
  <testcase classname="cs.utec.edu.pe.Lab01Test" name="test01" time="0.0"/>
  <testcase classname="cs.utec.edu.pe.Lab01Test" name="test01" time="0.0"/>
  <testcase classname="cs.utec.edu.pe.Lab01Test" name="test01" time="0.0"/>
  <testcase classname="cs.utec.edu.pe.Lab01Test" name="test01" time="0.0"/>
  <testcase classname="cs.utec.edu.pe.Lab01Test" name="test01" time="0.0"/>
  <testcase classname="cs.utec.edu.pe.Lab01Test" name="test01" time="0.0"/>
  <testcase classname="cs.utec.edu.pe.Lab01Test" name="test01" time="0.0"/>
  <testcase classname="cs.utec.edu.pe.Lab01Test" name="test01" time="0.0"/>
  <testcase classname="cs.utec.edu.pe.Lab01Test" name="test01" time="0.0"/>
  <testcase classname="cs.utec.edu.pe.Lab01Test" name="test01" time="0.0"/>
  <testcase classname="cs.utec.edu.pe.Lab01Test" name="test01" time="0.006"/>
  <testcase classname="cs.utec.edu.pe.Lab01Test" name="test01" time="0.0"/>
  <testcase classname="cs.utec.edu.pe.Lab01Test" name="test01" time="0.0"/>
  <testcase classname="cs.utec.edu.pe.Lab01Test" name="test01" time="0.0"/>
  <testcase classname="cs.utec.edu.pe.Lab01Test" name="test01" time="0.0"/>
  <testcase classname="cs.utec.edu.pe.Lab01Test" name="test01" time="0.0"/>
  <testcase classname="cs.utec.edu.pe.Lab01Test" name="test01" time="0.007"/>
  <testcase classname="cs.utec.edu.pe.Lab01Test" name="test01" time="0.0"/>
  <testcase classname="cs.utec.edu.pe.Lab01Test" name="test01" time="0.0"/>
  <testcase classname="cs.utec.edu.pe.Lab01Test" name="test01" time="0.0"/>
  <testcase classname="cs.utec.edu.pe.Lab01Test" name="test01" time="0.008"/>
  <testcase classname="cs.utec.edu.pe.Lab01Test" name="test01" time="0.0"/>
  <testcase classname="cs.utec.edu.pe.Lab01Test" name="test01" time="0.008"/>
  <testcase classname="cs.utec.edu.pe.Lab01Test" name="test01" time="0.001"/>
  <testcase classname="cs.utec.edu.pe.Lab01Test" name="test01" time="0.0"/>
  <testcase classname="cs.utec.edu.pe.Lab01Test" name="test01" time="0.001"/>
  <testcase classname="cs.utec.edu.pe.Lab01Test" name="test01" time="0.0"/>
  <testcase classname="cs.utec.edu.pe.Lab01Test" name="test01" time="0.0"/>
  <testcase classname="cs.utec.edu.pe.Lab01Test" name="test01" time="0.0"/>
  <testcase classname="cs.utec.edu.pe.Lab01Test" name="test01" time="0.01"/>
  <testcase classname="cs.utec.edu.pe.Lab01Test" name="test01" time="0.009"/>
  <testcase classname="cs.utec.edu.pe.Lab01Test" name="test01" time="0.01"/>
  <testcase classname="cs.utec.edu.pe.Lab01Test" name="test01" time="0.01"/>
  <testcase classname="cs.utec.edu.pe.Lab01Test" name="test01" time="0.01"/>
  <testcase classname="cs.utec.edu.pe.Lab01Test" name="test01" time="0.0"/>
  <testcase classname="cs.utec.edu.pe.Lab01Test" name="test01" time="0.0"/>
  <testcase classname="cs.utec.edu.pe.Lab01Test" name="test01" time="0.01"/>
  <testcase classname="cs.utec.edu.pe.Lab01Test" name="test01" time="0.01"/>
  <testcase classname="cs.utec.edu.pe.Lab01Test" name="test01" time="0.001"/>
  <testcase classname="cs.utec.edu.pe.Lab01Test" name="test01" time="0.011"/>
  <testcase classname="cs.utec.edu.pe.Lab01Test" name="test01" time="0.0"/>
  <testcase classname="cs.utec.edu.pe.Lab01Test" name="test01" time="0.0"/>
  <testcase classname="cs.utec.edu.pe.Lab01Test" name="test01" time="0.0"/>
  <testcase classname="cs.utec.edu.pe.Lab01Test" name="test01" time="0.0"/>
  <testcase classname="cs.utec.edu.pe.Lab01Test" name="test01" time="0.0"/>
  <testcase classname="cs.utec.edu.pe.Lab01Test" name="test01" time="0.0"/>
  <testcase classname="cs.utec.edu.pe.Lab01Test" name="test01" time="0.0"/>
  <testcase classname="cs.utec.edu.pe.Lab01Test" name="test01" time="0.0"/>
  <testcase classname="cs.utec.edu.pe.Lab01Test" name="test01" time="0.012"/>
  <testcase classname="cs.utec.edu.pe.Lab01Test" name="test01" time="0.0"/>
  <testcase classname="cs.utec.edu.pe.Lab01Test" name="test01" time="0.013"/>
  <testcase classname="cs.utec.edu.pe.Lab01Test" name="test01" time="0.001"/>
  <testcase classname="cs.utec.edu.pe.Lab01Test" name="test01" time="0.0"/>
  <testcase classname="cs.utec.edu.pe.Lab01Test" name="test01" time="0.0"/>
  <testcase classname="cs.utec.edu.pe.Lab01Test" name="test01" time="0.0"/>
  <testcase classname="cs.utec.edu.pe.Lab01Test" name="test01" time="0.014"/>
  <testcase classname="cs.utec.edu.pe.Lab01Test" name="test01" time="0.0"/>
  <testcase classname="cs.utec.edu.pe.Lab01Test" name="test01" time="0.0"/>
  <testcase classname="cs.utec.edu.pe.Lab01Test" name="test01" time="0.0"/>
  <testcase classname="cs.utec.edu.pe.Lab01Test" name="test01" time="0.0"/>
  <testcase classname="cs.utec.edu.pe.Lab01Test" name="test01" time="0.0"/>
  <testcase classname="cs.utec.edu.pe.Lab01Test" name="test01" time="0.0"/>
  <testcase classname="cs.utec.edu.pe.Lab01Test" name="test01" time="0.014"/>
  <testcase classname="cs.utec.edu.pe.Lab01Test" name="test01" time="0.014"/>
  <testcase classname="cs.utec.edu.pe.Lab01Test" name="test01" time="0.014"/>
  <testcase classname="cs.utec.edu.pe.Lab01Test" name="test01" time="0.0"/>
  <testcase classname="cs.utec.edu.pe.Lab01Test" name="test01" time="0.0"/>
  <testcase classname="cs.utec.edu.pe.Lab01Test" name="test01" time="0.0"/>
  <testcase classname="cs.utec.edu.pe.Lab01Test" name="test01" time="0.0"/>
  <testcase classname="cs.utec.edu.pe.Lab01Test" name="test01" time="0.0"/>
  <testcase classname="cs.utec.edu.pe.Lab01Test" name="test01" time="0.0"/>
  <testcase classname="cs.utec.edu.pe.Lab01Test" name="test01" time="0.0"/>
  <testcase classname="cs.utec.edu.pe.Lab01Test" name="test01" time="0.0"/>
  <testcase classname="cs.utec.edu.pe.Lab01Test" name="test01" time="0.0"/>
  <testcase classname="cs.utec.edu.pe.Lab01Test" name="test01" time="0.017"/>
  <testcase classname="cs.utec.edu.pe.Lab01Test" name="test01" time="0.0"/>
  <testcase classname="cs.utec.edu.pe.Lab01Test" name="test01" time="0.0"/>
  <testcase classname="cs.utec.edu.pe.Lab01Test" name="test01" time="0.0"/>
  <testcase classname="cs.utec.edu.pe.Lab01Test" name="test01" time="0.017"/>
  <testcase classname="cs.utec.edu.pe.Lab01Test" name="test01" time="0.0"/>
  <testcase classname="cs.utec.edu.pe.Lab01Test" name="test01" time="0.0"/>
  <testcase classname="cs.utec.edu.pe.Lab01Test" name="test01" time="0.0"/>
  <testcase classname="cs.utec.edu.pe.Lab01Test" name="test01" time="0.0"/>
  <testcase classname="cs.utec.edu.pe.Lab01Test" name="test01" time="0.0"/>
  <testcase classname="cs.utec.edu.pe.Lab01Test" name="test01" time="0.017"/>
  <testcase classname="cs.utec.edu.pe.Lab01Test" name="test01" time="0.0"/>
  <testcase classname="cs.utec.edu.pe.Lab01Test" name="test01" time="0.0"/>
  <testcase classname="cs.utec.edu.pe.Lab01Test" name="test01" time="0.0"/>
  <testcase classname="cs.utec.edu.pe.Lab01Test" name="test01" time="0.017"/>
  <testcase classname="cs.utec.edu.pe.Lab01Test" name="test01" time="0.0"/>
  <testcase classname="cs.utec.edu.pe.Lab01Test" name="test01" time="0.017"/>
  <testcase classname="cs.utec.edu.pe.Lab01Test" name="test01" time="0.0"/>
  <testcase classname="cs.utec.edu.pe.Lab01Test" name="test01" time="0.0"/>
  <testcase classname="cs.utec.edu.pe.Lab01Test" name="test01" time="0.0"/>
  <testcase classname="cs.utec.edu.pe.Lab01Test" name="test01" time="0.0"/>
  <testcase classname="cs.utec.edu.pe.Lab01Test" name="test01" time="0.001"/>
  <testcase classname="cs.utec.edu.pe.Lab01Test" name="test01" time="0.0"/>
  <testcase classname="cs.utec.edu.pe.Lab01Test" name="test01" time="0.0"/>
  <testcase classname="cs.utec.edu.pe.Lab01Test" name="test01" time="0.0"/>
  <testcase classname="cs.utec.edu.pe.Lab01Test" name="test01" time="0.0"/>
  <testcase classname="cs.utec.edu.pe.Lab01Test" name="test01" time="0.001"/>
  <testcase classname="cs.utec.edu.pe.Lab01Test" name="test01" time="0.001"/>
  <testcase classname="cs.utec.edu.pe.Lab01Test" name="test01" time="0.002"/>
  <testcase classname="cs.utec.edu.pe.Lab01Test" name="test01" time="0.003"/>
  <testcase classname="cs.utec.edu.pe.Lab01Test" name="test01" time="0.0"/>
  <testcase classname="cs.utec.edu.pe.Lab01Test" name="test01" time="0.003"/>
  <testcase classname="cs.utec.edu.pe.Lab01Test" name="test01" time="0.0"/>
  <testcase classname="cs.utec.edu.pe.Lab01Test" name="test01" time="0.003"/>
  <testcase classname="cs.utec.edu.pe.Lab01Test" name="test01" time="0.0"/>
  <testcase classname="cs.utec.edu.pe.Lab01Test" name="test01" time="0.003"/>
  <testcase classname="cs.utec.edu.pe.Lab01Test" name="test01" time="0.003"/>
  <testcase classname="cs.utec.edu.pe.Lab01Test" name="test01" time="0.0"/>
  <testcase classname="cs.utec.edu.pe.Lab01Test" name="test01" time="0.0"/>
  <testcase classname="cs.utec.edu.pe.Lab01Test" name="test01" time="0.0"/>
  <testcase classname="cs.utec.edu.pe.Lab01Test" name="test01" time="0.0"/>
  <testcase classname="cs.utec.edu.pe.Lab01Test" name="test01" time="0.0"/>
  <testcase classname="cs.utec.edu.pe.Lab01Test" name="test01" time="0.003"/>
  <testcase classname="cs.utec.edu.pe.Lab01Test" name="test01" time="0.0"/>
  <testcase classname="cs.utec.edu.pe.Lab01Test" name="test01" time="0.003"/>
  <testcase classname="cs.utec.edu.pe.Lab01Test" name="test01" time="0.0"/>
  <testcase classname="cs.utec.edu.pe.Lab01Test" name="test01" time="0.0"/>
  <testcase classname="cs.utec.edu.pe.Lab01Test" name="test01" time="0.001"/>
  <testcase classname="cs.utec.edu.pe.Lab01Test" name="test01" time="0.0"/>
  <testcase classname="cs.utec.edu.pe.Lab01Test" name="test01" time="0.004"/>
  <testcase classname="cs.utec.edu.pe.Lab01Test" name="test01" time="0.0"/>
  <testcase classname="cs.utec.edu.pe.Lab01Test" name="test01" time="0.0"/>
  <testcase classname="cs.utec.edu.pe.Lab01Test" name="test01" time="0.0"/>
  <testcase classname="cs.utec.edu.pe.Lab01Test" name="test01" time="0.005"/>
  <testcase classname="cs.utec.edu.pe.Lab01Test" name="test01" time="0.005"/>
  <testcase classname="cs.utec.edu.pe.Lab01Test" name="test01" time="0.0"/>
  <testcase classname="cs.utec.edu.pe.Lab01Test" name="test01" time="0.0"/>
  <testcase classname="cs.utec.edu.pe.Lab01Test" name="test01" time="0.005"/>
  <testcase classname="cs.utec.edu.pe.Lab01Test" name="test01" time="0.005"/>
  <testcase classname="cs.utec.edu.pe.Lab01Test" name="test01" time="0.005"/>
  <testcase classname="cs.utec.edu.pe.Lab01Test" name="test01" time="0.0"/>
  <testcase classname="cs.utec.edu.pe.Lab01Test" name="test01" time="0.0"/>
  <testcase classname="cs.utec.edu.pe.Lab01Test" name="test01" time="0.0"/>
  <testcase classname="cs.utec.edu.pe.Lab01Test" name="test01" time="0.0"/>
  <testcase classname="cs.utec.edu.pe.Lab01Test" name="test01" time="0.0"/>
  <testcase classname="cs.utec.edu.pe.Lab01Test" name="test01" time="0.0"/>
  <testcase classname="cs.utec.edu.pe.Lab01Test" name="test01" time="0.001"/>
  <testcase classname="cs.utec.edu.pe.Lab01Test" name="test01" time="0.0"/>
  <testcase classname="cs.utec.edu.pe.Lab01Test" name="test01" time="0.0"/>
  <testcase classname="cs.utec.edu.pe.Lab01Test" name="test01" time="0.0"/>
  <testcase classname="cs.utec.edu.pe.Lab01Test" name="test01" time="0.007"/>
  <testcase classname="cs.utec.edu.pe.Lab01Test" name="test01" time="0.007"/>
  <testcase classname="cs.utec.edu.pe.Lab01Test" name="test01" time="0.0"/>
  <testcase classname="cs.utec.edu.pe.Lab01Test" name="test01" time="0.0"/>
  <testcase classname="cs.utec.edu.pe.Lab01Test" name="test01" time="0.007"/>
  <testcase classname="cs.utec.edu.pe.Lab01Test" name="test01" time="0.007"/>
  <testcase classname="cs.utec.edu.pe.Lab01Test" name="test01" time="0.007"/>
  <testcase classname="cs.utec.edu.pe.Lab01Test" name="test01" time="0.0"/>
  <testcase classname="cs.utec.edu.pe.Lab01Test" name="test01" time="0.0"/>
  <testcase classname="cs.utec.edu.pe.Lab01Test" name="test01" time="0.0"/>
  <testcase classname="cs.utec.edu.pe.Lab01Test" name="test01" time="0.001"/>
  <testcase classname="cs.utec.edu.pe.Lab01Test" name="test01" time="0.001"/>
  <testcase classname="cs.utec.edu.pe.Lab01Test" name="test01" time="0.0"/>
  <testcase classname="cs.utec.edu.pe.Lab01Test" name="test01" time="0.0"/>
  <testcase classname="cs.utec.edu.pe.Lab01Test" name="test01" time="0.009"/>
  <testcase classname="cs.utec.edu.pe.Lab01Test" name="test01" time="0.0"/>
  <testcase classname="cs.utec.edu.pe.Lab01Test" name="test01" time="0.009"/>
  <testcase classname="cs.utec.edu.pe.Lab01Test" name="test01" time="0.0"/>
  <testcase classname="cs.utec.edu.pe.Lab01Test" name="test01" time="0.0"/>
  <testcase classname="cs.utec.edu.pe.Lab01Test" name="test01" time="0.0"/>
  <testcase classname="cs.utec.edu.pe.Lab01Test" name="test01" time="0.0"/>
  <testcase classname="cs.utec.edu.pe.Lab01Test" name="test01" time="0.0"/>
  <testcase classname="cs.utec.edu.pe.Lab01Test" name="test01" time="0.0"/>
  <testcase classname="cs.utec.edu.pe.Lab01Test" name="test01" time="0.009"/>
  <testcase classname="cs.utec.edu.pe.Lab01Test" name="test01" time="0.0"/>
  <testcase classname="cs.utec.edu.pe.Lab01Test" name="test01" time="0.009"/>
  <testcase classname="cs.utec.edu.pe.Lab01Test" name="test01" time="0.0"/>
  <testcase classname="cs.utec.edu.pe.Lab01Test" name="test01" time="0.0"/>
  <testcase classname="cs.utec.edu.pe.Lab01Test" name="test01" time="0.011"/>
  <testcase classname="cs.utec.edu.pe.Lab01Test" name="test01" time="0.0"/>
  <testcase classname="cs.utec.edu.pe.Lab01Test" name="test01" time="0.001"/>
  <testcase classname="cs.utec.edu.pe.Lab01Test" name="test01" time="0.0"/>
  <testcase classname="cs.utec.edu.pe.Lab01Test" name="test01" time="0.0"/>
  <testcase classname="cs.utec.edu.pe.Lab01Test" name="test01" time="0.0"/>
  <testcase classname="cs.utec.edu.pe.Lab01Test" name="test01" time="0.0"/>
  <testcase classname="cs.utec.edu.pe.Lab01Test" name="test01" time="0.0"/>
  <testcase classname="cs.utec.edu.pe.Lab01Test" name="test01" time="0.011"/>
  <testcase classname="cs.utec.edu.pe.Lab01Test" name="test01" time="0.011"/>
  <testcase classname="cs.utec.edu.pe.Lab01Test" name="test01" time="0.0"/>
  <testcase classname="cs.utec.edu.pe.Lab01Test" name="test01" time="0.0"/>
  <testcase classname="cs.utec.edu.pe.Lab01Test" name="test01" time="0.011"/>
  <testcase classname="cs.utec.edu.pe.Lab01Test" name="test01" time="0.011"/>
  <testcase classname="cs.utec.edu.pe.Lab01Test" name="test01" time="0.0"/>
  <testcase classname="cs.utec.edu.pe.Lab01Test" name="test01" time="0.011"/>
  <testcase classname="cs.utec.edu.pe.Lab01Test" name="test01" time="0.0"/>
  <testcase classname="cs.utec.edu.pe.Lab01Test" name="test01" time="0.0"/>
  <testcase classname="cs.utec.edu.pe.Lab01Test" name="test01" time="0.0"/>
  <testcase classname="cs.utec.edu.pe.Lab01Test" name="test01" time="0.001"/>
  <testcase classname="cs.utec.edu.pe.Lab01Test" name="test01" time="0.0"/>
  <testcase classname="cs.utec.edu.pe.Lab01Test" name="test01" time="0.0"/>
  <testcase classname="cs.utec.edu.pe.Lab01Test" name="test01" time="0.0"/>
  <testcase classname="cs.utec.edu.pe.Lab01Test" name="test01" time="0.0"/>
  <testcase classname="cs.utec.edu.pe.Lab01Test" name="test01" time="0.014"/>
  <testcase classname="cs.utec.edu.pe.Lab01Test" name="test01" time="0.014"/>
  <testcase classname="cs.utec.edu.pe.Lab01Test" name="test01" time="0.014"/>
  <testcase classname="cs.utec.edu.pe.Lab01Test" name="test01" time="0.014"/>
  <testcase classname="cs.utec.edu.pe.Lab01Test" name="test01" time="0.014"/>
  <testcase classname="cs.utec.edu.pe.Lab01Test" name="test01" time="0.001"/>
  <testcase classname="cs.utec.edu.pe.Lab01Test" name="test01" time="0.014"/>
  <testcase classname="cs.utec.edu.pe.Lab01Test" name="test01" time="0.0"/>
  <testcase classname="cs.utec.edu.pe.Lab01Test" name="test01" time="0.001"/>
  <testcase classname="cs.utec.edu.pe.Lab01Test" name="test01" time="0.0"/>
  <testcase classname="cs.utec.edu.pe.Lab01Test" name="test01" time="0.0"/>
  <testcase classname="cs.utec.edu.pe.Lab01Test" name="test01" time="0.0"/>
  <testcase classname="cs.utec.edu.pe.Lab01Test" name="test01" time="0.0"/>
  <testcase classname="cs.utec.edu.pe.Lab01Test" name="test01" time="0.0"/>
  <testcase classname="cs.utec.edu.pe.Lab01Test" name="test01" time="0.002"/>
  <testcase classname="cs.utec.edu.pe.Lab01Test" name="test01" time="0.001"/>
  <testcase classname="cs.utec.edu.pe.Lab01Test" name="test01" time="0.0"/>
  <testcase classname="cs.utec.edu.pe.Lab01Test" name="test01" time="0.0"/>
  <testcase classname="cs.utec.edu.pe.Lab01Test" name="test01" time="0.0"/>
  <testcase classname="cs.utec.edu.pe.Lab01Test" name="test01" time="0.0"/>
  <testcase classname="cs.utec.edu.pe.Lab01Test" name="test01" time="0.0"/>
  <testcase classname="cs.utec.edu.pe.Lab01Test" name="test01" time="0.001"/>
  <testcase classname="cs.utec.edu.pe.Lab01Test" name="test01" time="0.0"/>
  <testcase classname="cs.utec.edu.pe.Lab01Test" name="test01" time="0.002"/>
  <testcase classname="cs.utec.edu.pe.Lab01Test" name="test01" time="0.002"/>
  <testcase classname="cs.utec.edu.pe.Lab01Test" name="test01" time="0.0"/>
  <testcase classname="cs.utec.edu.pe.Lab01Test" name="test01" time="0.0"/>
  <testcase classname="cs.utec.edu.pe.Lab01Test" name="test01" time="0.0"/>
  <testcase classname="cs.utec.edu.pe.Lab01Test" name="test01" time="0.0"/>
  <testcase classname="cs.utec.edu.pe.Lab01Test" name="test01" time="0.0"/>
  <testcase classname="cs.utec.edu.pe.Lab01Test" name="test01" time="0.0"/>
  <testcase classname="cs.utec.edu.pe.Lab01Test" name="test01" time="0.0"/>
  <testcase classname="cs.utec.edu.pe.Lab01Test" name="test01" time="0.0"/>
  <testcase classname="cs.utec.edu.pe.Lab01Test" name="test01" time="0.0"/>
  <testcase classname="cs.utec.edu.pe.Lab01Test" name="test01" time="0.004"/>
  <testcase classname="cs.utec.edu.pe.Lab01Test" name="test01" time="0.0"/>
  <testcase classname="cs.utec.edu.pe.Lab01Test" name="test01" time="0.0"/>
  <testcase classname="cs.utec.edu.pe.Lab01Test" name="test01" time="0.0"/>
  <testcase classname="cs.utec.edu.pe.Lab01Test" name="test01" time="0.0"/>
  <testcase classname="cs.utec.edu.pe.Lab01Test" name="test01" time="0.0"/>
  <testcase classname="cs.utec.edu.pe.Lab01Test" name="test01" time="0.0"/>
  <testcase classname="cs.utec.edu.pe.Lab01Test" name="test01" time="0.0"/>
  <testcase classname="cs.utec.edu.pe.Lab01Test" name="test01" time="0.0"/>
  <testcase classname="cs.utec.edu.pe.Lab01Test" name="test01" time="0.0"/>
  <testcase classname="cs.utec.edu.pe.Lab01Test" name="test01" time="0.0"/>
  <testcase classname="cs.utec.edu.pe.Lab01Test" name="test01" time="0.005"/>
  <testcase classname="cs.utec.edu.pe.Lab01Test" name="test01" time="0.005"/>
  <testcase classname="cs.utec.edu.pe.Lab01Test" name="test01" time="0.0"/>
  <testcase classname="cs.utec.edu.pe.Lab01Test" name="test01" time="0.0"/>
  <testcase classname="cs.utec.edu.pe.Lab01Test" name="test01" time="0.0"/>
  <testcase classname="cs.utec.edu.pe.Lab01Test" name="test01" time="0.006"/>
  <testcase classname="cs.utec.edu.pe.Lab01Test" name="test01" time="0.0"/>
  <testcase classname="cs.utec.edu.pe.Lab01Test" name="test01" time="0.006"/>
  <testcase classname="cs.utec.edu.pe.Lab01Test" name="test01" time="0.0"/>
  <testcase classname="cs.utec.edu.pe.Lab01Test" name="test01" time="0.006"/>
  <testcase classname="cs.utec.edu.pe.Lab01Test" name="test01" time="0.006"/>
  <testcase classname="cs.utec.edu.pe.Lab01Test" name="test01" time="0.006"/>
  <testcase classname="cs.utec.edu.pe.Lab01Test" name="test01" time="0.0"/>
  <testcase classname="cs.utec.edu.pe.Lab01Test" name="test01" time="0.0"/>
  <testcase classname="cs.utec.edu.pe.Lab01Test" name="test01" time="0.0"/>
  <testcase classname="cs.utec.edu.pe.Lab01Test" name="test01" time="0.0"/>
  <testcase classname="cs.utec.edu.pe.Lab01Test" name="test01" time="0.0"/>
  <testcase classname="cs.utec.edu.pe.Lab01Test" name="test01" time="0.0"/>
  <testcase classname="cs.utec.edu.pe.Lab01Test" name="test01" time="0.0"/>
  <testcase classname="cs.utec.edu.pe.Lab01Test" name="test01" time="0.001"/>
  <testcase classname="cs.utec.edu.pe.Lab01Test" name="test01" time="0.0"/>
  <testcase classname="cs.utec.edu.pe.Lab01Test" name="test01" time="0.0"/>
  <testcase classname="cs.utec.edu.pe.Lab01Test" name="test01" time="0.0"/>
  <testcase classname="cs.utec.edu.pe.Lab01Test" name="test01" time="0.0"/>
  <testcase classname="cs.utec.edu.pe.Lab01Test" name="test01" time="0.0"/>
  <testcase classname="cs.utec.edu.pe.Lab01Test" name="test01" time="0.0"/>
  <testcase classname="cs.utec.edu.pe.Lab01Test" name="test01" time="0.0"/>
  <testcase classname="cs.utec.edu.pe.Lab01Test" name="test01" time="0.0"/>
  <testcase classname="cs.utec.edu.pe.Lab01Test" name="test01" time="0.0"/>
  <testcase classname="cs.utec.edu.pe.Lab01Test" name="test01" time="0.0"/>
  <testcase classname="cs.utec.edu.pe.Lab01Test" name="test01" time="0.007"/>
  <testcase classname="cs.utec.edu.pe.Lab01Test" name="test01" time="0.0"/>
  <testcase classname="cs.utec.edu.pe.Lab01Test" name="test01" time="0.0"/>
  <testcase classname="cs.utec.edu.pe.Lab01Test" name="test01" time="0.001"/>
  <testcase classname="cs.utec.edu.pe.Lab01Test" name="test01" time="0.001"/>
  <testcase classname="cs.utec.edu.pe.Lab01Test" name="test01" time="0.0"/>
  <testcase classname="cs.utec.edu.pe.Lab01Test" name="test01" time="0.0"/>
  <testcase classname="cs.utec.edu.pe.Lab01Test" name="test01" time="0.0"/>
  <testcase classname="cs.utec.edu.pe.Lab01Test" name="test01" time="0.0"/>
  <testcase classname="cs.utec.edu.pe.Lab01Test" name="test01" time="0.0"/>
  <testcase classname="cs.utec.edu.pe.Lab01Test" name="test01" time="0.0"/>
  <testcase classname="cs.utec.edu.pe.Lab01Test" name="test01" time="0.0"/>
  <testcase classname="cs.utec.edu.pe.Lab01Test" name="test01" time="0.0"/>
  <testcase classname="cs.utec.edu.pe.Lab01Test" name="test01" time="0.0"/>
  <testcase classname="cs.utec.edu.pe.Lab01Test" name="test01" time="0.009"/>
  <testcase classname="cs.utec.edu.pe.Lab01Test" name="test01" time="0.0"/>
  <testcase classname="cs.utec.edu.pe.Lab01Test" name="test01" time="0.009"/>
  <testcase classname="cs.utec.edu.pe.Lab01Test" name="test01" time="0.0"/>
  <testcase classname="cs.utec.edu.pe.Lab01Test" name="test01" time="0.0"/>
  <testcase classname="cs.utec.edu.pe.Lab01Test" name="test01" time="0.0"/>
  <testcase classname="cs.utec.edu.pe.Lab01Test" name="test01" time="0.0"/>
  <testcase classname="cs.utec.edu.pe.Lab01Test" name="test01" time="0.009"/>
  <testcase classname="cs.utec.edu.pe.Lab01Test" name="test01" time="0.009"/>
  <testcase classname="cs.utec.edu.pe.Lab01Test" name="test01" time="0.009"/>
  <testcase classname="cs.utec.edu.pe.Lab01Test" name="test01" time="0.009"/>
  <testcase classname="cs.utec.edu.pe.Lab01Test" name="test01" time="0.0"/>
  <testcase classname="cs.utec.edu.pe.Lab01Test" name="test01" time="0.01"/>
  <testcase classname="cs.utec.edu.pe.Lab01Test" name="test01" time="0.001"/>
  <testcase classname="cs.utec.edu.pe.Lab01Test" name="test01" time="0.011"/>
  <testcase classname="cs.utec.edu.pe.Lab01Test" name="test01" time="0.011"/>
  <testcase classname="cs.utec.edu.pe.Lab01Test" name="test01" time="0.0"/>
  <testcase classname="cs.utec.edu.pe.Lab01Test" name="test01" time="0.0"/>
  <testcase classname="cs.utec.edu.pe.Lab01Test" name="test01" time="0.0"/>
  <testcase classname="cs.utec.edu.pe.Lab01Test" name="test01" time="0.0"/>
  <testcase classname="cs.utec.edu.pe.Lab01Test" name="test01" time="0.011"/>
  <testcase classname="cs.utec.edu.pe.Lab01Test" name="test01" time="0.0"/>
  <testcase classname="cs.utec.edu.pe.Lab01Test" name="test01" time="0.0"/>
  <testcase classname="cs.utec.edu.pe.Lab01Test" name="test01" time="0.011"/>
  <testcase classname="cs.utec.edu.pe.Lab01Test" name="test01" time="0.011"/>
  <testcase classname="cs.utec.edu.pe.Lab01Test" name="test01" time="0.0"/>
  <testcase classname="cs.utec.edu.pe.Lab01Test" name="test01" time="0.0"/>
  <testcase classname="cs.utec.edu.pe.Lab01Test" name="test01" time="0.0"/>
  <testcase classname="cs.utec.edu.pe.Lab01Test" name="test01" time="0.0"/>
  <testcase classname="cs.utec.edu.pe.Lab01Test" name="test01" time="0.011"/>
  <testcase classname="cs.utec.edu.pe.Lab01Test" name="test01" time="0.0"/>
  <testcase classname="cs.utec.edu.pe.Lab01Test" name="test01" time="0.0"/>
  <testcase classname="cs.utec.edu.pe.Lab01Test" name="test01" time="0.0"/>
  <testcase classname="cs.utec.edu.pe.Lab01Test" name="test01" time="0.012"/>
  <testcase classname="cs.utec.edu.pe.Lab01Test" name="test01" time="0.0"/>
  <testcase classname="cs.utec.edu.pe.Lab01Test" name="test01" time="0.0"/>
  <testcase classname="cs.utec.edu.pe.Lab01Test" name="test01" time="0.012"/>
  <testcase classname="cs.utec.edu.pe.Lab01Test" name="test01" time="0.012"/>
  <testcase classname="cs.utec.edu.pe.Lab01Test" name="test01" time="0.0"/>
  <testcase classname="cs.utec.edu.pe.Lab01Test" name="test01" time="0.001"/>
  <testcase classname="cs.utec.edu.pe.Lab01Test" name="test01" time="0.0"/>
  <testcase classname="cs.utec.edu.pe.Lab01Test" name="test01" time="0.001"/>
  <testcase classname="cs.utec.edu.pe.Lab01Test" name="test01" time="0.0"/>
  <testcase classname="cs.utec.edu.pe.Lab01Test" name="test01" time="0.0"/>
  <testcase classname="cs.utec.edu.pe.Lab01Test" name="test01" time="0.001"/>
  <testcase classname="cs.utec.edu.pe.Lab01Test" name="test01" time="0.001"/>
  <testcase classname="cs.utec.edu.pe.Lab01Test" name="test01" time="0.0"/>
  <testcase classname="cs.utec.edu.pe.Lab01Test" name="test01" time="0.0"/>
  <testcase classname="cs.utec.edu.pe.Lab01Test" name="test01" time="0.001"/>
  <testcase classname="cs.utec.edu.pe.Lab01Test" name="test01" time="0.0"/>
  <testcase classname="cs.utec.edu.pe.Lab01Test" name="test01" time="0.0"/>
  <testcase classname="cs.utec.edu.pe.Lab01Test" name="test01" time="0.0"/>
  <testcase classname="cs.utec.edu.pe.Lab01Test" name="test01" time="0.0"/>
  <testcase classname="cs.utec.edu.pe.Lab01Test" name="test01" time="0.0"/>
  <testcase classname="cs.utec.edu.pe.Lab01Test" name="test01" time="0.0"/>
  <testcase classname="cs.utec.edu.pe.Lab01Test" name="test01" time="0.0"/>
  <testcase classname="cs.utec.edu.pe.Lab01Test" name="test01" time="0.0"/>
  <testcase classname="cs.utec.edu.pe.Lab01Test" name="test01" time="0.0"/>
  <testcase classname="cs.utec.edu.pe.Lab01Test" name="test01" time="0.0"/>
  <testcase classname="cs.utec.edu.pe.Lab01Test" name="test01" time="0.0"/>
  <testcase classname="cs.utec.edu.pe.Lab01Test" name="test01" time="0.001"/>
  <testcase classname="cs.utec.edu.pe.Lab01Test" name="test01" time="0.001"/>
  <testcase classname="cs.utec.edu.pe.Lab01Test" name="test01" time="0.0"/>
  <testcase classname="cs.utec.edu.pe.Lab01Test" name="test01" time="0.001"/>
  <testcase classname="cs.utec.edu.pe.Lab01Test" name="test01" time="0.002"/>
  <testcase classname="cs.utec.edu.pe.Lab01Test" name="test01" time="0.002"/>
  <testcase classname="cs.utec.edu.pe.Lab01Test" name="test01" time="0.0"/>
  <testcase classname="cs.utec.edu.pe.Lab01Test" name="test01" time="0.0"/>
  <testcase classname="cs.utec.edu.pe.Lab01Test" name="test01" time="0.003"/>
  <testcase classname="cs.utec.edu.pe.Lab01Test" name="test01" time="0.003"/>
  <testcase classname="cs.utec.edu.pe.Lab01Test" name="test01" time="0.003"/>
  <testcase classname="cs.utec.edu.pe.Lab01Test" name="test01" time="0.003"/>
  <testcase classname="cs.utec.edu.pe.Lab01Test" name="test01" time="0.0"/>
  <testcase classname="cs.utec.edu.pe.Lab01Test" name="test01" time="0.003"/>
  <testcase classname="cs.utec.edu.pe.Lab01Test" name="test01" time="0.003"/>
  <testcase classname="cs.utec.edu.pe.Lab01Test" name="test01" time="0.0"/>
  <testcase classname="cs.utec.edu.pe.Lab01Test" name="test01" time="0.0"/>
  <testcase classname="cs.utec.edu.pe.Lab01Test" name="test01" time="0.0"/>
  <testcase classname="cs.utec.edu.pe.Lab01Test" name="test01" time="0.0"/>
  <testcase classname="cs.utec.edu.pe.Lab01Test" name="test01" time="0.0"/>
  <testcase classname="cs.utec.edu.pe.Lab01Test" name="test01" time="0.0"/>
  <testcase classname="cs.utec.edu.pe.Lab01Test" name="test01" time="0.0"/>
  <testcase classname="cs.utec.edu.pe.Lab01Test" name="test01" time="0.0"/>
  <testcase classname="cs.utec.edu.pe.Lab01Test" name="test01" time="0.0"/>
  <testcase classname="cs.utec.edu.pe.Lab01Test" name="test01" time="0.0"/>
  <testcase classname="cs.utec.edu.pe.Lab01Test" name="test01" time="0.0"/>
  <testcase classname="cs.utec.edu.pe.Lab01Test" name="test01" time="0.001"/>
  <testcase classname="cs.utec.edu.pe.Lab01Test" name="test01" time="0.001"/>
  <testcase classname="cs.utec.edu.pe.Lab01Test" name="test01" time="0.001"/>
  <testcase classname="cs.utec.edu.pe.Lab01Test" name="test01" time="0.0"/>
  <testcase classname="cs.utec.edu.pe.Lab01Test" name="test01" time="0.004"/>
  <testcase classname="cs.utec.edu.pe.Lab01Test" name="test01" time="0.0"/>
  <testcase classname="cs.utec.edu.pe.Lab01Test" name="test01" time="0.005"/>
  <testcase classname="cs.utec.edu.pe.Lab01Test" name="test01" time="0.005"/>
  <testcase classname="cs.utec.edu.pe.Lab01Test" name="test01" time="0.005"/>
  <testcase classname="cs.utec.edu.pe.Lab01Test" name="test01" time="0.005"/>
  <testcase classname="cs.utec.edu.pe.Lab01Test" name="test01" time="0.005"/>
  <testcase classname="cs.utec.edu.pe.Lab01Test" name="test01" time="0.005"/>
  <testcase classname="cs.utec.edu.pe.Lab01Test" name="test01" time="0.0"/>
  <testcase classname="cs.utec.edu.pe.Lab01Test" name="test01" time="0.0"/>
  <testcase classname="cs.utec.edu.pe.Lab01Test" name="test01" time="0.0"/>
  <testcase classname="cs.utec.edu.pe.Lab01Test" name="test01" time="0.0"/>
  <testcase classname="cs.utec.edu.pe.Lab01Test" name="test01" time="0.0"/>
  <testcase classname="cs.utec.edu.pe.Lab01Test" name="test01" time="0.005"/>
  <testcase classname="cs.utec.edu.pe.Lab01Test" name="test01" time="0.0"/>
  <testcase classname="cs.utec.edu.pe.Lab01Test" name="test01" time="0.005"/>
  <testcase classname="cs.utec.edu.pe.Lab01Test" name="test01" time="0.005"/>
  <testcase classname="cs.utec.edu.pe.Lab01Test" name="test01" time="0.0"/>
  <testcase classname="cs.utec.edu.pe.Lab01Test" name="test01" time="0.0"/>
  <testcase classname="cs.utec.edu.pe.Lab01Test" name="test01" time="0.0"/>
  <testcase classname="cs.utec.edu.pe.Lab01Test" name="test01" time="0.0"/>
  <testcase classname="cs.utec.edu.pe.Lab01Test" name="test01" time="0.006"/>
  <testcase classname="cs.utec.edu.pe.Lab01Test" name="test01" time="0.0"/>
  <testcase classname="cs.utec.edu.pe.Lab01Test" name="test01" time="0.0"/>
  <testcase classname="cs.utec.edu.pe.Lab01Test" name="test01" time="0.006"/>
  <testcase classname="cs.utec.edu.pe.Lab01Test" name="test01" time="0.0"/>
  <testcase classname="cs.utec.edu.pe.Lab01Test" name="test01" time="0.006"/>
  <testcase classname="cs.utec.edu.pe.Lab01Test" name="test01" time="0.0"/>
  <testcase classname="cs.utec.edu.pe.Lab01Test" name="test01" time="0.0"/>
  <testcase classname="cs.utec.edu.pe.Lab01Test" name="test01" time="0.0"/>
  <testcase classname="cs.utec.edu.pe.Lab01Test" name="test01" time="0.0"/>
  <testcase classname="cs.utec.edu.pe.Lab01Test" name="test01" time="0.008"/>
  <testcase classname="cs.utec.edu.pe.Lab01Test" name="test01" time="0.008"/>
  <testcase classname="cs.utec.edu.pe.Lab01Test" name="test01" time="0.0"/>
  <testcase classname="cs.utec.edu.pe.Lab01Test" name="test01" time="0.008"/>
  <testcase classname="cs.utec.edu.pe.Lab01Test" name="test01" time="0.0"/>
  <testcase classname="cs.utec.edu.pe.Lab01Test" name="test01" time="0.0"/>
  <testcase classname="cs.utec.edu.pe.Lab01Test" name="test01" time="0.008"/>
  <testcase classname="cs.utec.edu.pe.Lab01Test" name="test01" time="0.008"/>
  <testcase classname="cs.utec.edu.pe.Lab01Test" name="test01" time="0.0"/>
  <testcase classname="cs.utec.edu.pe.Lab01Test" name="test01" time="0.008"/>
  <testcase classname="cs.utec.edu.pe.Lab01Test" name="test01" time="0.0"/>
  <testcase classname="cs.utec.edu.pe.Lab01Test" name="test01" time="0.009"/>
  <testcase classname="cs.utec.edu.pe.Lab01Test" name="test01" time="0.0"/>
  <testcase classname="cs.utec.edu.pe.Lab01Test" name="test01" time="0.0"/>
  <testcase classname="cs.utec.edu.pe.Lab01Test" name="test01" time="0.0"/>
  <testcase classname="cs.utec.edu.pe.Lab01Test" name="test01" time="0.009"/>
  <testcase classname="cs.utec.edu.pe.Lab01Test" name="test01" time="0.0"/>
  <testcase classname="cs.utec.edu.pe.Lab01Test" name="test01" time="0.0"/>
  <testcase classname="cs.utec.edu.pe.Lab01Test" name="test01" time="0.0"/>
  <testcase classname="cs.utec.edu.pe.Lab01Test" name="test01" time="0.001"/>
  <testcase classname="cs.utec.edu.pe.Lab01Test" name="test01" time="0.0"/>
  <testcase classname="cs.utec.edu.pe.Lab01Test" name="test01" time="0.0"/>
  <testcase classname="cs.utec.edu.pe.Lab01Test" name="test01" time="0.01"/>
  <testcase classname="cs.utec.edu.pe.Lab01Test" name="test01" time="0.0"/>
  <testcase classname="cs.utec.edu.pe.Lab01Test" name="test01" time="0.01"/>
  <testcase classname="cs.utec.edu.pe.Lab01Test" name="test01" time="0.011"/>
  <testcase classname="cs.utec.edu.pe.Lab01Test" name="test01" time="0.0"/>
  <testcase classname="cs.utec.edu.pe.Lab01Test" name="test01" time="0.0"/>
  <testcase classname="cs.utec.edu.pe.Lab01Test" name="test01" time="0.0"/>
  <testcase classname="cs.utec.edu.pe.Lab01Test" name="test01" time="0.0"/>
  <testcase classname="cs.utec.edu.pe.Lab01Test" name="test01" time="0.0"/>
  <testcase classname="cs.utec.edu.pe.Lab01Test" name="test01" time="0.0"/>
  <testcase classname="cs.utec.edu.pe.Lab01Test" name="test01" time="0.0"/>
  <testcase classname="cs.utec.edu.pe.Lab01Test" name="test01" time="0.0"/>
  <testcase classname="cs.utec.edu.pe.Lab01Test" name="test01" time="0.0"/>
  <testcase classname="cs.utec.edu.pe.Lab01Test" name="test01" time="0.0"/>
  <testcase classname="cs.utec.edu.pe.Lab01Test" name="test01" time="0.0"/>
  <testcase classname="cs.utec.edu.pe.Lab01Test" name="test01" time="0.0"/>
  <testcase classname="cs.utec.edu.pe.Lab01Test" name="test01" time="0.001"/>
  <testcase classname="cs.utec.edu.pe.Lab01Test" name="test01" time="0.0"/>
  <testcase classname="cs.utec.edu.pe.Lab01Test" name="test01" time="0.001"/>
  <testcase classname="cs.utec.edu.pe.Lab01Test" name="test01" time="0.001"/>
  <testcase classname="cs.utec.edu.pe.Lab01Test" name="test01" time="0.0"/>
  <testcase classname="cs.utec.edu.pe.Lab01Test" name="test01" time="0.0"/>
  <testcase classname="cs.utec.edu.pe.Lab01Test" name="test01" time="0.002"/>
  <testcase classname="cs.utec.edu.pe.Lab01Test" name="test01" time="0.0"/>
  <testcase classname="cs.utec.edu.pe.Lab01Test" name="test01" time="0.0"/>
  <testcase classname="cs.utec.edu.pe.Lab01Test" name="test01" time="0.0"/>
  <testcase classname="cs.utec.edu.pe.Lab01Test" name="test01" time="0.002"/>
  <testcase classname="cs.utec.edu.pe.Lab01Test" name="test01" time="0.0"/>
  <testcase classname="cs.utec.edu.pe.Lab01Test" name="test01" time="0.002"/>
  <testcase classname="cs.utec.edu.pe.Lab01Test" name="test01" time="0.002"/>
  <testcase classname="cs.utec.edu.pe.Lab01Test" name="test01" time="0.002"/>
  <testcase classname="cs.utec.edu.pe.Lab01Test" name="test01" time="0.0"/>
  <testcase classname="cs.utec.edu.pe.Lab01Test" name="test01" time="0.0"/>
  <testcase classname="cs.utec.edu.pe.Lab01Test" name="test01" time="0.0"/>
  <testcase classname="cs.utec.edu.pe.Lab01Test" name="test01" time="0.0"/>
  <testcase classname="cs.utec.edu.pe.Lab01Test" name="test01" time="0.002"/>
  <testcase classname="cs.utec.edu.pe.Lab01Test" name="test01" time="0.0"/>
  <testcase classname="cs.utec.edu.pe.Lab01Test" name="test01" time="0.002"/>
  <testcase classname="cs.utec.edu.pe.Lab01Test" name="test01" time="0.002"/>
  <testcase classname="cs.utec.edu.pe.Lab01Test" name="test01" time="0.001"/>
  <testcase classname="cs.utec.edu.pe.Lab01Test" name="test01" time="0.0"/>
  <testcase classname="cs.utec.edu.pe.Lab01Test" name="test01" time="0.0"/>
  <testcase classname="cs.utec.edu.pe.Lab01Test" name="test01" time="0.004"/>
  <testcase classname="cs.utec.edu.pe.Lab01Test" name="test01" time="0.0"/>
  <testcase classname="cs.utec.edu.pe.Lab01Test" name="test01" time="0.0"/>
  <testcase classname="cs.utec.edu.pe.Lab01Test" name="test01" time="0.004"/>
  <testcase classname="cs.utec.edu.pe.Lab01Test" name="test01" time="0.0"/>
  <testcase classname="cs.utec.edu.pe.Lab01Test" name="test01" time="0.0"/>
  <testcase classname="cs.utec.edu.pe.Lab01Test" name="test01" time="0.0"/>
  <testcase classname="cs.utec.edu.pe.Lab01Test" name="test01" time="0.0"/>
  <testcase classname="cs.utec.edu.pe.Lab01Test" name="test01" time="0.0"/>
  <testcase classname="cs.utec.edu.pe.Lab01Test" name="test01" time="0.0"/>
  <testcase classname="cs.utec.edu.pe.Lab01Test" name="test01" time="0.0"/>
  <testcase classname="cs.utec.edu.pe.Lab01Test" name="test01" time="0.0"/>
  <testcase classname="cs.utec.edu.pe.Lab01Test" name="test01" time="0.004"/>
  <testcase classname="cs.utec.edu.pe.Lab01Test" name="test01" time="0.0"/>
  <testcase classname="cs.utec.edu.pe.Lab01Test" name="test01" time="0.0"/>
  <testcase classname="cs.utec.edu.pe.Lab01Test" name="test01" time="0.004"/>
  <testcase classname="cs.utec.edu.pe.Lab01Test" name="test01" time="0.0"/>
  <testcase classname="cs.utec.edu.pe.Lab01Test" name="test01" time="0.0"/>
  <testcase classname="cs.utec.edu.pe.Lab01Test" name="test01" time="0.0"/>
  <testcase classname="cs.utec.edu.pe.Lab01Test" name="test01" time="0.0"/>
  <testcase classname="cs.utec.edu.pe.Lab01Test" name="test01" time="0.0"/>
  <testcase classname="cs.utec.edu.pe.Lab01Test" name="test01" time="0.0"/>
  <testcase classname="cs.utec.edu.pe.Lab01Test" name="test01" time="0.005"/>
  <testcase classname="cs.utec.edu.pe.Lab01Test" name="test01" time="0.0"/>
  <testcase classname="cs.utec.edu.pe.Lab01Test" name="test01" time="0.005"/>
  <testcase classname="cs.utec.edu.pe.Lab01Test" name="test01" time="0.0"/>
  <testcase classname="cs.utec.edu.pe.Lab01Test" name="test01" time="0.0"/>
  <testcase classname="cs.utec.edu.pe.Lab01Test" name="test01" time="0.005"/>
  <testcase classname="cs.utec.edu.pe.Lab01Test" name="test01" time="0.005"/>
  <testcase classname="cs.utec.edu.pe.Lab01Test" name="test01" time="0.0"/>
  <testcase classname="cs.utec.edu.pe.Lab01Test" name="test01" time="0.0"/>
  <testcase classname="cs.utec.edu.pe.Lab01Test" name="test01" time="0.0"/>
  <testcase classname="cs.utec.edu.pe.Lab01Test" name="test01" time="0.0"/>
  <testcase classname="cs.utec.edu.pe.Lab01Test" name="test01" time="0.001"/>
  <testcase classname="cs.utec.edu.pe.Lab01Test" name="test01" time="0.0"/>
  <testcase classname="cs.utec.edu.pe.Lab01Test" name="test01" time="0.0"/>
  <testcase classname="cs.utec.edu.pe.Lab01Test" name="test01" time="0.0"/>
  <testcase classname="cs.utec.edu.pe.Lab01Test" name="test01" time="0.0"/>
  <testcase classname="cs.utec.edu.pe.Lab01Test" name="test01" time="0.0"/>
  <testcase classname="cs.utec.edu.pe.Lab01Test" name="test01" time="0.0"/>
  <testcase classname="cs.utec.edu.pe.Lab01Test" name="test01" time="0.0"/>
  <testcase classname="cs.utec.edu.pe.Lab01Test" name="test01" time="0.0"/>
  <testcase classname="cs.utec.edu.pe.Lab01Test" name="test01" time="0.0"/>
  <testcase classname="cs.utec.edu.pe.Lab01Test" name="test01" time="0.0"/>
  <testcase classname="cs.utec.edu.pe.Lab01Test" name="test01" time="0.0"/>
  <testcase classname="cs.utec.edu.pe.Lab01Test" name="test01" time="0.0"/>
  <testcase classname="cs.utec.edu.pe.Lab01Test" name="test01" time="0.0"/>
  <testcase classname="cs.utec.edu.pe.Lab01Test" name="test01" time="0.007"/>
  <testcase classname="cs.utec.edu.pe.Lab01Test" name="test01" time="0.008"/>
  <testcase classname="cs.utec.edu.pe.Lab01Test" name="test01" time="0.0"/>
  <testcase classname="cs.utec.edu.pe.Lab01Test" name="test01" time="0.0"/>
  <testcase classname="cs.utec.edu.pe.Lab01Test" name="test01" time="0.0"/>
  <testcase classname="cs.utec.edu.pe.Lab01Test" name="test01" time="0.008"/>
  <testcase classname="cs.utec.edu.pe.Lab01Test" name="test01" time="0.0"/>
  <testcase classname="cs.utec.edu.pe.Lab01Test" name="test01" time="0.0"/>
  <testcase classname="cs.utec.edu.pe.Lab01Test" name="test01" time="0.001"/>
  <testcase classname="cs.utec.edu.pe.Lab01Test" name="test01" time="0.0"/>
  <testcase classname="cs.utec.edu.pe.Lab01Test" name="test01" time="0.008"/>
  <testcase classname="cs.utec.edu.pe.Lab01Test" name="test01" time="0.0"/>
  <testcase classname="cs.utec.edu.pe.Lab01Test" name="test01" time="0.008"/>
  <testcase classname="cs.utec.edu.pe.Lab01Test" name="test01" time="0.0"/>
  <testcase classname="cs.utec.edu.pe.Lab01Test" name="test01" time="0.008"/>
  <testcase classname="cs.utec.edu.pe.Lab01Test" name="test01" time="0.0"/>
  <testcase classname="cs.utec.edu.pe.Lab01Test" name="test01" time="0.0"/>
  <testcase classname="cs.utec.edu.pe.Lab01Test" name="test01" time="0.008"/>
  <testcase classname="cs.utec.edu.pe.Lab01Test" name="test01" time="0.0"/>
  <testcase classname="cs.utec.edu.pe.Lab01Test" name="test01" time="0.0"/>
  <testcase classname="cs.utec.edu.pe.Lab01Test" name="test01" time="0.002"/>
  <testcase classname="cs.utec.edu.pe.Lab01Test" name="test01" time="0.0"/>
  <testcase classname="cs.utec.edu.pe.Lab01Test" name="test01" time="0.009"/>
  <testcase classname="cs.utec.edu.pe.Lab01Test" name="test01" time="0.0"/>
  <testcase classname="cs.utec.edu.pe.Lab01Test" name="test01" time="0.0"/>
  <testcase classname="cs.utec.edu.pe.Lab01Test" name="test01" time="0.0"/>
  <testcase classname="cs.utec.edu.pe.Lab01Test" name="test01" time="0.0"/>
  <testcase classname="cs.utec.edu.pe.Lab01Test" name="test01" time="0.0"/>
  <testcase classname="cs.utec.edu.pe.Lab01Test" name="test01" time="0.0"/>
  <testcase classname="cs.utec.edu.pe.Lab01Test" name="test01" time="0.0"/>
  <testcase classname="cs.utec.edu.pe.Lab01Test" name="test01" time="0.0"/>
  <testcase classname="cs.utec.edu.pe.Lab01Test" name="test01" time="0.001"/>
  <testcase classname="cs.utec.edu.pe.Lab01Test" name="test01" time="0.0"/>
  <testcase classname="cs.utec.edu.pe.Lab01Test" name="test01" time="0.0"/>
  <testcase classname="cs.utec.edu.pe.Lab01Test" name="test01" time="0.011"/>
  <testcase classname="cs.utec.edu.pe.Lab01Test" name="test01" time="0.0"/>
  <testcase classname="cs.utec.edu.pe.Lab01Test" name="test01" time="0.0"/>
  <testcase classname="cs.utec.edu.pe.Lab01Test" name="test01" time="0.0"/>
  <testcase classname="cs.utec.edu.pe.Lab01Test" name="test01" time="0.0"/>
  <testcase classname="cs.utec.edu.pe.Lab01Test" name="test01" time="0.0"/>
  <testcase classname="cs.utec.edu.pe.Lab01Test" name="test01" time="0.0"/>
  <testcase classname="cs.utec.edu.pe.Lab01Test" name="test01" time="0.0"/>
  <testcase classname="cs.utec.edu.pe.Lab01Test" name="test01" time="0.0"/>
  <testcase classname="cs.utec.edu.pe.Lab01Test" name="test01" time="0.011"/>
  <testcase classname="cs.utec.edu.pe.Lab01Test" name="test01" time="0.011"/>
  <testcase classname="cs.utec.edu.pe.Lab01Test" name="test01" time="0.0"/>
  <testcase classname="cs.utec.edu.pe.Lab01Test" name="test01" time="0.012"/>
  <testcase classname="cs.utec.edu.pe.Lab01Test" name="test01" time="0.0"/>
  <testcase classname="cs.utec.edu.pe.Lab01Test" name="test01" time="0.0"/>
  <testcase classname="cs.utec.edu.pe.Lab01Test" name="test01" time="0.0"/>
  <testcase classname="cs.utec.edu.pe.Lab01Test" name="test01" time="0.0"/>
  <testcase classname="cs.utec.edu.pe.Lab01Test" name="test01" time="0.0"/>
  <testcase classname="cs.utec.edu.pe.Lab01Test" name="test01" time="0.0"/>
  <testcase classname="cs.utec.edu.pe.Lab01Test" name="test01" time="0.0"/>
  <testcase classname="cs.utec.edu.pe.Lab01Test" name="test01" time="0.0"/>
  <testcase classname="cs.utec.edu.pe.Lab01Test" name="test01" time="0.0"/>
  <testcase classname="cs.utec.edu.pe.Lab01Test" name="test01" time="0.0"/>
  <testcase classname="cs.utec.edu.pe.Lab01Test" name="test01" time="0.0"/>
  <testcase classname="cs.utec.edu.pe.Lab01Test" name="test01" time="0.0"/>
  <testcase classname="cs.utec.edu.pe.Lab01Test" name="test01" time="0.0"/>
  <testcase classname="cs.utec.edu.pe.Lab01Test" name="test01" time="0.0"/>
  <testcase classname="cs.utec.edu.pe.Lab01Test" name="test01" time="0.0"/>
  <testcase classname="cs.utec.edu.pe.Lab01Test" name="test01" time="0.0"/>
  <testcase classname="cs.utec.edu.pe.Lab01Test" name="test01" time="0.0"/>
  <testcase classname="cs.utec.edu.pe.Lab01Test" name="test01" time="0.0"/>
  <testcase classname="cs.utec.edu.pe.Lab01Test" name="test01" time="0.0"/>
  <testcase classname="cs.utec.edu.pe.Lab01Test" name="test01" time="0.001"/>
  <testcase classname="cs.utec.edu.pe.Lab01Test" name="test01" time="0.0"/>
  <testcase classname="cs.utec.edu.pe.Lab01Test" name="test01" time="0.0"/>
  <testcase classname="cs.utec.edu.pe.Lab01Test" name="test01" time="0.001"/>
  <testcase classname="cs.utec.edu.pe.Lab01Test" name="test01" time="0.0"/>
  <testcase classname="cs.utec.edu.pe.Lab01Test" name="test01" time="0.001"/>
  <testcase classname="cs.utec.edu.pe.Lab01Test" name="test01" time="0.0"/>
  <testcase classname="cs.utec.edu.pe.Lab01Test" name="test01" time="0.002"/>
  <testcase classname="cs.utec.edu.pe.Lab01Test" name="test01" time="0.002"/>
  <testcase classname="cs.utec.edu.pe.Lab01Test" name="test01" time="0.0"/>
  <testcase classname="cs.utec.edu.pe.Lab01Test" name="test01" time="0.002"/>
  <testcase classname="cs.utec.edu.pe.Lab01Test" name="test01" time="0.0"/>
  <testcase classname="cs.utec.edu.pe.Lab01Test" name="test01" time="0.0"/>
  <testcase classname="cs.utec.edu.pe.Lab01Test" name="test01" time="0.002"/>
  <testcase classname="cs.utec.edu.pe.Lab01Test" name="test01" time="0.0"/>
  <testcase classname="cs.utec.edu.pe.Lab01Test" name="test01" time="0.003"/>
  <testcase classname="cs.utec.edu.pe.Lab01Test" name="test01" time="0.002"/>
  <testcase classname="cs.utec.edu.pe.Lab01Test" name="test01" time="0.001"/>
  <testcase classname="cs.utec.edu.pe.Lab01Test" name="test01" time="0.004"/>
  <testcase classname="cs.utec.edu.pe.Lab01Test" name="test01" time="0.0"/>
  <testcase classname="cs.utec.edu.pe.Lab01Test" name="test01" time="0.005"/>
  <testcase classname="cs.utec.edu.pe.Lab01Test" name="test01" time="0.0"/>
  <testcase classname="cs.utec.edu.pe.Lab01Test" name="test01" time="0.005"/>
  <testcase classname="cs.utec.edu.pe.Lab01Test" name="test01" time="0.005"/>
  <testcase classname="cs.utec.edu.pe.Lab01Test" name="test01" time="0.0"/>
  <testcase classname="cs.utec.edu.pe.Lab01Test" name="test01" time="0.005"/>
  <testcase classname="cs.utec.edu.pe.Lab01Test" name="test01" time="0.006"/>
  <testcase classname="cs.utec.edu.pe.Lab01Test" name="test01" time="0.0"/>
  <testcase classname="cs.utec.edu.pe.Lab01Test" name="test01" time="0.0"/>
  <testcase classname="cs.utec.edu.pe.Lab01Test" name="test01" time="0.006"/>
  <testcase classname="cs.utec.edu.pe.Lab01Test" name="test01" time="0.006"/>
  <testcase classname="cs.utec.edu.pe.Lab01Test" name="test01" time="0.006"/>
  <testcase classname="cs.utec.edu.pe.Lab01Test" name="test01" time="0.0"/>
  <testcase classname="cs.utec.edu.pe.Lab01Test" name="test01" time="0.0"/>
  <testcase classname="cs.utec.edu.pe.Lab01Test" name="test01" time="0.006"/>
  <testcase classname="cs.utec.edu.pe.Lab01Test" name="test01" time="0.0"/>
  <testcase classname="cs.utec.edu.pe.Lab01Test" name="test01" time="0.0"/>
  <testcase classname="cs.utec.edu.pe.Lab01Test" name="test01" time="0.006"/>
  <testcase classname="cs.utec.edu.pe.Lab01Test" name="test01" time="0.006"/>
  <testcase classname="cs.utec.edu.pe.Lab01Test" name="test01" time="0.006"/>
  <testcase classname="cs.utec.edu.pe.Lab01Test" name="test01" time="0.0"/>
  <testcase classname="cs.utec.edu.pe.Lab01Test" name="test01" time="0.006"/>
  <testcase classname="cs.utec.edu.pe.Lab01Test" name="test01" time="0.0"/>
  <testcase classname="cs.utec.edu.pe.Lab01Test" name="test01" time="0.0"/>
  <testcase classname="cs.utec.edu.pe.Lab01Test" name="test01" time="0.006"/>
  <testcase classname="cs.utec.edu.pe.Lab01Test" name="test01" time="0.0"/>
  <testcase classname="cs.utec.edu.pe.Lab01Test" name="test01" time="0.0"/>
  <testcase classname="cs.utec.edu.pe.Lab01Test" name="test01" time="0.006"/>
  <testcase classname="cs.utec.edu.pe.Lab01Test" name="test01" time="0.0"/>
  <testcase classname="cs.utec.edu.pe.Lab01Test" name="test01" time="0.0"/>
  <testcase classname="cs.utec.edu.pe.Lab01Test" name="test01" time="0.0"/>
  <testcase classname="cs.utec.edu.pe.Lab01Test" name="test01" time="0.007"/>
  <testcase classname="cs.utec.edu.pe.Lab01Test" name="test01" time="0.0"/>
  <testcase classname="cs.utec.edu.pe.Lab01Test" name="test01" time="0.008"/>
  <testcase classname="cs.utec.edu.pe.Lab01Test" name="test01" time="0.0"/>
  <testcase classname="cs.utec.edu.pe.Lab01Test" name="test01" time="0.0"/>
  <testcase classname="cs.utec.edu.pe.Lab01Test" name="test01" time="0.008"/>
  <testcase classname="cs.utec.edu.pe.Lab01Test" name="test01" time="0.0"/>
  <testcase classname="cs.utec.edu.pe.Lab01Test" name="test01" time="0.008"/>
  <testcase classname="cs.utec.edu.pe.Lab01Test" name="test01" time="0.0"/>
  <testcase classname="cs.utec.edu.pe.Lab01Test" name="test01" time="0.008"/>
  <testcase classname="cs.utec.edu.pe.Lab01Test" name="test01" time="0.0"/>
  <testcase classname="cs.utec.edu.pe.Lab01Test" name="test01" time="0.0"/>
  <testcase classname="cs.utec.edu.pe.Lab01Test" name="test01" time="0.0"/>
  <testcase classname="cs.utec.edu.pe.Lab01Test" name="test01" time="0.0"/>
  <testcase classname="cs.utec.edu.pe.Lab01Test" name="test01" time="0.0"/>
  <testcase classname="cs.utec.edu.pe.Lab01Test" name="test01" time="0.0"/>
  <testcase classname="cs.utec.edu.pe.Lab01Test" name="test01" time="0.008"/>
  <testcase classname="cs.utec.edu.pe.Lab01Test" name="test01" time="0.009"/>
  <testcase classname="cs.utec.edu.pe.Lab01Test" name="test01" time="0.009"/>
  <testcase classname="cs.utec.edu.pe.Lab01Test" name="test01" time="0.009"/>
  <testcase classname="cs.utec.edu.pe.Lab01Test" name="test01" time="0.0"/>
  <testcase classname="cs.utec.edu.pe.Lab01Test" name="test01" time="0.0"/>
  <testcase classname="cs.utec.edu.pe.Lab01Test" name="test01" time="0.0"/>
  <testcase classname="cs.utec.edu.pe.Lab01Test" name="test01" time="0.0"/>
  <testcase classname="cs.utec.edu.pe.Lab01Test" name="test01" time="0.0"/>
  <testcase classname="cs.utec.edu.pe.Lab01Test" name="test01" time="0.0"/>
  <testcase classname="cs.utec.edu.pe.Lab01Test" name="test01" time="0.001"/>
  <testcase classname="cs.utec.edu.pe.Lab01Test" name="test01" time="0.001"/>
  <testcase classname="cs.utec.edu.pe.Lab01Test" name="test01" time="0.001"/>
  <testcase classname="cs.utec.edu.pe.Lab01Test" name="test01" time="0.0"/>
  <testcase classname="cs.utec.edu.pe.Lab01Test" name="test01" time="0.0"/>
  <testcase classname="cs.utec.edu.pe.Lab01Test" name="test01" time="0.0"/>
  <testcase classname="cs.utec.edu.pe.Lab01Test" name="test01" time="0.0"/>
  <testcase classname="cs.utec.edu.pe.Lab01Test" name="test01" time="0.0"/>
  <testcase classname="cs.utec.edu.pe.Lab01Test" name="test01" time="0.001"/>
  <testcase classname="cs.utec.edu.pe.Lab01Test" name="test01" time="0.001"/>
  <testcase classname="cs.utec.edu.pe.Lab01Test" name="test01" time="0.0"/>
  <testcase classname="cs.utec.edu.pe.Lab01Test" name="test01" time="0.0"/>
  <testcase classname="cs.utec.edu.pe.Lab01Test" name="test01" time="0.002"/>
  <testcase classname="cs.utec.edu.pe.Lab01Test" name="test01" time="0.002"/>
  <testcase classname="cs.utec.edu.pe.Lab01Test" name="test01" time="0.002"/>
  <testcase classname="cs.utec.edu.pe.Lab01Test" name="test01" time="0.0"/>
  <testcase classname="cs.utec.edu.pe.Lab01Test" name="test01" time="0.0"/>
  <testcase classname="cs.utec.edu.pe.Lab01Test" name="test01" time="0.002"/>
  <testcase classname="cs.utec.edu.pe.Lab01Test" name="test01" time="0.0"/>
  <testcase classname="cs.utec.edu.pe.Lab01Test" name="test01" time="0.0"/>
  <testcase classname="cs.utec.edu.pe.Lab01Test" name="test01" time="0.002"/>
  <testcase classname="cs.utec.edu.pe.Lab01Test" name="test01" time="0.0"/>
  <testcase classname="cs.utec.edu.pe.Lab01Test" name="test01" time="0.001"/>
  <testcase classname="cs.utec.edu.pe.Lab01Test" name="test01" time="0.0"/>
  <testcase classname="cs.utec.edu.pe.Lab01Test" name="test01" time="0.0"/>
  <testcase classname="cs.utec.edu.pe.Lab01Test" name="test01" time="0.0"/>
  <testcase classname="cs.utec.edu.pe.Lab01Test" name="test01" time="0.003"/>
  <testcase classname="cs.utec.edu.pe.Lab01Test" name="test01" time="0.0"/>
  <testcase classname="cs.utec.edu.pe.Lab01Test" name="test01" time="0.0"/>
  <testcase classname="cs.utec.edu.pe.Lab01Test" name="test01" time="0.0"/>
  <testcase classname="cs.utec.edu.pe.Lab01Test" name="test01" time="0.0"/>
  <testcase classname="cs.utec.edu.pe.Lab01Test" name="test01" time="0.0"/>
  <testcase classname="cs.utec.edu.pe.Lab01Test" name="test01" time="0.0"/>
  <testcase classname="cs.utec.edu.pe.Lab01Test" name="test01" time="0.0"/>
  <testcase classname="cs.utec.edu.pe.Lab01Test" name="test01" time="0.0"/>
  <testcase classname="cs.utec.edu.pe.Lab01Test" name="test01" time="0.003"/>
  <testcase classname="cs.utec.edu.pe.Lab01Test" name="test01" time="0.0"/>
  <testcase classname="cs.utec.edu.pe.Lab01Test" name="test01" time="0.003"/>
  <testcase classname="cs.utec.edu.pe.Lab01Test" name="test01" time="0.0"/>
  <testcase classname="cs.utec.edu.pe.Lab01Test" name="test01" time="0.003"/>
  <testcase classname="cs.utec.edu.pe.Lab01Test" name="test01" time="0.003"/>
  <testcase classname="cs.utec.edu.pe.Lab01Test" name="test01" time="0.003"/>
  <testcase classname="cs.utec.edu.pe.Lab01Test" name="test01" time="0.003"/>
  <testcase classname="cs.utec.edu.pe.Lab01Test" name="test01" time="0.003"/>
  <testcase classname="cs.utec.edu.pe.Lab01Test" name="test01" time="0.004"/>
  <testcase classname="cs.utec.edu.pe.Lab01Test" name="test01" time="0.001"/>
  <testcase classname="cs.utec.edu.pe.Lab01Test" name="test01" time="0.0"/>
  <testcase classname="cs.utec.edu.pe.Lab01Test" name="test01" time="0.005"/>
  <testcase classname="cs.utec.edu.pe.Lab01Test" name="test01" time="0.005"/>
  <testcase classname="cs.utec.edu.pe.Lab01Test" name="test01" time="0.005"/>
  <testcase classname="cs.utec.edu.pe.Lab01Test" name="test01" time="0.005"/>
  <testcase classname="cs.utec.edu.pe.Lab01Test" name="test01" time="0.005"/>
  <testcase classname="cs.utec.edu.pe.Lab01Test" name="test01" time="0.0"/>
  <testcase classname="cs.utec.edu.pe.Lab01Test" name="test01" time="0.005"/>
  <testcase classname="cs.utec.edu.pe.Lab01Test" name="test01" time="0.005"/>
  <testcase classname="cs.utec.edu.pe.Lab01Test" name="test01" time="0.005"/>
  <testcase classname="cs.utec.edu.pe.Lab01Test" name="test01" time="0.005"/>
  <testcase classname="cs.utec.edu.pe.Lab01Test" name="test01" time="0.0"/>
  <testcase classname="cs.utec.edu.pe.Lab01Test" name="test01" time="0.005"/>
  <testcase classname="cs.utec.edu.pe.Lab01Test" name="test01" time="0.0"/>
  <testcase classname="cs.utec.edu.pe.Lab01Test" name="test01" time="0.0"/>
  <testcase classname="cs.utec.edu.pe.Lab01Test" name="test01" time="0.0"/>
  <testcase classname="cs.utec.edu.pe.Lab01Test" name="test01" time="0.0"/>
  <testcase classname="cs.utec.edu.pe.Lab01Test" name="test01" time="0.0"/>
  <testcase classname="cs.utec.edu.pe.Lab01Test" name="test01" time="0.005"/>
  <testcase classname="cs.utec.edu.pe.Lab01Test" name="test01" time="0.005"/>
  <testcase classname="cs.utec.edu.pe.Lab01Test" name="test01" time="0.005"/>
  <testcase classname="cs.utec.edu.pe.Lab01Test" name="test01" time="0.0"/>
  <testcase classname="cs.utec.edu.pe.Lab01Test" name="test01" time="0.005"/>
  <testcase classname="cs.utec.edu.pe.Lab01Test" name="test01" time="0.0"/>
  <testcase classname="cs.utec.edu.pe.Lab01Test" name="test01" time="0.0"/>
  <testcase classname="cs.utec.edu.pe.Lab01Test" name="test01" time="0.0"/>
  <testcase classname="cs.utec.edu.pe.Lab01Test" name="test01" time="0.0"/>
  <testcase classname="cs.utec.edu.pe.Lab01Test" name="test01" time="0.001"/>
  <testcase classname="cs.utec.edu.pe.Lab01Test" name="test01" time="0.001"/>
  <testcase classname="cs.utec.edu.pe.Lab01Test" name="test01" time="0.001"/>
  <testcase classname="cs.utec.edu.pe.Lab01Test" name="test01" time="0.001"/>
  <testcase classname="cs.utec.edu.pe.Lab01Test" name="test01" time="0.001"/>
  <testcase classname="cs.utec.edu.pe.Lab01Test" name="test01" time="0.001"/>
  <testcase classname="cs.utec.edu.pe.Lab01Test" name="test01" time="0.001"/>
  <testcase classname="cs.utec.edu.pe.Lab01Test" name="test01" time="0.002"/>
  <testcase classname="cs.utec.edu.pe.Lab01Test" name="test01" time="0.002"/>
  <testcase classname="cs.utec.edu.pe.Lab01Test" name="test01" time="0.002"/>
  <testcase classname="cs.utec.edu.pe.Lab01Test" name="test01" time="0.002"/>
  <testcase classname="cs.utec.edu.pe.Lab01Test" name="test01" time="0.002"/>
  <testcase classname="cs.utec.edu.pe.Lab01Test" name="test01" time="0.002"/>
  <testcase classname="cs.utec.edu.pe.Lab01Test" name="test01" time="0.002"/>
  <testcase classname="cs.utec.edu.pe.Lab01Test" name="test01" time="0.002"/>
  <testcase classname="cs.utec.edu.pe.Lab01Test" name="test01" time="0.002"/>
  <testcase classname="cs.utec.edu.pe.Lab01Test" name="test01" time="0.002"/>
  <testcase classname="cs.utec.edu.pe.Lab01Test" name="test01" time="0.003"/>
  <testcase classname="cs.utec.edu.pe.Lab01Test" name="test01" time="0.003"/>
  <testcase classname="cs.utec.edu.pe.Lab01Test" name="test01" time="0.003"/>
  <testcase classname="cs.utec.edu.pe.Lab01Test" name="test01" time="0.003"/>
  <testcase classname="cs.utec.edu.pe.Lab01Test" name="test01" time="0.003"/>
  <testcase classname="cs.utec.edu.pe.Lab01Test" name="test01" time="0.003"/>
  <testcase classname="cs.utec.edu.pe.Lab01Test" name="test01" time="0.003"/>
  <testcase classname="cs.utec.edu.pe.Lab01Test" name="test01" time="0.003"/>
  <testcase classname="cs.utec.edu.pe.Lab01Test" name="test01" time="0.003"/>
  <testcase classname="cs.utec.edu.pe.Lab01Test" name="test01" time="0.003"/>
  <testcase classname="cs.utec.edu.pe.Lab01Test" name="test01" time="0.003"/>
  <testcase classname="cs.utec.edu.pe.Lab01Test" name="test01" time="0.003"/>
  <testcase classname="cs.utec.edu.pe.Lab01Test" name="test01" time="0.003"/>
  <testcase classname="cs.utec.edu.pe.Lab01Test" name="test01" time="0.004"/>
  <testcase classname="cs.utec.edu.pe.Lab01Test" name="test01" time="0.004"/>
  <testcase classname="cs.utec.edu.pe.Lab01Test" name="test01" time="0.004"/>
  <testcase classname="cs.utec.edu.pe.Lab01Test" name="test01" time="0.004"/>
  <testcase classname="cs.utec.edu.pe.Lab01Test" name="test01" time="0.004"/>
  <testcase classname="cs.utec.edu.pe.Lab01Test" name="test01" time="0.005"/>
  <testcase classname="cs.utec.edu.pe.Lab01Test" name="test01" time="0.005"/>
  <testcase classname="cs.utec.edu.pe.Lab01Test" name="test01" time="0.005"/>
  <testcase classname="cs.utec.edu.pe.Lab01Test" name="test02" time="0.0"/>
  <testcase classname="cs.utec.edu.pe.Lab01Test" name="test03" time="0.0"/>
</testsuite> <!-- Surefire test -->
