<?xml version="1.0" encoding="UTF-8"?>
<testng-results ignored="0" total="1002" passed="1002" failed="0" skipped="0">
  <reporter-output>
  </reporter-output>
  <suite started-at="2021-05-08T09:27:49 PET" name="Surefire suite" finished-at="2021-05-08T09:27:49 PET" duration-ms="145">
    <groups>
    </groups>
    <test started-at="2021-05-08T09:27:49 PET" name="Surefire test" finished-at="2021-05-08T09:27:49 PET" duration-ms="145">
      <class name="cs.utec.edu.pe.Lab01Test">
        <test-method signature="test01()[pri:0, instance:cs.utec.edu.pe.Lab01Test@7acfb656]" started-at="2021-05-08T09:27:49 PET" name="test01" finished-at="2021-05-08T09:27:49 PET" duration-ms="23" status="PASS">
          <reporter-output>
          </reporter-output>
        </test-method> <!-- test01 -->
        <test-method signature="test01()[pri:0, instance:cs.utec.edu.pe.Lab01Test@7acfb656]" started-at="2021-05-08T09:27:49 PET" name="test01" finished-at="2021-05-08T09:27:49 PET" duration-ms="22" status="PASS">
          <reporter-output>
          </reporter-output>
        </test-method> <!-- test01 -->
        <test-method signature="test01()[pri:0, instance:cs.utec.edu.pe.Lab01Test@7acfb656]" started-at="2021-05-08T09:27:49 PET" name="test01" finished-at="2021-05-08T09:27:49 PET" duration-ms="23" status="PASS">
          <reporter-output>
          </reporter-output>
        </test-method> <!-- test01 -->
        <test-method signature="test01()[pri:0, instance:cs.utec.edu.pe.Lab01Test@7acfb656]" started-at="2021-05-08T09:27:49 PET" name="test01" finished-at="2021-05-08T09:27:49 PET" duration-ms="23" status="PASS">
          <reporter-output>
          </reporter-output>
        </test-method> <!-- test01 -->
        <test-method signature="test01()[pri:0, instance:cs.utec.edu.pe.Lab01Test@7acfb656]" started-at="2021-05-08T09:27:49 PET" name="test01" finished-at="2021-05-08T09:27:49 PET" duration-ms="23" status="PASS">
          <reporter-output>
          </reporter-output>
        </test-method> <!-- test01 -->
        <test-method signature="test01()[pri:0, instance:cs.utec.edu.pe.Lab01Test@7acfb656]" started-at="2021-05-08T09:27:49 PET" name="test01" finished-at="2021-05-08T09:27:49 PET" duration-ms="23" status="PASS">
          <reporter-output>
          </reporter-output>
        </test-method> <!-- test01 -->
        <test-method signature="test01()[pri:0, instance:cs.utec.edu.pe.Lab01Test@7acfb656]" started-at="2021-05-08T09:27:49 PET" name="test01" finished-at="2021-05-08T09:27:49 PET" duration-ms="22" status="PASS">
          <reporter-output>
          </reporter-output>
        </test-method> <!-- test01 -->
        <test-method signature="test01()[pri:0, instance:cs.utec.edu.pe.Lab01Test@7acfb656]" started-at="2021-05-08T09:27:49 PET" name="test01" finished-at="2021-05-08T09:27:49 PET" duration-ms="21" status="PASS">
          <reporter-output>
          </reporter-output>
        </test-method> <!-- test01 -->
        <test-method signature="test01()[pri:0, instance:cs.utec.edu.pe.Lab01Test@7acfb656]" started-at="2021-05-08T09:27:49 PET" name="test01" finished-at="2021-05-08T09:27:49 PET" duration-ms="22" status="PASS">
          <reporter-output>
          </reporter-output>
        </test-method> <!-- test01 -->
        <test-method signature="test01()[pri:0, instance:cs.utec.edu.pe.Lab01Test@7acfb656]" started-at="2021-05-08T09:27:49 PET" name="test01" finished-at="2021-05-08T09:27:49 PET" duration-ms="22" status="PASS">
          <reporter-output>
          </reporter-output>
        </test-method> <!-- test01 -->
        <test-method signature="test01()[pri:0, instance:cs.utec.edu.pe.Lab01Test@7acfb656]" started-at="2021-05-08T09:27:49 PET" name="test01" finished-at="2021-05-08T09:27:49 PET" duration-ms="22" status="PASS">
          <reporter-output>
          </reporter-output>
        </test-method> <!-- test01 -->
        <test-method signature="test01()[pri:0, instance:cs.utec.edu.pe.Lab01Test@7acfb656]" started-at="2021-05-08T09:27:49 PET" name="test01" finished-at="2021-05-08T09:27:49 PET" duration-ms="21" status="PASS">
          <reporter-output>
          </reporter-output>
        </test-method> <!-- test01 -->
        <test-method signature="test01()[pri:0, instance:cs.utec.edu.pe.Lab01Test@7acfb656]" started-at="2021-05-08T09:27:49 PET" name="test01" finished-at="2021-05-08T09:27:49 PET" duration-ms="22" status="PASS">
          <reporter-output>
          </reporter-output>
        </test-method> <!-- test01 -->
        <test-method signature="test01()[pri:0, instance:cs.utec.edu.pe.Lab01Test@7acfb656]" started-at="2021-05-08T09:27:49 PET" name="test01" finished-at="2021-05-08T09:27:49 PET" duration-ms="22" status="PASS">
          <reporter-output>
          </reporter-output>
        </test-method> <!-- test01 -->
        <test-method signature="test01()[pri:0, instance:cs.utec.edu.pe.Lab01Test@7acfb656]" started-at="2021-05-08T09:27:49 PET" name="test01" finished-at="2021-05-08T09:27:49 PET" duration-ms="22" status="PASS">
          <reporter-output>
          </reporter-output>
        </test-method> <!-- test01 -->
        <test-method signature="test01()[pri:0, instance:cs.utec.edu.pe.Lab01Test@7acfb656]" started-at="2021-05-08T09:27:49 PET" name="test01" finished-at="2021-05-08T09:27:49 PET" duration-ms="22" status="PASS">
          <reporter-output>
          </reporter-output>
        </test-method> <!-- test01 -->
        <test-method signature="test01()[pri:0, instance:cs.utec.edu.pe.Lab01Test@7acfb656]" started-at="2021-05-08T09:27:49 PET" name="test01" finished-at="2021-05-08T09:27:49 PET" duration-ms="22" status="PASS">
          <reporter-output>
          </reporter-output>
        </test-method> <!-- test01 -->
        <test-method signature="test01()[pri:0, instance:cs.utec.edu.pe.Lab01Test@7acfb656]" started-at="2021-05-08T09:27:49 PET" name="test01" finished-at="2021-05-08T09:27:49 PET" duration-ms="22" status="PASS">
          <reporter-output>
          </reporter-output>
        </test-method> <!-- test01 -->
        <test-method signature="test01()[pri:0, instance:cs.utec.edu.pe.Lab01Test@7acfb656]" started-at="2021-05-08T09:27:49 PET" name="test01" finished-at="2021-05-08T09:27:49 PET" duration-ms="22" status="PASS">
          <reporter-output>
          </reporter-output>
        </test-method> <!-- test01 -->
        <test-method signature="test01()[pri:0, instance:cs.utec.edu.pe.Lab01Test@7acfb656]" started-at="2021-05-08T09:27:49 PET" name="test01" finished-at="2021-05-08T09:27:49 PET" duration-ms="22" status="PASS">
          <reporter-output>
          </reporter-output>
        </test-method> <!-- test01 -->
        <test-method signature="test01()[pri:0, instance:cs.utec.edu.pe.Lab01Test@7acfb656]" started-at="2021-05-08T09:27:49 PET" name="test01" finished-at="2021-05-08T09:27:49 PET" duration-ms="21" status="PASS">
          <reporter-output>
          </reporter-output>
        </test-method> <!-- test01 -->
        <test-method signature="test01()[pri:0, instance:cs.utec.edu.pe.Lab01Test@7acfb656]" started-at="2021-05-08T09:27:49 PET" name="test01" finished-at="2021-05-08T09:27:49 PET" duration-ms="22" status="PASS">
          <reporter-output>
          </reporter-output>
        </test-method> <!-- test01 -->
        <test-method signature="test01()[pri:0, instance:cs.utec.edu.pe.Lab01Test@7acfb656]" started-at="2021-05-08T09:27:49 PET" name="test01" finished-at="2021-05-08T09:27:49 PET" duration-ms="22" status="PASS">
          <reporter-output>
          </reporter-output>
        </test-method> <!-- test01 -->
        <test-method signature="test01()[pri:0, instance:cs.utec.edu.pe.Lab01Test@7acfb656]" started-at="2021-05-08T09:27:49 PET" name="test01" finished-at="2021-05-08T09:27:49 PET" duration-ms="22" status="PASS">
          <reporter-output>
          </reporter-output>
        </test-method> <!-- test01 -->
        <test-method signature="test01()[pri:0, instance:cs.utec.edu.pe.Lab01Test@7acfb656]" started-at="2021-05-08T09:27:49 PET" name="test01" finished-at="2021-05-08T09:27:49 PET" duration-ms="22" status="PASS">
          <reporter-output>
          </reporter-output>
        </test-method> <!-- test01 -->
        <test-method signature="test01()[pri:0, instance:cs.utec.edu.pe.Lab01Test@7acfb656]" started-at="2021-05-08T09:27:49 PET" name="test01" finished-at="2021-05-08T09:27:49 PET" duration-ms="22" status="PASS">
          <reporter-output>
          </reporter-output>
        </test-method> <!-- test01 -->
        <test-method signature="test01()[pri:0, instance:cs.utec.edu.pe.Lab01Test@7acfb656]" started-at="2021-05-08T09:27:49 PET" name="test01" finished-at="2021-05-08T09:27:49 PET" duration-ms="22" status="PASS">
          <reporter-output>
          </reporter-output>
        </test-method> <!-- test01 -->
        <test-method signature="test01()[pri:0, instance:cs.utec.edu.pe.Lab01Test@7acfb656]" started-at="2021-05-08T09:27:49 PET" name="test01" finished-at="2021-05-08T09:27:49 PET" duration-ms="21" status="PASS">
          <reporter-output>
          </reporter-output>
        </test-method> <!-- test01 -->
        <test-method signature="test01()[pri:0, instance:cs.utec.edu.pe.Lab01Test@7acfb656]" started-at="2021-05-08T09:27:49 PET" name="test01" finished-at="2021-05-08T09:27:49 PET" duration-ms="22" status="PASS">
          <reporter-output>
          </reporter-output>
        </test-method> <!-- test01 -->
        <test-method signature="test01()[pri:0, instance:cs.utec.edu.pe.Lab01Test@7acfb656]" started-at="2021-05-08T09:27:49 PET" name="test01" finished-at="2021-05-08T09:27:49 PET" duration-ms="22" status="PASS">
          <reporter-output>
          </reporter-output>
        </test-method> <!-- test01 -->
        <test-method signature="test01()[pri:0, instance:cs.utec.edu.pe.Lab01Test@7acfb656]" started-at="2021-05-08T09:27:49 PET" name="test01" finished-at="2021-05-08T09:27:49 PET" duration-ms="22" status="PASS">
          <reporter-output>
          </reporter-output>
        </test-method> <!-- test01 -->
        <test-method signature="test01()[pri:0, instance:cs.utec.edu.pe.Lab01Test@7acfb656]" started-at="2021-05-08T09:27:49 PET" name="test01" finished-at="2021-05-08T09:27:49 PET" duration-ms="21" status="PASS">
          <reporter-output>
          </reporter-output>
        </test-method> <!-- test01 -->
        <test-method signature="test01()[pri:0, instance:cs.utec.edu.pe.Lab01Test@7acfb656]" started-at="2021-05-08T09:27:49 PET" name="test01" finished-at="2021-05-08T09:27:49 PET" duration-ms="22" status="PASS">
          <reporter-output>
          </reporter-output>
        </test-method> <!-- test01 -->
        <test-method signature="test01()[pri:0, instance:cs.utec.edu.pe.Lab01Test@7acfb656]" started-at="2021-05-08T09:27:49 PET" name="test01" finished-at="2021-05-08T09:27:49 PET" duration-ms="21" status="PASS">
          <reporter-output>
          </reporter-output>
        </test-method> <!-- test01 -->
        <test-method signature="test01()[pri:0, instance:cs.utec.edu.pe.Lab01Test@7acfb656]" started-at="2021-05-08T09:27:49 PET" name="test01" finished-at="2021-05-08T09:27:49 PET" duration-ms="22" status="PASS">
          <reporter-output>
          </reporter-output>
        </test-method> <!-- test01 -->
        <test-method signature="test01()[pri:0, instance:cs.utec.edu.pe.Lab01Test@7acfb656]" started-at="2021-05-08T09:27:49 PET" name="test01" finished-at="2021-05-08T09:27:49 PET" duration-ms="21" status="PASS">
          <reporter-output>
          </reporter-output>
        </test-method> <!-- test01 -->
        <test-method signature="test01()[pri:0, instance:cs.utec.edu.pe.Lab01Test@7acfb656]" started-at="2021-05-08T09:27:49 PET" name="test01" finished-at="2021-05-08T09:27:49 PET" duration-ms="22" status="PASS">
          <reporter-output>
          </reporter-output>
        </test-method> <!-- test01 -->
        <test-method signature="test01()[pri:0, instance:cs.utec.edu.pe.Lab01Test@7acfb656]" started-at="2021-05-08T09:27:49 PET" name="test01" finished-at="2021-05-08T09:27:49 PET" duration-ms="22" status="PASS">
          <reporter-output>
          </reporter-output>
        </test-method> <!-- test01 -->
        <test-method signature="test01()[pri:0, instance:cs.utec.edu.pe.Lab01Test@7acfb656]" started-at="2021-05-08T09:27:49 PET" name="test01" finished-at="2021-05-08T09:27:49 PET" duration-ms="21" status="PASS">
          <reporter-output>
          </reporter-output>
        </test-method> <!-- test01 -->
        <test-method signature="test01()[pri:0, instance:cs.utec.edu.pe.Lab01Test@7acfb656]" started-at="2021-05-08T09:27:49 PET" name="test01" finished-at="2021-05-08T09:27:49 PET" duration-ms="21" status="PASS">
          <reporter-output>
          </reporter-output>
        </test-method> <!-- test01 -->
        <test-method signature="test01()[pri:0, instance:cs.utec.edu.pe.Lab01Test@7acfb656]" started-at="2021-05-08T09:27:49 PET" name="test01" finished-at="2021-05-08T09:27:49 PET" duration-ms="21" status="PASS">
          <reporter-output>
          </reporter-output>
        </test-method> <!-- test01 -->
        <test-method signature="test01()[pri:0, instance:cs.utec.edu.pe.Lab01Test@7acfb656]" started-at="2021-05-08T09:27:49 PET" name="test01" finished-at="2021-05-08T09:27:49 PET" duration-ms="21" status="PASS">
          <reporter-output>
          </reporter-output>
        </test-method> <!-- test01 -->
        <test-method signature="test01()[pri:0, instance:cs.utec.edu.pe.Lab01Test@7acfb656]" started-at="2021-05-08T09:27:49 PET" name="test01" finished-at="2021-05-08T09:27:49 PET" duration-ms="21" status="PASS">
          <reporter-output>
          </reporter-output>
        </test-method> <!-- test01 -->
        <test-method signature="test01()[pri:0, instance:cs.utec.edu.pe.Lab01Test@7acfb656]" started-at="2021-05-08T09:27:49 PET" name="test01" finished-at="2021-05-08T09:27:49 PET" duration-ms="21" status="PASS">
          <reporter-output>
          </reporter-output>
        </test-method> <!-- test01 -->
        <test-method signature="test01()[pri:0, instance:cs.utec.edu.pe.Lab01Test@7acfb656]" started-at="2021-05-08T09:27:49 PET" name="test01" finished-at="2021-05-08T09:27:49 PET" duration-ms="21" status="PASS">
          <reporter-output>
          </reporter-output>
        </test-method> <!-- test01 -->
        <test-method signature="test01()[pri:0, instance:cs.utec.edu.pe.Lab01Test@7acfb656]" started-at="2021-05-08T09:27:49 PET" name="test01" finished-at="2021-05-08T09:27:49 PET" duration-ms="21" status="PASS">
          <reporter-output>
          </reporter-output>
        </test-method> <!-- test01 -->
        <test-method signature="test01()[pri:0, instance:cs.utec.edu.pe.Lab01Test@7acfb656]" started-at="2021-05-08T09:27:49 PET" name="test01" finished-at="2021-05-08T09:27:49 PET" duration-ms="21" status="PASS">
          <reporter-output>
          </reporter-output>
        </test-method> <!-- test01 -->
        <test-method signature="test01()[pri:0, instance:cs.utec.edu.pe.Lab01Test@7acfb656]" started-at="2021-05-08T09:27:49 PET" name="test01" finished-at="2021-05-08T09:27:49 PET" duration-ms="21" status="PASS">
          <reporter-output>
          </reporter-output>
        </test-method> <!-- test01 -->
        <test-method signature="test01()[pri:0, instance:cs.utec.edu.pe.Lab01Test@7acfb656]" started-at="2021-05-08T09:27:49 PET" name="test01" finished-at="2021-05-08T09:27:49 PET" duration-ms="21" status="PASS">
          <reporter-output>
          </reporter-output>
        </test-method> <!-- test01 -->
        <test-method signature="test01()[pri:0, instance:cs.utec.edu.pe.Lab01Test@7acfb656]" started-at="2021-05-08T09:27:49 PET" name="test01" finished-at="2021-05-08T09:27:49 PET" duration-ms="21" status="PASS">
          <reporter-output>
          </reporter-output>
        </test-method> <!-- test01 -->
        <test-method signature="test01()[pri:0, instance:cs.utec.edu.pe.Lab01Test@7acfb656]" started-at="2021-05-08T09:27:49 PET" name="test01" finished-at="2021-05-08T09:27:49 PET" duration-ms="21" status="PASS">
          <reporter-output>
          </reporter-output>
        </test-method> <!-- test01 -->
        <test-method signature="test01()[pri:0, instance:cs.utec.edu.pe.Lab01Test@7acfb656]" started-at="2021-05-08T09:27:49 PET" name="test01" finished-at="2021-05-08T09:27:49 PET" duration-ms="21" status="PASS">
          <reporter-output>
          </reporter-output>
        </test-method> <!-- test01 -->
        <test-method signature="test01()[pri:0, instance:cs.utec.edu.pe.Lab01Test@7acfb656]" started-at="2021-05-08T09:27:49 PET" name="test01" finished-at="2021-05-08T09:27:49 PET" duration-ms="21" status="PASS">
          <reporter-output>
          </reporter-output>
        </test-method> <!-- test01 -->
        <test-method signature="test01()[pri:0, instance:cs.utec.edu.pe.Lab01Test@7acfb656]" started-at="2021-05-08T09:27:49 PET" name="test01" finished-at="2021-05-08T09:27:49 PET" duration-ms="21" status="PASS">
          <reporter-output>
          </reporter-output>
        </test-method> <!-- test01 -->
        <test-method signature="test01()[pri:0, instance:cs.utec.edu.pe.Lab01Test@7acfb656]" started-at="2021-05-08T09:27:49 PET" name="test01" finished-at="2021-05-08T09:27:49 PET" duration-ms="21" status="PASS">
          <reporter-output>
          </reporter-output>
        </test-method> <!-- test01 -->
        <test-method signature="test01()[pri:0, instance:cs.utec.edu.pe.Lab01Test@7acfb656]" started-at="2021-05-08T09:27:49 PET" name="test01" finished-at="2021-05-08T09:27:49 PET" duration-ms="20" status="PASS">
          <reporter-output>
          </reporter-output>
        </test-method> <!-- test01 -->
        <test-method signature="test01()[pri:0, instance:cs.utec.edu.pe.Lab01Test@7acfb656]" started-at="2021-05-08T09:27:49 PET" name="test01" finished-at="2021-05-08T09:27:49 PET" duration-ms="21" status="PASS">
          <reporter-output>
          </reporter-output>
        </test-method> <!-- test01 -->
        <test-method signature="test01()[pri:0, instance:cs.utec.edu.pe.Lab01Test@7acfb656]" started-at="2021-05-08T09:27:49 PET" name="test01" finished-at="2021-05-08T09:27:49 PET" duration-ms="21" status="PASS">
          <reporter-output>
          </reporter-output>
        </test-method> <!-- test01 -->
        <test-method signature="test01()[pri:0, instance:cs.utec.edu.pe.Lab01Test@7acfb656]" started-at="2021-05-08T09:27:49 PET" name="test01" finished-at="2021-05-08T09:27:49 PET" duration-ms="21" status="PASS">
          <reporter-output>
          </reporter-output>
        </test-method> <!-- test01 -->
        <test-method signature="test01()[pri:0, instance:cs.utec.edu.pe.Lab01Test@7acfb656]" started-at="2021-05-08T09:27:49 PET" name="test01" finished-at="2021-05-08T09:27:49 PET" duration-ms="21" status="PASS">
          <reporter-output>
          </reporter-output>
        </test-method> <!-- test01 -->
        <test-method signature="test01()[pri:0, instance:cs.utec.edu.pe.Lab01Test@7acfb656]" started-at="2021-05-08T09:27:49 PET" name="test01" finished-at="2021-05-08T09:27:49 PET" duration-ms="21" status="PASS">
          <reporter-output>
          </reporter-output>
        </test-method> <!-- test01 -->
        <test-method signature="test01()[pri:0, instance:cs.utec.edu.pe.Lab01Test@7acfb656]" started-at="2021-05-08T09:27:49 PET" name="test01" finished-at="2021-05-08T09:27:49 PET" duration-ms="21" status="PASS">
          <reporter-output>
          </reporter-output>
        </test-method> <!-- test01 -->
        <test-method signature="test01()[pri:0, instance:cs.utec.edu.pe.Lab01Test@7acfb656]" started-at="2021-05-08T09:27:49 PET" name="test01" finished-at="2021-05-08T09:27:49 PET" duration-ms="21" status="PASS">
          <reporter-output>
          </reporter-output>
        </test-method> <!-- test01 -->
        <test-method signature="test01()[pri:0, instance:cs.utec.edu.pe.Lab01Test@7acfb656]" started-at="2021-05-08T09:27:49 PET" name="test01" finished-at="2021-05-08T09:27:49 PET" duration-ms="21" status="PASS">
          <reporter-output>
          </reporter-output>
        </test-method> <!-- test01 -->
        <test-method signature="test01()[pri:0, instance:cs.utec.edu.pe.Lab01Test@7acfb656]" started-at="2021-05-08T09:27:49 PET" name="test01" finished-at="2021-05-08T09:27:49 PET" duration-ms="21" status="PASS">
          <reporter-output>
          </reporter-output>
        </test-method> <!-- test01 -->
        <test-method signature="test01()[pri:0, instance:cs.utec.edu.pe.Lab01Test@7acfb656]" started-at="2021-05-08T09:27:49 PET" name="test01" finished-at="2021-05-08T09:27:49 PET" duration-ms="21" status="PASS">
          <reporter-output>
          </reporter-output>
        </test-method> <!-- test01 -->
        <test-method signature="test01()[pri:0, instance:cs.utec.edu.pe.Lab01Test@7acfb656]" started-at="2021-05-08T09:27:49 PET" name="test01" finished-at="2021-05-08T09:27:49 PET" duration-ms="21" status="PASS">
          <reporter-output>
          </reporter-output>
        </test-method> <!-- test01 -->
        <test-method signature="test01()[pri:0, instance:cs.utec.edu.pe.Lab01Test@7acfb656]" started-at="2021-05-08T09:27:49 PET" name="test01" finished-at="2021-05-08T09:27:49 PET" duration-ms="20" status="PASS">
          <reporter-output>
          </reporter-output>
        </test-method> <!-- test01 -->
        <test-method signature="test01()[pri:0, instance:cs.utec.edu.pe.Lab01Test@7acfb656]" started-at="2021-05-08T09:27:49 PET" name="test01" finished-at="2021-05-08T09:27:49 PET" duration-ms="21" status="PASS">
          <reporter-output>
          </reporter-output>
        </test-method> <!-- test01 -->
        <test-method signature="test01()[pri:0, instance:cs.utec.edu.pe.Lab01Test@7acfb656]" started-at="2021-05-08T09:27:49 PET" name="test01" finished-at="2021-05-08T09:27:49 PET" duration-ms="20" status="PASS">
          <reporter-output>
          </reporter-output>
        </test-method> <!-- test01 -->
        <test-method signature="test01()[pri:0, instance:cs.utec.edu.pe.Lab01Test@7acfb656]" started-at="2021-05-08T09:27:49 PET" name="test01" finished-at="2021-05-08T09:27:49 PET" duration-ms="20" status="PASS">
          <reporter-output>
          </reporter-output>
        </test-method> <!-- test01 -->
        <test-method signature="test01()[pri:0, instance:cs.utec.edu.pe.Lab01Test@7acfb656]" started-at="2021-05-08T09:27:49 PET" name="test01" finished-at="2021-05-08T09:27:49 PET" duration-ms="21" status="PASS">
          <reporter-output>
          </reporter-output>
        </test-method> <!-- test01 -->
        <test-method signature="test01()[pri:0, instance:cs.utec.edu.pe.Lab01Test@7acfb656]" started-at="2021-05-08T09:27:49 PET" name="test01" finished-at="2021-05-08T09:27:49 PET" duration-ms="20" status="PASS">
          <reporter-output>
          </reporter-output>
        </test-method> <!-- test01 -->
        <test-method signature="test01()[pri:0, instance:cs.utec.edu.pe.Lab01Test@7acfb656]" started-at="2021-05-08T09:27:49 PET" name="test01" finished-at="2021-05-08T09:27:49 PET" duration-ms="21" status="PASS">
          <reporter-output>
          </reporter-output>
        </test-method> <!-- test01 -->
        <test-method signature="test01()[pri:0, instance:cs.utec.edu.pe.Lab01Test@7acfb656]" started-at="2021-05-08T09:27:49 PET" name="test01" finished-at="2021-05-08T09:27:49 PET" duration-ms="21" status="PASS">
          <reporter-output>
          </reporter-output>
        </test-method> <!-- test01 -->
        <test-method signature="test01()[pri:0, instance:cs.utec.edu.pe.Lab01Test@7acfb656]" started-at="2021-05-08T09:27:49 PET" name="test01" finished-at="2021-05-08T09:27:49 PET" duration-ms="21" status="PASS">
          <reporter-output>
          </reporter-output>
        </test-method> <!-- test01 -->
        <test-method signature="test01()[pri:0, instance:cs.utec.edu.pe.Lab01Test@7acfb656]" started-at="2021-05-08T09:27:49 PET" name="test01" finished-at="2021-05-08T09:27:49 PET" duration-ms="21" status="PASS">
          <reporter-output>
          </reporter-output>
        </test-method> <!-- test01 -->
        <test-method signature="test01()[pri:0, instance:cs.utec.edu.pe.Lab01Test@7acfb656]" started-at="2021-05-08T09:27:49 PET" name="test01" finished-at="2021-05-08T09:27:49 PET" duration-ms="21" status="PASS">
          <reporter-output>
          </reporter-output>
        </test-method> <!-- test01 -->
        <test-method signature="test01()[pri:0, instance:cs.utec.edu.pe.Lab01Test@7acfb656]" started-at="2021-05-08T09:27:49 PET" name="test01" finished-at="2021-05-08T09:27:49 PET" duration-ms="21" status="PASS">
          <reporter-output>
          </reporter-output>
        </test-method> <!-- test01 -->
        <test-method signature="test01()[pri:0, instance:cs.utec.edu.pe.Lab01Test@7acfb656]" started-at="2021-05-08T09:27:49 PET" name="test01" finished-at="2021-05-08T09:27:49 PET" duration-ms="21" status="PASS">
          <reporter-output>
          </reporter-output>
        </test-method> <!-- test01 -->
        <test-method signature="test01()[pri:0, instance:cs.utec.edu.pe.Lab01Test@7acfb656]" started-at="2021-05-08T09:27:49 PET" name="test01" finished-at="2021-05-08T09:27:49 PET" duration-ms="3" status="PASS">
          <reporter-output>
          </reporter-output>
        </test-method> <!-- test01 -->
        <test-method signature="test01()[pri:0, instance:cs.utec.edu.pe.Lab01Test@7acfb656]" started-at="2021-05-08T09:27:49 PET" name="test01" finished-at="2021-05-08T09:27:49 PET" duration-ms="0" status="PASS">
          <reporter-output>
          </reporter-output>
        </test-method> <!-- test01 -->
        <test-method signature="test01()[pri:0, instance:cs.utec.edu.pe.Lab01Test@7acfb656]" started-at="2021-05-08T09:27:49 PET" name="test01" finished-at="2021-05-08T09:27:49 PET" duration-ms="3" status="PASS">
          <reporter-output>
          </reporter-output>
        </test-method> <!-- test01 -->
        <test-method signature="test01()[pri:0, instance:cs.utec.edu.pe.Lab01Test@7acfb656]" started-at="2021-05-08T09:27:49 PET" name="test01" finished-at="2021-05-08T09:27:49 PET" duration-ms="3" status="PASS">
          <reporter-output>
          </reporter-output>
        </test-method> <!-- test01 -->
        <test-method signature="test01()[pri:0, instance:cs.utec.edu.pe.Lab01Test@7acfb656]" started-at="2021-05-08T09:27:49 PET" name="test01" finished-at="2021-05-08T09:27:49 PET" duration-ms="3" status="PASS">
          <reporter-output>
          </reporter-output>
        </test-method> <!-- test01 -->
        <test-method signature="test01()[pri:0, instance:cs.utec.edu.pe.Lab01Test@7acfb656]" started-at="2021-05-08T09:27:49 PET" name="test01" finished-at="2021-05-08T09:27:49 PET" duration-ms="1" status="PASS">
          <reporter-output>
          </reporter-output>
        </test-method> <!-- test01 -->
        <test-method signature="test01()[pri:0, instance:cs.utec.edu.pe.Lab01Test@7acfb656]" started-at="2021-05-08T09:27:49 PET" name="test01" finished-at="2021-05-08T09:27:49 PET" duration-ms="0" status="PASS">
          <reporter-output>
          </reporter-output>
        </test-method> <!-- test01 -->
        <test-method signature="test01()[pri:0, instance:cs.utec.edu.pe.Lab01Test@7acfb656]" started-at="2021-05-08T09:27:49 PET" name="test01" finished-at="2021-05-08T09:27:49 PET" duration-ms="0" status="PASS">
          <reporter-output>
          </reporter-output>
        </test-method> <!-- test01 -->
        <test-method signature="test01()[pri:0, instance:cs.utec.edu.pe.Lab01Test@7acfb656]" started-at="2021-05-08T09:27:49 PET" name="test01" finished-at="2021-05-08T09:27:49 PET" duration-ms="11" status="PASS">
          <reporter-output>
          </reporter-output>
        </test-method> <!-- test01 -->
        <test-method signature="test01()[pri:0, instance:cs.utec.edu.pe.Lab01Test@7acfb656]" started-at="2021-05-08T09:27:49 PET" name="test01" finished-at="2021-05-08T09:27:49 PET" duration-ms="0" status="PASS">
          <reporter-output>
          </reporter-output>
        </test-method> <!-- test01 -->
        <test-method signature="test01()[pri:0, instance:cs.utec.edu.pe.Lab01Test@7acfb656]" started-at="2021-05-08T09:27:49 PET" name="test01" finished-at="2021-05-08T09:27:49 PET" duration-ms="0" status="PASS">
          <reporter-output>
          </reporter-output>
        </test-method> <!-- test01 -->
        <test-method signature="test01()[pri:0, instance:cs.utec.edu.pe.Lab01Test@7acfb656]" started-at="2021-05-08T09:27:49 PET" name="test01" finished-at="2021-05-08T09:27:49 PET" duration-ms="1" status="PASS">
          <reporter-output>
          </reporter-output>
        </test-method> <!-- test01 -->
        <test-method signature="test01()[pri:0, instance:cs.utec.edu.pe.Lab01Test@7acfb656]" started-at="2021-05-08T09:27:49 PET" name="test01" finished-at="2021-05-08T09:27:49 PET" duration-ms="0" status="PASS">
          <reporter-output>
          </reporter-output>
        </test-method> <!-- test01 -->
        <test-method signature="test01()[pri:0, instance:cs.utec.edu.pe.Lab01Test@7acfb656]" started-at="2021-05-08T09:27:49 PET" name="test01" finished-at="2021-05-08T09:27:49 PET" duration-ms="0" status="PASS">
          <reporter-output>
          </reporter-output>
        </test-method> <!-- test01 -->
        <test-method signature="test01()[pri:0, instance:cs.utec.edu.pe.Lab01Test@7acfb656]" started-at="2021-05-08T09:27:49 PET" name="test01" finished-at="2021-05-08T09:27:49 PET" duration-ms="10" status="PASS">
          <reporter-output>
          </reporter-output>
        </test-method> <!-- test01 -->
        <test-method signature="test01()[pri:0, instance:cs.utec.edu.pe.Lab01Test@7acfb656]" started-at="2021-05-08T09:27:49 PET" name="test01" finished-at="2021-05-08T09:27:49 PET" duration-ms="10" status="PASS">
          <reporter-output>
          </reporter-output>
        </test-method> <!-- test01 -->
        <test-method signature="test01()[pri:0, instance:cs.utec.edu.pe.Lab01Test@7acfb656]" started-at="2021-05-08T09:27:49 PET" name="test01" finished-at="2021-05-08T09:27:49 PET" duration-ms="9" status="PASS">
          <reporter-output>
          </reporter-output>
        </test-method> <!-- test01 -->
        <test-method signature="test01()[pri:0, instance:cs.utec.edu.pe.Lab01Test@7acfb656]" started-at="2021-05-08T09:27:49 PET" name="test01" finished-at="2021-05-08T09:27:49 PET" duration-ms="1" status="PASS">
          <reporter-output>
          </reporter-output>
        </test-method> <!-- test01 -->
        <test-method signature="test01()[pri:0, instance:cs.utec.edu.pe.Lab01Test@7acfb656]" started-at="2021-05-08T09:27:49 PET" name="test01" finished-at="2021-05-08T09:27:49 PET" duration-ms="9" status="PASS">
          <reporter-output>
          </reporter-output>
        </test-method> <!-- test01 -->
        <test-method signature="test01()[pri:0, instance:cs.utec.edu.pe.Lab01Test@7acfb656]" started-at="2021-05-08T09:27:49 PET" name="test01" finished-at="2021-05-08T09:27:49 PET" duration-ms="0" status="PASS">
          <reporter-output>
          </reporter-output>
        </test-method> <!-- test01 -->
        <test-method signature="test01()[pri:0, instance:cs.utec.edu.pe.Lab01Test@7acfb656]" started-at="2021-05-08T09:27:49 PET" name="test01" finished-at="2021-05-08T09:27:49 PET" duration-ms="0" status="PASS">
          <reporter-output>
          </reporter-output>
        </test-method> <!-- test01 -->
        <test-method signature="test01()[pri:0, instance:cs.utec.edu.pe.Lab01Test@7acfb656]" started-at="2021-05-08T09:27:49 PET" name="test01" finished-at="2021-05-08T09:27:49 PET" duration-ms="9" status="PASS">
          <reporter-output>
          </reporter-output>
        </test-method> <!-- test01 -->
        <test-method signature="test01()[pri:0, instance:cs.utec.edu.pe.Lab01Test@7acfb656]" started-at="2021-05-08T09:27:49 PET" name="test01" finished-at="2021-05-08T09:27:49 PET" duration-ms="6" status="PASS">
          <reporter-output>
          </reporter-output>
        </test-method> <!-- test01 -->
        <test-method signature="test01()[pri:0, instance:cs.utec.edu.pe.Lab01Test@7acfb656]" started-at="2021-05-08T09:27:49 PET" name="test01" finished-at="2021-05-08T09:27:49 PET" duration-ms="0" status="PASS">
          <reporter-output>
          </reporter-output>
        </test-method> <!-- test01 -->
        <test-method signature="test01()[pri:0, instance:cs.utec.edu.pe.Lab01Test@7acfb656]" started-at="2021-05-08T09:27:49 PET" name="test01" finished-at="2021-05-08T09:27:49 PET" duration-ms="0" status="PASS">
          <reporter-output>
          </reporter-output>
        </test-method> <!-- test01 -->
        <test-method signature="test01()[pri:0, instance:cs.utec.edu.pe.Lab01Test@7acfb656]" started-at="2021-05-08T09:27:49 PET" name="test01" finished-at="2021-05-08T09:27:49 PET" duration-ms="1" status="PASS">
          <reporter-output>
          </reporter-output>
        </test-method> <!-- test01 -->
        <test-method signature="test01()[pri:0, instance:cs.utec.edu.pe.Lab01Test@7acfb656]" started-at="2021-05-08T09:27:49 PET" name="test01" finished-at="2021-05-08T09:27:49 PET" duration-ms="0" status="PASS">
          <reporter-output>
          </reporter-output>
        </test-method> <!-- test01 -->
        <test-method signature="test01()[pri:0, instance:cs.utec.edu.pe.Lab01Test@7acfb656]" started-at="2021-05-08T09:27:49 PET" name="test01" finished-at="2021-05-08T09:27:49 PET" duration-ms="2" status="PASS">
          <reporter-output>
          </reporter-output>
        </test-method> <!-- test01 -->
        <test-method signature="test01()[pri:0, instance:cs.utec.edu.pe.Lab01Test@7acfb656]" started-at="2021-05-08T09:27:49 PET" name="test01" finished-at="2021-05-08T09:27:49 PET" duration-ms="0" status="PASS">
          <reporter-output>
          </reporter-output>
        </test-method> <!-- test01 -->
        <test-method signature="test01()[pri:0, instance:cs.utec.edu.pe.Lab01Test@7acfb656]" started-at="2021-05-08T09:27:49 PET" name="test01" finished-at="2021-05-08T09:27:49 PET" duration-ms="0" status="PASS">
          <reporter-output>
          </reporter-output>
        </test-method> <!-- test01 -->
        <test-method signature="test01()[pri:0, instance:cs.utec.edu.pe.Lab01Test@7acfb656]" started-at="2021-05-08T09:27:49 PET" name="test01" finished-at="2021-05-08T09:27:49 PET" duration-ms="0" status="PASS">
          <reporter-output>
          </reporter-output>
        </test-method> <!-- test01 -->
        <test-method signature="test01()[pri:0, instance:cs.utec.edu.pe.Lab01Test@7acfb656]" started-at="2021-05-08T09:27:49 PET" name="test01" finished-at="2021-05-08T09:27:49 PET" duration-ms="0" status="PASS">
          <reporter-output>
          </reporter-output>
        </test-method> <!-- test01 -->
        <test-method signature="test01()[pri:0, instance:cs.utec.edu.pe.Lab01Test@7acfb656]" started-at="2021-05-08T09:27:49 PET" name="test01" finished-at="2021-05-08T09:27:49 PET" duration-ms="3" status="PASS">
          <reporter-output>
          </reporter-output>
        </test-method> <!-- test01 -->
        <test-method signature="test01()[pri:0, instance:cs.utec.edu.pe.Lab01Test@7acfb656]" started-at="2021-05-08T09:27:49 PET" name="test01" finished-at="2021-05-08T09:27:49 PET" duration-ms="0" status="PASS">
          <reporter-output>
          </reporter-output>
        </test-method> <!-- test01 -->
        <test-method signature="test01()[pri:0, instance:cs.utec.edu.pe.Lab01Test@7acfb656]" started-at="2021-05-08T09:27:49 PET" name="test01" finished-at="2021-05-08T09:27:49 PET" duration-ms="1" status="PASS">
          <reporter-output>
          </reporter-output>
        </test-method> <!-- test01 -->
        <test-method signature="test01()[pri:0, instance:cs.utec.edu.pe.Lab01Test@7acfb656]" started-at="2021-05-08T09:27:49 PET" name="test01" finished-at="2021-05-08T09:27:49 PET" duration-ms="0" status="PASS">
          <reporter-output>
          </reporter-output>
        </test-method> <!-- test01 -->
        <test-method signature="test01()[pri:0, instance:cs.utec.edu.pe.Lab01Test@7acfb656]" started-at="2021-05-08T09:27:49 PET" name="test01" finished-at="2021-05-08T09:27:49 PET" duration-ms="7" status="PASS">
          <reporter-output>
          </reporter-output>
        </test-method> <!-- test01 -->
        <test-method signature="test01()[pri:0, instance:cs.utec.edu.pe.Lab01Test@7acfb656]" started-at="2021-05-08T09:27:49 PET" name="test01" finished-at="2021-05-08T09:27:49 PET" duration-ms="0" status="PASS">
          <reporter-output>
          </reporter-output>
        </test-method> <!-- test01 -->
        <test-method signature="test01()[pri:0, instance:cs.utec.edu.pe.Lab01Test@7acfb656]" started-at="2021-05-08T09:27:49 PET" name="test01" finished-at="2021-05-08T09:27:49 PET" duration-ms="0" status="PASS">
          <reporter-output>
          </reporter-output>
        </test-method> <!-- test01 -->
        <test-method signature="test01()[pri:0, instance:cs.utec.edu.pe.Lab01Test@7acfb656]" started-at="2021-05-08T09:27:49 PET" name="test01" finished-at="2021-05-08T09:27:49 PET" duration-ms="0" status="PASS">
          <reporter-output>
          </reporter-output>
        </test-method> <!-- test01 -->
        <test-method signature="test01()[pri:0, instance:cs.utec.edu.pe.Lab01Test@7acfb656]" started-at="2021-05-08T09:27:49 PET" name="test01" finished-at="2021-05-08T09:27:49 PET" duration-ms="0" status="PASS">
          <reporter-output>
          </reporter-output>
        </test-method> <!-- test01 -->
        <test-method signature="test01()[pri:0, instance:cs.utec.edu.pe.Lab01Test@7acfb656]" started-at="2021-05-08T09:27:49 PET" name="test01" finished-at="2021-05-08T09:27:49 PET" duration-ms="0" status="PASS">
          <reporter-output>
          </reporter-output>
        </test-method> <!-- test01 -->
        <test-method signature="test01()[pri:0, instance:cs.utec.edu.pe.Lab01Test@7acfb656]" started-at="2021-05-08T09:27:49 PET" name="test01" finished-at="2021-05-08T09:27:49 PET" duration-ms="3" status="PASS">
          <reporter-output>
          </reporter-output>
        </test-method> <!-- test01 -->
        <test-method signature="test01()[pri:0, instance:cs.utec.edu.pe.Lab01Test@7acfb656]" started-at="2021-05-08T09:27:49 PET" name="test01" finished-at="2021-05-08T09:27:49 PET" duration-ms="0" status="PASS">
          <reporter-output>
          </reporter-output>
        </test-method> <!-- test01 -->
        <test-method signature="test01()[pri:0, instance:cs.utec.edu.pe.Lab01Test@7acfb656]" started-at="2021-05-08T09:27:49 PET" name="test01" finished-at="2021-05-08T09:27:49 PET" duration-ms="2" status="PASS">
          <reporter-output>
          </reporter-output>
        </test-method> <!-- test01 -->
        <test-method signature="test01()[pri:0, instance:cs.utec.edu.pe.Lab01Test@7acfb656]" started-at="2021-05-08T09:27:49 PET" name="test01" finished-at="2021-05-08T09:27:49 PET" duration-ms="1" status="PASS">
          <reporter-output>
          </reporter-output>
        </test-method> <!-- test01 -->
        <test-method signature="test01()[pri:0, instance:cs.utec.edu.pe.Lab01Test@7acfb656]" started-at="2021-05-08T09:27:49 PET" name="test01" finished-at="2021-05-08T09:27:49 PET" duration-ms="17" status="PASS">
          <reporter-output>
          </reporter-output>
        </test-method> <!-- test01 -->
        <test-method signature="test01()[pri:0, instance:cs.utec.edu.pe.Lab01Test@7acfb656]" started-at="2021-05-08T09:27:49 PET" name="test01" finished-at="2021-05-08T09:27:49 PET" duration-ms="0" status="PASS">
          <reporter-output>
          </reporter-output>
        </test-method> <!-- test01 -->
        <test-method signature="test01()[pri:0, instance:cs.utec.edu.pe.Lab01Test@7acfb656]" started-at="2021-05-08T09:27:49 PET" name="test01" finished-at="2021-05-08T09:27:49 PET" duration-ms="1" status="PASS">
          <reporter-output>
          </reporter-output>
        </test-method> <!-- test01 -->
        <test-method signature="test01()[pri:0, instance:cs.utec.edu.pe.Lab01Test@7acfb656]" started-at="2021-05-08T09:27:49 PET" name="test01" finished-at="2021-05-08T09:27:49 PET" duration-ms="17" status="PASS">
          <reporter-output>
          </reporter-output>
        </test-method> <!-- test01 -->
        <test-method signature="test01()[pri:0, instance:cs.utec.edu.pe.Lab01Test@7acfb656]" started-at="2021-05-08T09:27:49 PET" name="test01" finished-at="2021-05-08T09:27:49 PET" duration-ms="17" status="PASS">
          <reporter-output>
          </reporter-output>
        </test-method> <!-- test01 -->
        <test-method signature="test01()[pri:0, instance:cs.utec.edu.pe.Lab01Test@7acfb656]" started-at="2021-05-08T09:27:49 PET" name="test01" finished-at="2021-05-08T09:27:49 PET" duration-ms="0" status="PASS">
          <reporter-output>
          </reporter-output>
        </test-method> <!-- test01 -->
        <test-method signature="test01()[pri:0, instance:cs.utec.edu.pe.Lab01Test@7acfb656]" started-at="2021-05-08T09:27:49 PET" name="test01" finished-at="2021-05-08T09:27:49 PET" duration-ms="0" status="PASS">
          <reporter-output>
          </reporter-output>
        </test-method> <!-- test01 -->
        <test-method signature="test01()[pri:0, instance:cs.utec.edu.pe.Lab01Test@7acfb656]" started-at="2021-05-08T09:27:49 PET" name="test01" finished-at="2021-05-08T09:27:49 PET" duration-ms="0" status="PASS">
          <reporter-output>
          </reporter-output>
        </test-method> <!-- test01 -->
        <test-method signature="test01()[pri:0, instance:cs.utec.edu.pe.Lab01Test@7acfb656]" started-at="2021-05-08T09:27:49 PET" name="test01" finished-at="2021-05-08T09:27:49 PET" duration-ms="0" status="PASS">
          <reporter-output>
          </reporter-output>
        </test-method> <!-- test01 -->
        <test-method signature="test01()[pri:0, instance:cs.utec.edu.pe.Lab01Test@7acfb656]" started-at="2021-05-08T09:27:49 PET" name="test01" finished-at="2021-05-08T09:27:49 PET" duration-ms="17" status="PASS">
          <reporter-output>
          </reporter-output>
        </test-method> <!-- test01 -->
        <test-method signature="test01()[pri:0, instance:cs.utec.edu.pe.Lab01Test@7acfb656]" started-at="2021-05-08T09:27:49 PET" name="test01" finished-at="2021-05-08T09:27:49 PET" duration-ms="0" status="PASS">
          <reporter-output>
          </reporter-output>
        </test-method> <!-- test01 -->
        <test-method signature="test01()[pri:0, instance:cs.utec.edu.pe.Lab01Test@7acfb656]" started-at="2021-05-08T09:27:49 PET" name="test01" finished-at="2021-05-08T09:27:49 PET" duration-ms="17" status="PASS">
          <reporter-output>
          </reporter-output>
        </test-method> <!-- test01 -->
        <test-method signature="test01()[pri:0, instance:cs.utec.edu.pe.Lab01Test@7acfb656]" started-at="2021-05-08T09:27:49 PET" name="test01" finished-at="2021-05-08T09:27:49 PET" duration-ms="0" status="PASS">
          <reporter-output>
          </reporter-output>
        </test-method> <!-- test01 -->
        <test-method signature="test01()[pri:0, instance:cs.utec.edu.pe.Lab01Test@7acfb656]" started-at="2021-05-08T09:27:49 PET" name="test01" finished-at="2021-05-08T09:27:49 PET" duration-ms="0" status="PASS">
          <reporter-output>
          </reporter-output>
        </test-method> <!-- test01 -->
        <test-method signature="test01()[pri:0, instance:cs.utec.edu.pe.Lab01Test@7acfb656]" started-at="2021-05-08T09:27:49 PET" name="test01" finished-at="2021-05-08T09:27:49 PET" duration-ms="14" status="PASS">
          <reporter-output>
          </reporter-output>
        </test-method> <!-- test01 -->
        <test-method signature="test01()[pri:0, instance:cs.utec.edu.pe.Lab01Test@7acfb656]" started-at="2021-05-08T09:27:49 PET" name="test01" finished-at="2021-05-08T09:27:49 PET" duration-ms="0" status="PASS">
          <reporter-output>
          </reporter-output>
        </test-method> <!-- test01 -->
        <test-method signature="test01()[pri:0, instance:cs.utec.edu.pe.Lab01Test@7acfb656]" started-at="2021-05-08T09:27:49 PET" name="test01" finished-at="2021-05-08T09:27:49 PET" duration-ms="0" status="PASS">
          <reporter-output>
          </reporter-output>
        </test-method> <!-- test01 -->
        <test-method signature="test01()[pri:0, instance:cs.utec.edu.pe.Lab01Test@7acfb656]" started-at="2021-05-08T09:27:49 PET" name="test01" finished-at="2021-05-08T09:27:49 PET" duration-ms="0" status="PASS">
          <reporter-output>
          </reporter-output>
        </test-method> <!-- test01 -->
        <test-method signature="test01()[pri:0, instance:cs.utec.edu.pe.Lab01Test@7acfb656]" started-at="2021-05-08T09:27:49 PET" name="test01" finished-at="2021-05-08T09:27:49 PET" duration-ms="14" status="PASS">
          <reporter-output>
          </reporter-output>
        </test-method> <!-- test01 -->
        <test-method signature="test01()[pri:0, instance:cs.utec.edu.pe.Lab01Test@7acfb656]" started-at="2021-05-08T09:27:49 PET" name="test01" finished-at="2021-05-08T09:27:49 PET" duration-ms="0" status="PASS">
          <reporter-output>
          </reporter-output>
        </test-method> <!-- test01 -->
        <test-method signature="test01()[pri:0, instance:cs.utec.edu.pe.Lab01Test@7acfb656]" started-at="2021-05-08T09:27:49 PET" name="test01" finished-at="2021-05-08T09:27:49 PET" duration-ms="14" status="PASS">
          <reporter-output>
          </reporter-output>
        </test-method> <!-- test01 -->
        <test-method signature="test01()[pri:0, instance:cs.utec.edu.pe.Lab01Test@7acfb656]" started-at="2021-05-08T09:27:49 PET" name="test01" finished-at="2021-05-08T09:27:49 PET" duration-ms="0" status="PASS">
          <reporter-output>
          </reporter-output>
        </test-method> <!-- test01 -->
        <test-method signature="test01()[pri:0, instance:cs.utec.edu.pe.Lab01Test@7acfb656]" started-at="2021-05-08T09:27:49 PET" name="test01" finished-at="2021-05-08T09:27:49 PET" duration-ms="14" status="PASS">
          <reporter-output>
          </reporter-output>
        </test-method> <!-- test01 -->
        <test-method signature="test01()[pri:0, instance:cs.utec.edu.pe.Lab01Test@7acfb656]" started-at="2021-05-08T09:27:49 PET" name="test01" finished-at="2021-05-08T09:27:49 PET" duration-ms="0" status="PASS">
          <reporter-output>
          </reporter-output>
        </test-method> <!-- test01 -->
        <test-method signature="test01()[pri:0, instance:cs.utec.edu.pe.Lab01Test@7acfb656]" started-at="2021-05-08T09:27:49 PET" name="test01" finished-at="2021-05-08T09:27:49 PET" duration-ms="13" status="PASS">
          <reporter-output>
          </reporter-output>
        </test-method> <!-- test01 -->
        <test-method signature="test01()[pri:0, instance:cs.utec.edu.pe.Lab01Test@7acfb656]" started-at="2021-05-08T09:27:49 PET" name="test01" finished-at="2021-05-08T09:27:49 PET" duration-ms="1" status="PASS">
          <reporter-output>
          </reporter-output>
        </test-method> <!-- test01 -->
        <test-method signature="test01()[pri:0, instance:cs.utec.edu.pe.Lab01Test@7acfb656]" started-at="2021-05-08T09:27:49 PET" name="test01" finished-at="2021-05-08T09:27:49 PET" duration-ms="2" status="PASS">
          <reporter-output>
          </reporter-output>
        </test-method> <!-- test01 -->
        <test-method signature="test01()[pri:0, instance:cs.utec.edu.pe.Lab01Test@7acfb656]" started-at="2021-05-08T09:27:49 PET" name="test01" finished-at="2021-05-08T09:27:49 PET" duration-ms="0" status="PASS">
          <reporter-output>
          </reporter-output>
        </test-method> <!-- test01 -->
        <test-method signature="test01()[pri:0, instance:cs.utec.edu.pe.Lab01Test@7acfb656]" started-at="2021-05-08T09:27:49 PET" name="test01" finished-at="2021-05-08T09:27:49 PET" duration-ms="0" status="PASS">
          <reporter-output>
          </reporter-output>
        </test-method> <!-- test01 -->
        <test-method signature="test01()[pri:0, instance:cs.utec.edu.pe.Lab01Test@7acfb656]" started-at="2021-05-08T09:27:49 PET" name="test01" finished-at="2021-05-08T09:27:49 PET" duration-ms="1" status="PASS">
          <reporter-output>
          </reporter-output>
        </test-method> <!-- test01 -->
        <test-method signature="test01()[pri:0, instance:cs.utec.edu.pe.Lab01Test@7acfb656]" started-at="2021-05-08T09:27:49 PET" name="test01" finished-at="2021-05-08T09:27:49 PET" duration-ms="1" status="PASS">
          <reporter-output>
          </reporter-output>
        </test-method> <!-- test01 -->
        <test-method signature="test01()[pri:0, instance:cs.utec.edu.pe.Lab01Test@7acfb656]" started-at="2021-05-08T09:27:49 PET" name="test01" finished-at="2021-05-08T09:27:49 PET" duration-ms="0" status="PASS">
          <reporter-output>
          </reporter-output>
        </test-method> <!-- test01 -->
        <test-method signature="test01()[pri:0, instance:cs.utec.edu.pe.Lab01Test@7acfb656]" started-at="2021-05-08T09:27:49 PET" name="test01" finished-at="2021-05-08T09:27:49 PET" duration-ms="12" status="PASS">
          <reporter-output>
          </reporter-output>
        </test-method> <!-- test01 -->
        <test-method signature="test01()[pri:0, instance:cs.utec.edu.pe.Lab01Test@7acfb656]" started-at="2021-05-08T09:27:49 PET" name="test01" finished-at="2021-05-08T09:27:49 PET" duration-ms="0" status="PASS">
          <reporter-output>
          </reporter-output>
        </test-method> <!-- test01 -->
        <test-method signature="test01()[pri:0, instance:cs.utec.edu.pe.Lab01Test@7acfb656]" started-at="2021-05-08T09:27:49 PET" name="test01" finished-at="2021-05-08T09:27:49 PET" duration-ms="1" status="PASS">
          <reporter-output>
          </reporter-output>
        </test-method> <!-- test01 -->
        <test-method signature="test01()[pri:0, instance:cs.utec.edu.pe.Lab01Test@7acfb656]" started-at="2021-05-08T09:27:49 PET" name="test01" finished-at="2021-05-08T09:27:49 PET" duration-ms="10" status="PASS">
          <reporter-output>
          </reporter-output>
        </test-method> <!-- test01 -->
        <test-method signature="test01()[pri:0, instance:cs.utec.edu.pe.Lab01Test@7acfb656]" started-at="2021-05-08T09:27:49 PET" name="test01" finished-at="2021-05-08T09:27:49 PET" duration-ms="0" status="PASS">
          <reporter-output>
          </reporter-output>
        </test-method> <!-- test01 -->
        <test-method signature="test01()[pri:0, instance:cs.utec.edu.pe.Lab01Test@7acfb656]" started-at="2021-05-08T09:27:49 PET" name="test01" finished-at="2021-05-08T09:27:49 PET" duration-ms="0" status="PASS">
          <reporter-output>
          </reporter-output>
        </test-method> <!-- test01 -->
        <test-method signature="test01()[pri:0, instance:cs.utec.edu.pe.Lab01Test@7acfb656]" started-at="2021-05-08T09:27:49 PET" name="test01" finished-at="2021-05-08T09:27:49 PET" duration-ms="11" status="PASS">
          <reporter-output>
          </reporter-output>
        </test-method> <!-- test01 -->
        <test-method signature="test01()[pri:0, instance:cs.utec.edu.pe.Lab01Test@7acfb656]" started-at="2021-05-08T09:27:49 PET" name="test01" finished-at="2021-05-08T09:27:49 PET" duration-ms="0" status="PASS">
          <reporter-output>
          </reporter-output>
        </test-method> <!-- test01 -->
        <test-method signature="test01()[pri:0, instance:cs.utec.edu.pe.Lab01Test@7acfb656]" started-at="2021-05-08T09:27:49 PET" name="test01" finished-at="2021-05-08T09:27:49 PET" duration-ms="0" status="PASS">
          <reporter-output>
          </reporter-output>
        </test-method> <!-- test01 -->
        <test-method signature="test01()[pri:0, instance:cs.utec.edu.pe.Lab01Test@7acfb656]" started-at="2021-05-08T09:27:49 PET" name="test01" finished-at="2021-05-08T09:27:49 PET" duration-ms="0" status="PASS">
          <reporter-output>
          </reporter-output>
        </test-method> <!-- test01 -->
        <test-method signature="test01()[pri:0, instance:cs.utec.edu.pe.Lab01Test@7acfb656]" started-at="2021-05-08T09:27:49 PET" name="test01" finished-at="2021-05-08T09:27:49 PET" duration-ms="0" status="PASS">
          <reporter-output>
          </reporter-output>
        </test-method> <!-- test01 -->
        <test-method signature="test01()[pri:0, instance:cs.utec.edu.pe.Lab01Test@7acfb656]" started-at="2021-05-08T09:27:49 PET" name="test01" finished-at="2021-05-08T09:27:49 PET" duration-ms="10" status="PASS">
          <reporter-output>
          </reporter-output>
        </test-method> <!-- test01 -->
        <test-method signature="test01()[pri:0, instance:cs.utec.edu.pe.Lab01Test@7acfb656]" started-at="2021-05-08T09:27:49 PET" name="test01" finished-at="2021-05-08T09:27:49 PET" duration-ms="0" status="PASS">
          <reporter-output>
          </reporter-output>
        </test-method> <!-- test01 -->
        <test-method signature="test01()[pri:0, instance:cs.utec.edu.pe.Lab01Test@7acfb656]" started-at="2021-05-08T09:27:49 PET" name="test01" finished-at="2021-05-08T09:27:49 PET" duration-ms="0" status="PASS">
          <reporter-output>
          </reporter-output>
        </test-method> <!-- test01 -->
        <test-method signature="test01()[pri:0, instance:cs.utec.edu.pe.Lab01Test@7acfb656]" started-at="2021-05-08T09:27:49 PET" name="test01" finished-at="2021-05-08T09:27:49 PET" duration-ms="0" status="PASS">
          <reporter-output>
          </reporter-output>
        </test-method> <!-- test01 -->
        <test-method signature="test01()[pri:0, instance:cs.utec.edu.pe.Lab01Test@7acfb656]" started-at="2021-05-08T09:27:49 PET" name="test01" finished-at="2021-05-08T09:27:49 PET" duration-ms="0" status="PASS">
          <reporter-output>
          </reporter-output>
        </test-method> <!-- test01 -->
        <test-method signature="test01()[pri:0, instance:cs.utec.edu.pe.Lab01Test@7acfb656]" started-at="2021-05-08T09:27:49 PET" name="test01" finished-at="2021-05-08T09:27:49 PET" duration-ms="10" status="PASS">
          <reporter-output>
          </reporter-output>
        </test-method> <!-- test01 -->
        <test-method signature="test01()[pri:0, instance:cs.utec.edu.pe.Lab01Test@7acfb656]" started-at="2021-05-08T09:27:49 PET" name="test01" finished-at="2021-05-08T09:27:49 PET" duration-ms="10" status="PASS">
          <reporter-output>
          </reporter-output>
        </test-method> <!-- test01 -->
        <test-method signature="test01()[pri:0, instance:cs.utec.edu.pe.Lab01Test@7acfb656]" started-at="2021-05-08T09:27:49 PET" name="test01" finished-at="2021-05-08T09:27:49 PET" duration-ms="10" status="PASS">
          <reporter-output>
          </reporter-output>
        </test-method> <!-- test01 -->
        <test-method signature="test01()[pri:0, instance:cs.utec.edu.pe.Lab01Test@7acfb656]" started-at="2021-05-08T09:27:49 PET" name="test01" finished-at="2021-05-08T09:27:49 PET" duration-ms="10" status="PASS">
          <reporter-output>
          </reporter-output>
        </test-method> <!-- test01 -->
        <test-method signature="test01()[pri:0, instance:cs.utec.edu.pe.Lab01Test@7acfb656]" started-at="2021-05-08T09:27:49 PET" name="test01" finished-at="2021-05-08T09:27:49 PET" duration-ms="8" status="PASS">
          <reporter-output>
          </reporter-output>
        </test-method> <!-- test01 -->
        <test-method signature="test01()[pri:0, instance:cs.utec.edu.pe.Lab01Test@7acfb656]" started-at="2021-05-08T09:27:49 PET" name="test01" finished-at="2021-05-08T09:27:49 PET" duration-ms="1" status="PASS">
          <reporter-output>
          </reporter-output>
        </test-method> <!-- test01 -->
        <test-method signature="test01()[pri:0, instance:cs.utec.edu.pe.Lab01Test@7acfb656]" started-at="2021-05-08T09:27:49 PET" name="test01" finished-at="2021-05-08T09:27:49 PET" duration-ms="0" status="PASS">
          <reporter-output>
          </reporter-output>
        </test-method> <!-- test01 -->
        <test-method signature="test01()[pri:0, instance:cs.utec.edu.pe.Lab01Test@7acfb656]" started-at="2021-05-08T09:27:49 PET" name="test01" finished-at="2021-05-08T09:27:49 PET" duration-ms="0" status="PASS">
          <reporter-output>
          </reporter-output>
        </test-method> <!-- test01 -->
        <test-method signature="test01()[pri:0, instance:cs.utec.edu.pe.Lab01Test@7acfb656]" started-at="2021-05-08T09:27:49 PET" name="test01" finished-at="2021-05-08T09:27:49 PET" duration-ms="0" status="PASS">
          <reporter-output>
          </reporter-output>
        </test-method> <!-- test01 -->
        <test-method signature="test01()[pri:0, instance:cs.utec.edu.pe.Lab01Test@7acfb656]" started-at="2021-05-08T09:27:49 PET" name="test01" finished-at="2021-05-08T09:27:49 PET" duration-ms="0" status="PASS">
          <reporter-output>
          </reporter-output>
        </test-method> <!-- test01 -->
        <test-method signature="test01()[pri:0, instance:cs.utec.edu.pe.Lab01Test@7acfb656]" started-at="2021-05-08T09:27:49 PET" name="test01" finished-at="2021-05-08T09:27:49 PET" duration-ms="0" status="PASS">
          <reporter-output>
          </reporter-output>
        </test-method> <!-- test01 -->
        <test-method signature="test01()[pri:0, instance:cs.utec.edu.pe.Lab01Test@7acfb656]" started-at="2021-05-08T09:27:49 PET" name="test01" finished-at="2021-05-08T09:27:49 PET" duration-ms="0" status="PASS">
          <reporter-output>
          </reporter-output>
        </test-method> <!-- test01 -->
        <test-method signature="test01()[pri:0, instance:cs.utec.edu.pe.Lab01Test@7acfb656]" started-at="2021-05-08T09:27:49 PET" name="test01" finished-at="2021-05-08T09:27:49 PET" duration-ms="0" status="PASS">
          <reporter-output>
          </reporter-output>
        </test-method> <!-- test01 -->
        <test-method signature="test01()[pri:0, instance:cs.utec.edu.pe.Lab01Test@7acfb656]" started-at="2021-05-08T09:27:49 PET" name="test01" finished-at="2021-05-08T09:27:49 PET" duration-ms="8" status="PASS">
          <reporter-output>
          </reporter-output>
        </test-method> <!-- test01 -->
        <test-method signature="test01()[pri:0, instance:cs.utec.edu.pe.Lab01Test@7acfb656]" started-at="2021-05-08T09:27:49 PET" name="test01" finished-at="2021-05-08T09:27:49 PET" duration-ms="9" status="PASS">
          <reporter-output>
          </reporter-output>
        </test-method> <!-- test01 -->
        <test-method signature="test01()[pri:0, instance:cs.utec.edu.pe.Lab01Test@7acfb656]" started-at="2021-05-08T09:27:49 PET" name="test01" finished-at="2021-05-08T09:27:49 PET" duration-ms="0" status="PASS">
          <reporter-output>
          </reporter-output>
        </test-method> <!-- test01 -->
        <test-method signature="test01()[pri:0, instance:cs.utec.edu.pe.Lab01Test@7acfb656]" started-at="2021-05-08T09:27:49 PET" name="test01" finished-at="2021-05-08T09:27:49 PET" duration-ms="7" status="PASS">
          <reporter-output>
          </reporter-output>
        </test-method> <!-- test01 -->
        <test-method signature="test01()[pri:0, instance:cs.utec.edu.pe.Lab01Test@7acfb656]" started-at="2021-05-08T09:27:49 PET" name="test01" finished-at="2021-05-08T09:27:49 PET" duration-ms="0" status="PASS">
          <reporter-output>
          </reporter-output>
        </test-method> <!-- test01 -->
        <test-method signature="test01()[pri:0, instance:cs.utec.edu.pe.Lab01Test@7acfb656]" started-at="2021-05-08T09:27:49 PET" name="test01" finished-at="2021-05-08T09:27:49 PET" duration-ms="1" status="PASS">
          <reporter-output>
          </reporter-output>
        </test-method> <!-- test01 -->
        <test-method signature="test01()[pri:0, instance:cs.utec.edu.pe.Lab01Test@7acfb656]" started-at="2021-05-08T09:27:49 PET" name="test01" finished-at="2021-05-08T09:27:49 PET" duration-ms="0" status="PASS">
          <reporter-output>
          </reporter-output>
        </test-method> <!-- test01 -->
        <test-method signature="test01()[pri:0, instance:cs.utec.edu.pe.Lab01Test@7acfb656]" started-at="2021-05-08T09:27:49 PET" name="test01" finished-at="2021-05-08T09:27:49 PET" duration-ms="0" status="PASS">
          <reporter-output>
          </reporter-output>
        </test-method> <!-- test01 -->
        <test-method signature="test01()[pri:0, instance:cs.utec.edu.pe.Lab01Test@7acfb656]" started-at="2021-05-08T09:27:49 PET" name="test01" finished-at="2021-05-08T09:27:49 PET" duration-ms="5" status="PASS">
          <reporter-output>
          </reporter-output>
        </test-method> <!-- test01 -->
        <test-method signature="test01()[pri:0, instance:cs.utec.edu.pe.Lab01Test@7acfb656]" started-at="2021-05-08T09:27:49 PET" name="test01" finished-at="2021-05-08T09:27:49 PET" duration-ms="0" status="PASS">
          <reporter-output>
          </reporter-output>
        </test-method> <!-- test01 -->
        <test-method signature="test01()[pri:0, instance:cs.utec.edu.pe.Lab01Test@7acfb656]" started-at="2021-05-08T09:27:49 PET" name="test01" finished-at="2021-05-08T09:27:49 PET" duration-ms="0" status="PASS">
          <reporter-output>
          </reporter-output>
        </test-method> <!-- test01 -->
        <test-method signature="test01()[pri:0, instance:cs.utec.edu.pe.Lab01Test@7acfb656]" started-at="2021-05-08T09:27:49 PET" name="test01" finished-at="2021-05-08T09:27:49 PET" duration-ms="0" status="PASS">
          <reporter-output>
          </reporter-output>
        </test-method> <!-- test01 -->
        <test-method signature="test01()[pri:0, instance:cs.utec.edu.pe.Lab01Test@7acfb656]" started-at="2021-05-08T09:27:49 PET" name="test01" finished-at="2021-05-08T09:27:49 PET" duration-ms="4" status="PASS">
          <reporter-output>
          </reporter-output>
        </test-method> <!-- test01 -->
        <test-method signature="test01()[pri:0, instance:cs.utec.edu.pe.Lab01Test@7acfb656]" started-at="2021-05-08T09:27:49 PET" name="test01" finished-at="2021-05-08T09:27:49 PET" duration-ms="0" status="PASS">
          <reporter-output>
          </reporter-output>
        </test-method> <!-- test01 -->
        <test-method signature="test01()[pri:0, instance:cs.utec.edu.pe.Lab01Test@7acfb656]" started-at="2021-05-08T09:27:49 PET" name="test01" finished-at="2021-05-08T09:27:49 PET" duration-ms="0" status="PASS">
          <reporter-output>
          </reporter-output>
        </test-method> <!-- test01 -->
        <test-method signature="test01()[pri:0, instance:cs.utec.edu.pe.Lab01Test@7acfb656]" started-at="2021-05-08T09:27:49 PET" name="test01" finished-at="2021-05-08T09:27:49 PET" duration-ms="0" status="PASS">
          <reporter-output>
          </reporter-output>
        </test-method> <!-- test01 -->
        <test-method signature="test01()[pri:0, instance:cs.utec.edu.pe.Lab01Test@7acfb656]" started-at="2021-05-08T09:27:49 PET" name="test01" finished-at="2021-05-08T09:27:49 PET" duration-ms="4" status="PASS">
          <reporter-output>
          </reporter-output>
        </test-method> <!-- test01 -->
        <test-method signature="test01()[pri:0, instance:cs.utec.edu.pe.Lab01Test@7acfb656]" started-at="2021-05-08T09:27:49 PET" name="test01" finished-at="2021-05-08T09:27:49 PET" duration-ms="0" status="PASS">
          <reporter-output>
          </reporter-output>
        </test-method> <!-- test01 -->
        <test-method signature="test01()[pri:0, instance:cs.utec.edu.pe.Lab01Test@7acfb656]" started-at="2021-05-08T09:27:49 PET" name="test01" finished-at="2021-05-08T09:27:49 PET" duration-ms="0" status="PASS">
          <reporter-output>
          </reporter-output>
        </test-method> <!-- test01 -->
        <test-method signature="test01()[pri:0, instance:cs.utec.edu.pe.Lab01Test@7acfb656]" started-at="2021-05-08T09:27:49 PET" name="test01" finished-at="2021-05-08T09:27:49 PET" duration-ms="6" status="PASS">
          <reporter-output>
          </reporter-output>
        </test-method> <!-- test01 -->
        <test-method signature="test01()[pri:0, instance:cs.utec.edu.pe.Lab01Test@7acfb656]" started-at="2021-05-08T09:27:49 PET" name="test01" finished-at="2021-05-08T09:27:49 PET" duration-ms="0" status="PASS">
          <reporter-output>
          </reporter-output>
        </test-method> <!-- test01 -->
        <test-method signature="test01()[pri:0, instance:cs.utec.edu.pe.Lab01Test@7acfb656]" started-at="2021-05-08T09:27:49 PET" name="test01" finished-at="2021-05-08T09:27:49 PET" duration-ms="1" status="PASS">
          <reporter-output>
          </reporter-output>
        </test-method> <!-- test01 -->
        <test-method signature="test01()[pri:0, instance:cs.utec.edu.pe.Lab01Test@7acfb656]" started-at="2021-05-08T09:27:49 PET" name="test01" finished-at="2021-05-08T09:27:49 PET" duration-ms="0" status="PASS">
          <reporter-output>
          </reporter-output>
        </test-method> <!-- test01 -->
        <test-method signature="test01()[pri:0, instance:cs.utec.edu.pe.Lab01Test@7acfb656]" started-at="2021-05-08T09:27:49 PET" name="test01" finished-at="2021-05-08T09:27:49 PET" duration-ms="0" status="PASS">
          <reporter-output>
          </reporter-output>
        </test-method> <!-- test01 -->
        <test-method signature="test01()[pri:0, instance:cs.utec.edu.pe.Lab01Test@7acfb656]" started-at="2021-05-08T09:27:49 PET" name="test01" finished-at="2021-05-08T09:27:49 PET" duration-ms="0" status="PASS">
          <reporter-output>
          </reporter-output>
        </test-method> <!-- test01 -->
        <test-method signature="test01()[pri:0, instance:cs.utec.edu.pe.Lab01Test@7acfb656]" started-at="2021-05-08T09:27:49 PET" name="test01" finished-at="2021-05-08T09:27:49 PET" duration-ms="0" status="PASS">
          <reporter-output>
          </reporter-output>
        </test-method> <!-- test01 -->
        <test-method signature="test01()[pri:0, instance:cs.utec.edu.pe.Lab01Test@7acfb656]" started-at="2021-05-08T09:27:49 PET" name="test01" finished-at="2021-05-08T09:27:49 PET" duration-ms="3" status="PASS">
          <reporter-output>
          </reporter-output>
        </test-method> <!-- test01 -->
        <test-method signature="test01()[pri:0, instance:cs.utec.edu.pe.Lab01Test@7acfb656]" started-at="2021-05-08T09:27:49 PET" name="test01" finished-at="2021-05-08T09:27:49 PET" duration-ms="3" status="PASS">
          <reporter-output>
          </reporter-output>
        </test-method> <!-- test01 -->
        <test-method signature="test01()[pri:0, instance:cs.utec.edu.pe.Lab01Test@7acfb656]" started-at="2021-05-08T09:27:49 PET" name="test01" finished-at="2021-05-08T09:27:49 PET" duration-ms="1" status="PASS">
          <reporter-output>
          </reporter-output>
        </test-method> <!-- test01 -->
        <test-method signature="test01()[pri:0, instance:cs.utec.edu.pe.Lab01Test@7acfb656]" started-at="2021-05-08T09:27:49 PET" name="test01" finished-at="2021-05-08T09:27:49 PET" duration-ms="2" status="PASS">
          <reporter-output>
          </reporter-output>
        </test-method> <!-- test01 -->
        <test-method signature="test01()[pri:0, instance:cs.utec.edu.pe.Lab01Test@7acfb656]" started-at="2021-05-08T09:27:49 PET" name="test01" finished-at="2021-05-08T09:27:49 PET" duration-ms="0" status="PASS">
          <reporter-output>
          </reporter-output>
        </test-method> <!-- test01 -->
        <test-method signature="test01()[pri:0, instance:cs.utec.edu.pe.Lab01Test@7acfb656]" started-at="2021-05-08T09:27:49 PET" name="test01" finished-at="2021-05-08T09:27:49 PET" duration-ms="3" status="PASS">
          <reporter-output>
          </reporter-output>
        </test-method> <!-- test01 -->
        <test-method signature="test01()[pri:0, instance:cs.utec.edu.pe.Lab01Test@7acfb656]" started-at="2021-05-08T09:27:49 PET" name="test01" finished-at="2021-05-08T09:27:49 PET" duration-ms="3" status="PASS">
          <reporter-output>
          </reporter-output>
        </test-method> <!-- test01 -->
        <test-method signature="test01()[pri:0, instance:cs.utec.edu.pe.Lab01Test@7acfb656]" started-at="2021-05-08T09:27:49 PET" name="test01" finished-at="2021-05-08T09:27:49 PET" duration-ms="1" status="PASS">
          <reporter-output>
          </reporter-output>
        </test-method> <!-- test01 -->
        <test-method signature="test01()[pri:0, instance:cs.utec.edu.pe.Lab01Test@7acfb656]" started-at="2021-05-08T09:27:49 PET" name="test01" finished-at="2021-05-08T09:27:49 PET" duration-ms="3" status="PASS">
          <reporter-output>
          </reporter-output>
        </test-method> <!-- test01 -->
        <test-method signature="test01()[pri:0, instance:cs.utec.edu.pe.Lab01Test@7acfb656]" started-at="2021-05-08T09:27:49 PET" name="test01" finished-at="2021-05-08T09:27:49 PET" duration-ms="2" status="PASS">
          <reporter-output>
          </reporter-output>
        </test-method> <!-- test01 -->
        <test-method signature="test01()[pri:0, instance:cs.utec.edu.pe.Lab01Test@7acfb656]" started-at="2021-05-08T09:27:49 PET" name="test01" finished-at="2021-05-08T09:27:49 PET" duration-ms="0" status="PASS">
          <reporter-output>
          </reporter-output>
        </test-method> <!-- test01 -->
        <test-method signature="test01()[pri:0, instance:cs.utec.edu.pe.Lab01Test@7acfb656]" started-at="2021-05-08T09:27:49 PET" name="test01" finished-at="2021-05-08T09:27:49 PET" duration-ms="1" status="PASS">
          <reporter-output>
          </reporter-output>
        </test-method> <!-- test01 -->
        <test-method signature="test01()[pri:0, instance:cs.utec.edu.pe.Lab01Test@7acfb656]" started-at="2021-05-08T09:27:49 PET" name="test01" finished-at="2021-05-08T09:27:49 PET" duration-ms="0" status="PASS">
          <reporter-output>
          </reporter-output>
        </test-method> <!-- test01 -->
        <test-method signature="test01()[pri:0, instance:cs.utec.edu.pe.Lab01Test@7acfb656]" started-at="2021-05-08T09:27:49 PET" name="test01" finished-at="2021-05-08T09:27:49 PET" duration-ms="0" status="PASS">
          <reporter-output>
          </reporter-output>
        </test-method> <!-- test01 -->
        <test-method signature="test01()[pri:0, instance:cs.utec.edu.pe.Lab01Test@7acfb656]" started-at="2021-05-08T09:27:49 PET" name="test01" finished-at="2021-05-08T09:27:49 PET" duration-ms="0" status="PASS">
          <reporter-output>
          </reporter-output>
        </test-method> <!-- test01 -->
        <test-method signature="test01()[pri:0, instance:cs.utec.edu.pe.Lab01Test@7acfb656]" started-at="2021-05-08T09:27:49 PET" name="test01" finished-at="2021-05-08T09:27:49 PET" duration-ms="0" status="PASS">
          <reporter-output>
          </reporter-output>
        </test-method> <!-- test01 -->
        <test-method signature="test01()[pri:0, instance:cs.utec.edu.pe.Lab01Test@7acfb656]" started-at="2021-05-08T09:27:49 PET" name="test01" finished-at="2021-05-08T09:27:49 PET" duration-ms="0" status="PASS">
          <reporter-output>
          </reporter-output>
        </test-method> <!-- test01 -->
        <test-method signature="test01()[pri:0, instance:cs.utec.edu.pe.Lab01Test@7acfb656]" started-at="2021-05-08T09:27:49 PET" name="test01" finished-at="2021-05-08T09:27:49 PET" duration-ms="1" status="PASS">
          <reporter-output>
          </reporter-output>
        </test-method> <!-- test01 -->
        <test-method signature="test01()[pri:0, instance:cs.utec.edu.pe.Lab01Test@7acfb656]" started-at="2021-05-08T09:27:49 PET" name="test01" finished-at="2021-05-08T09:27:49 PET" duration-ms="1" status="PASS">
          <reporter-output>
          </reporter-output>
        </test-method> <!-- test01 -->
        <test-method signature="test01()[pri:0, instance:cs.utec.edu.pe.Lab01Test@7acfb656]" started-at="2021-05-08T09:27:49 PET" name="test01" finished-at="2021-05-08T09:27:49 PET" duration-ms="1" status="PASS">
          <reporter-output>
          </reporter-output>
        </test-method> <!-- test01 -->
        <test-method signature="test01()[pri:0, instance:cs.utec.edu.pe.Lab01Test@7acfb656]" started-at="2021-05-08T09:27:49 PET" name="test01" finished-at="2021-05-08T09:27:49 PET" duration-ms="0" status="PASS">
          <reporter-output>
          </reporter-output>
        </test-method> <!-- test01 -->
        <test-method signature="test01()[pri:0, instance:cs.utec.edu.pe.Lab01Test@7acfb656]" started-at="2021-05-08T09:27:49 PET" name="test01" finished-at="2021-05-08T09:27:49 PET" duration-ms="0" status="PASS">
          <reporter-output>
          </reporter-output>
        </test-method> <!-- test01 -->
        <test-method signature="test01()[pri:0, instance:cs.utec.edu.pe.Lab01Test@7acfb656]" started-at="2021-05-08T09:27:49 PET" name="test01" finished-at="2021-05-08T09:27:49 PET" duration-ms="0" status="PASS">
          <reporter-output>
          </reporter-output>
        </test-method> <!-- test01 -->
        <test-method signature="test01()[pri:0, instance:cs.utec.edu.pe.Lab01Test@7acfb656]" started-at="2021-05-08T09:27:49 PET" name="test01" finished-at="2021-05-08T09:27:49 PET" duration-ms="14" status="PASS">
          <reporter-output>
          </reporter-output>
        </test-method> <!-- test01 -->
        <test-method signature="test01()[pri:0, instance:cs.utec.edu.pe.Lab01Test@7acfb656]" started-at="2021-05-08T09:27:49 PET" name="test01" finished-at="2021-05-08T09:27:49 PET" duration-ms="0" status="PASS">
          <reporter-output>
          </reporter-output>
        </test-method> <!-- test01 -->
        <test-method signature="test01()[pri:0, instance:cs.utec.edu.pe.Lab01Test@7acfb656]" started-at="2021-05-08T09:27:49 PET" name="test01" finished-at="2021-05-08T09:27:49 PET" duration-ms="14" status="PASS">
          <reporter-output>
          </reporter-output>
        </test-method> <!-- test01 -->
        <test-method signature="test01()[pri:0, instance:cs.utec.edu.pe.Lab01Test@7acfb656]" started-at="2021-05-08T09:27:49 PET" name="test01" finished-at="2021-05-08T09:27:49 PET" duration-ms="14" status="PASS">
          <reporter-output>
          </reporter-output>
        </test-method> <!-- test01 -->
        <test-method signature="test01()[pri:0, instance:cs.utec.edu.pe.Lab01Test@7acfb656]" started-at="2021-05-08T09:27:49 PET" name="test01" finished-at="2021-05-08T09:27:49 PET" duration-ms="1" status="PASS">
          <reporter-output>
          </reporter-output>
        </test-method> <!-- test01 -->
        <test-method signature="test01()[pri:0, instance:cs.utec.edu.pe.Lab01Test@7acfb656]" started-at="2021-05-08T09:27:49 PET" name="test01" finished-at="2021-05-08T09:27:49 PET" duration-ms="14" status="PASS">
          <reporter-output>
          </reporter-output>
        </test-method> <!-- test01 -->
        <test-method signature="test01()[pri:0, instance:cs.utec.edu.pe.Lab01Test@7acfb656]" started-at="2021-05-08T09:27:49 PET" name="test01" finished-at="2021-05-08T09:27:49 PET" duration-ms="14" status="PASS">
          <reporter-output>
          </reporter-output>
        </test-method> <!-- test01 -->
        <test-method signature="test01()[pri:0, instance:cs.utec.edu.pe.Lab01Test@7acfb656]" started-at="2021-05-08T09:27:49 PET" name="test01" finished-at="2021-05-08T09:27:49 PET" duration-ms="1" status="PASS">
          <reporter-output>
          </reporter-output>
        </test-method> <!-- test01 -->
        <test-method signature="test01()[pri:0, instance:cs.utec.edu.pe.Lab01Test@7acfb656]" started-at="2021-05-08T09:27:49 PET" name="test01" finished-at="2021-05-08T09:27:49 PET" duration-ms="0" status="PASS">
          <reporter-output>
          </reporter-output>
        </test-method> <!-- test01 -->
        <test-method signature="test01()[pri:0, instance:cs.utec.edu.pe.Lab01Test@7acfb656]" started-at="2021-05-08T09:27:49 PET" name="test01" finished-at="2021-05-08T09:27:49 PET" duration-ms="0" status="PASS">
          <reporter-output>
          </reporter-output>
        </test-method> <!-- test01 -->
        <test-method signature="test01()[pri:0, instance:cs.utec.edu.pe.Lab01Test@7acfb656]" started-at="2021-05-08T09:27:49 PET" name="test01" finished-at="2021-05-08T09:27:49 PET" duration-ms="14" status="PASS">
          <reporter-output>
          </reporter-output>
        </test-method> <!-- test01 -->
        <test-method signature="test01()[pri:0, instance:cs.utec.edu.pe.Lab01Test@7acfb656]" started-at="2021-05-08T09:27:49 PET" name="test01" finished-at="2021-05-08T09:27:49 PET" duration-ms="0" status="PASS">
          <reporter-output>
          </reporter-output>
        </test-method> <!-- test01 -->
        <test-method signature="test01()[pri:0, instance:cs.utec.edu.pe.Lab01Test@7acfb656]" started-at="2021-05-08T09:27:49 PET" name="test01" finished-at="2021-05-08T09:27:49 PET" duration-ms="0" status="PASS">
          <reporter-output>
          </reporter-output>
        </test-method> <!-- test01 -->
        <test-method signature="test01()[pri:0, instance:cs.utec.edu.pe.Lab01Test@7acfb656]" started-at="2021-05-08T09:27:49 PET" name="test01" finished-at="2021-05-08T09:27:49 PET" duration-ms="0" status="PASS">
          <reporter-output>
          </reporter-output>
        </test-method> <!-- test01 -->
        <test-method signature="test01()[pri:0, instance:cs.utec.edu.pe.Lab01Test@7acfb656]" started-at="2021-05-08T09:27:49 PET" name="test01" finished-at="2021-05-08T09:27:49 PET" duration-ms="0" status="PASS">
          <reporter-output>
          </reporter-output>
        </test-method> <!-- test01 -->
        <test-method signature="test01()[pri:0, instance:cs.utec.edu.pe.Lab01Test@7acfb656]" started-at="2021-05-08T09:27:49 PET" name="test01" finished-at="2021-05-08T09:27:49 PET" duration-ms="0" status="PASS">
          <reporter-output>
          </reporter-output>
        </test-method> <!-- test01 -->
        <test-method signature="test01()[pri:0, instance:cs.utec.edu.pe.Lab01Test@7acfb656]" started-at="2021-05-08T09:27:49 PET" name="test01" finished-at="2021-05-08T09:27:49 PET" duration-ms="0" status="PASS">
          <reporter-output>
          </reporter-output>
        </test-method> <!-- test01 -->
        <test-method signature="test01()[pri:0, instance:cs.utec.edu.pe.Lab01Test@7acfb656]" started-at="2021-05-08T09:27:49 PET" name="test01" finished-at="2021-05-08T09:27:49 PET" duration-ms="0" status="PASS">
          <reporter-output>
          </reporter-output>
        </test-method> <!-- test01 -->
        <test-method signature="test01()[pri:0, instance:cs.utec.edu.pe.Lab01Test@7acfb656]" started-at="2021-05-08T09:27:49 PET" name="test01" finished-at="2021-05-08T09:27:49 PET" duration-ms="0" status="PASS">
          <reporter-output>
          </reporter-output>
        </test-method> <!-- test01 -->
        <test-method signature="test01()[pri:0, instance:cs.utec.edu.pe.Lab01Test@7acfb656]" started-at="2021-05-08T09:27:49 PET" name="test01" finished-at="2021-05-08T09:27:49 PET" duration-ms="0" status="PASS">
          <reporter-output>
          </reporter-output>
        </test-method> <!-- test01 -->
        <test-method signature="test01()[pri:0, instance:cs.utec.edu.pe.Lab01Test@7acfb656]" started-at="2021-05-08T09:27:49 PET" name="test01" finished-at="2021-05-08T09:27:49 PET" duration-ms="11" status="PASS">
          <reporter-output>
          </reporter-output>
[...]
          </reporter-output>
        </test-method> <!-- test01 -->
        <test-method signature="test01()[pri:0, instance:cs.utec.edu.pe.Lab01Test@7acfb656]" started-at="2021-05-08T09:27:49 PET" name="test01" finished-at="2021-05-08T09:27:49 PET" duration-ms="3" status="PASS">
          <reporter-output>
          </reporter-output>
        </test-method> <!-- test01 -->
        <test-method signature="test01()[pri:0, instance:cs.utec.edu.pe.Lab01Test@7acfb656]" started-at="2021-05-08T09:27:49 PET" name="test01" finished-at="2021-05-08T09:27:49 PET" duration-ms="0" status="PASS">
          <reporter-output>
          </reporter-output>
        </test-method> <!-- test01 -->
        <test-method signature="test01()[pri:0, instance:cs.utec.edu.pe.Lab01Test@7acfb656]" started-at="2021-05-08T09:27:49 PET" name="test01" finished-at="2021-05-08T09:27:49 PET" duration-ms="3" status="PASS">
          <reporter-output>
          </reporter-output>
        </test-method> <!-- test01 -->
        <test-method signature="test01()[pri:0, instance:cs.utec.edu.pe.Lab01Test@7acfb656]" started-at="2021-05-08T09:27:49 PET" name="test01" finished-at="2021-05-08T09:27:49 PET" duration-ms="1" status="PASS">
          <reporter-output>
          </reporter-output>
        </test-method> <!-- test01 -->
        <test-method signature="test01()[pri:0, instance:cs.utec.edu.pe.Lab01Test@7acfb656]" started-at="2021-05-08T09:27:49 PET" name="test01" finished-at="2021-05-08T09:27:49 PET" duration-ms="0" status="PASS">
          <reporter-output>
          </reporter-output>
        </test-method> <!-- test01 -->
        <test-method signature="test01()[pri:0, instance:cs.utec.edu.pe.Lab01Test@7acfb656]" started-at="2021-05-08T09:27:49 PET" name="test01" finished-at="2021-05-08T09:27:49 PET" duration-ms="0" status="PASS">
          <reporter-output>
          </reporter-output>
        </test-method> <!-- test01 -->
        <test-method signature="test01()[pri:0, instance:cs.utec.edu.pe.Lab01Test@7acfb656]" started-at="2021-05-08T09:27:49 PET" name="test01" finished-at="2021-05-08T09:27:49 PET" duration-ms="3" status="PASS">
          <reporter-output>
          </reporter-output>
        </test-method> <!-- test01 -->
        <test-method signature="test01()[pri:0, instance:cs.utec.edu.pe.Lab01Test@7acfb656]" started-at="2021-05-08T09:27:49 PET" name="test01" finished-at="2021-05-08T09:27:49 PET" duration-ms="3" status="PASS">
          <reporter-output>
          </reporter-output>
        </test-method> <!-- test01 -->
        <test-method signature="test01()[pri:0, instance:cs.utec.edu.pe.Lab01Test@7acfb656]" started-at="2021-05-08T09:27:49 PET" name="test01" finished-at="2021-05-08T09:27:49 PET" duration-ms="3" status="PASS">
          <reporter-output>
          </reporter-output>
        </test-method> <!-- test01 -->
        <test-method signature="test01()[pri:0, instance:cs.utec.edu.pe.Lab01Test@7acfb656]" started-at="2021-05-08T09:27:49 PET" name="test01" finished-at="2021-05-08T09:27:49 PET" duration-ms="3" status="PASS">
          <reporter-output>
          </reporter-output>
        </test-method> <!-- test01 -->
        <test-method signature="test01()[pri:0, instance:cs.utec.edu.pe.Lab01Test@7acfb656]" started-at="2021-05-08T09:27:49 PET" name="test01" finished-at="2021-05-08T09:27:49 PET" duration-ms="3" status="PASS">
          <reporter-output>
          </reporter-output>
        </test-method> <!-- test01 -->
        <test-method signature="test01()[pri:0, instance:cs.utec.edu.pe.Lab01Test@7acfb656]" started-at="2021-05-08T09:27:49 PET" name="test01" finished-at="2021-05-08T09:27:49 PET" duration-ms="0" status="PASS">
          <reporter-output>
          </reporter-output>
        </test-method> <!-- test01 -->
        <test-method signature="test01()[pri:0, instance:cs.utec.edu.pe.Lab01Test@7acfb656]" started-at="2021-05-08T09:27:49 PET" name="test01" finished-at="2021-05-08T09:27:49 PET" duration-ms="0" status="PASS">
          <reporter-output>
          </reporter-output>
        </test-method> <!-- test01 -->
        <test-method signature="test01()[pri:0, instance:cs.utec.edu.pe.Lab01Test@7acfb656]" started-at="2021-05-08T09:27:49 PET" name="test01" finished-at="2021-05-08T09:27:49 PET" duration-ms="3" status="PASS">
          <reporter-output>
          </reporter-output>
        </test-method> <!-- test01 -->
        <test-method signature="test01()[pri:0, instance:cs.utec.edu.pe.Lab01Test@7acfb656]" started-at="2021-05-08T09:27:49 PET" name="test01" finished-at="2021-05-08T09:27:49 PET" duration-ms="0" status="PASS">
          <reporter-output>
          </reporter-output>
        </test-method> <!-- test01 -->
        <test-method signature="test01()[pri:0, instance:cs.utec.edu.pe.Lab01Test@7acfb656]" started-at="2021-05-08T09:27:49 PET" name="test01" finished-at="2021-05-08T09:27:49 PET" duration-ms="0" status="PASS">
          <reporter-output>
          </reporter-output>
        </test-method> <!-- test01 -->
        <test-method signature="test01()[pri:0, instance:cs.utec.edu.pe.Lab01Test@7acfb656]" started-at="2021-05-08T09:27:49 PET" name="test01" finished-at="2021-05-08T09:27:49 PET" duration-ms="0" status="PASS">
          <reporter-output>
          </reporter-output>
        </test-method> <!-- test01 -->
        <test-method signature="test01()[pri:0, instance:cs.utec.edu.pe.Lab01Test@7acfb656]" started-at="2021-05-08T09:27:49 PET" name="test01" finished-at="2021-05-08T09:27:49 PET" duration-ms="3" status="PASS">
          <reporter-output>
          </reporter-output>
        </test-method> <!-- test01 -->
        <test-method signature="test01()[pri:0, instance:cs.utec.edu.pe.Lab01Test@7acfb656]" started-at="2021-05-08T09:27:49 PET" name="test01" finished-at="2021-05-08T09:27:49 PET" duration-ms="0" status="PASS">
          <reporter-output>
          </reporter-output>
        </test-method> <!-- test01 -->
        <test-method signature="test01()[pri:0, instance:cs.utec.edu.pe.Lab01Test@7acfb656]" started-at="2021-05-08T09:27:49 PET" name="test01" finished-at="2021-05-08T09:27:49 PET" duration-ms="0" status="PASS">
          <reporter-output>
          </reporter-output>
        </test-method> <!-- test01 -->
        <test-method signature="test01()[pri:0, instance:cs.utec.edu.pe.Lab01Test@7acfb656]" started-at="2021-05-08T09:27:49 PET" name="test01" finished-at="2021-05-08T09:27:49 PET" duration-ms="0" status="PASS">
          <reporter-output>
          </reporter-output>
        </test-method> <!-- test01 -->
        <test-method signature="test01()[pri:0, instance:cs.utec.edu.pe.Lab01Test@7acfb656]" started-at="2021-05-08T09:27:49 PET" name="test01" finished-at="2021-05-08T09:27:49 PET" duration-ms="2" status="PASS">
          <reporter-output>
          </reporter-output>
        </test-method> <!-- test01 -->
        <test-method signature="test01()[pri:0, instance:cs.utec.edu.pe.Lab01Test@7acfb656]" started-at="2021-05-08T09:27:49 PET" name="test01" finished-at="2021-05-08T09:27:49 PET" duration-ms="0" status="PASS">
          <reporter-output>
          </reporter-output>
        </test-method> <!-- test01 -->
        <test-method signature="test01()[pri:0, instance:cs.utec.edu.pe.Lab01Test@7acfb656]" started-at="2021-05-08T09:27:49 PET" name="test01" finished-at="2021-05-08T09:27:49 PET" duration-ms="0" status="PASS">
          <reporter-output>
          </reporter-output>
        </test-method> <!-- test01 -->
        <test-method signature="test01()[pri:0, instance:cs.utec.edu.pe.Lab01Test@7acfb656]" started-at="2021-05-08T09:27:49 PET" name="test01" finished-at="2021-05-08T09:27:49 PET" duration-ms="2" status="PASS">
          <reporter-output>
          </reporter-output>
        </test-method> <!-- test01 -->
        <test-method signature="test01()[pri:0, instance:cs.utec.edu.pe.Lab01Test@7acfb656]" started-at="2021-05-08T09:27:49 PET" name="test01" finished-at="2021-05-08T09:27:49 PET" duration-ms="0" status="PASS">
          <reporter-output>
          </reporter-output>
        </test-method> <!-- test01 -->
        <test-method signature="test01()[pri:0, instance:cs.utec.edu.pe.Lab01Test@7acfb656]" started-at="2021-05-08T09:27:49 PET" name="test01" finished-at="2021-05-08T09:27:49 PET" duration-ms="2" status="PASS">
          <reporter-output>
          </reporter-output>
        </test-method> <!-- test01 -->
        <test-method signature="test01()[pri:0, instance:cs.utec.edu.pe.Lab01Test@7acfb656]" started-at="2021-05-08T09:27:49 PET" name="test01" finished-at="2021-05-08T09:27:49 PET" duration-ms="0" status="PASS">
          <reporter-output>
          </reporter-output>
        </test-method> <!-- test01 -->
        <test-method signature="test01()[pri:0, instance:cs.utec.edu.pe.Lab01Test@7acfb656]" started-at="2021-05-08T09:27:49 PET" name="test01" finished-at="2021-05-08T09:27:49 PET" duration-ms="1" status="PASS">
          <reporter-output>
          </reporter-output>
        </test-method> <!-- test01 -->
        <test-method signature="test01()[pri:0, instance:cs.utec.edu.pe.Lab01Test@7acfb656]" started-at="2021-05-08T09:27:49 PET" name="test01" finished-at="2021-05-08T09:27:49 PET" duration-ms="2" status="PASS">
          <reporter-output>
          </reporter-output>
        </test-method> <!-- test01 -->
        <test-method signature="test01()[pri:0, instance:cs.utec.edu.pe.Lab01Test@7acfb656]" started-at="2021-05-08T09:27:49 PET" name="test01" finished-at="2021-05-08T09:27:49 PET" duration-ms="2" status="PASS">
          <reporter-output>
          </reporter-output>
        </test-method> <!-- test01 -->
        <test-method signature="test01()[pri:0, instance:cs.utec.edu.pe.Lab01Test@7acfb656]" started-at="2021-05-08T09:27:49 PET" name="test01" finished-at="2021-05-08T09:27:49 PET" duration-ms="0" status="PASS">
          <reporter-output>
          </reporter-output>
        </test-method> <!-- test01 -->
        <test-method signature="test01()[pri:0, instance:cs.utec.edu.pe.Lab01Test@7acfb656]" started-at="2021-05-08T09:27:49 PET" name="test01" finished-at="2021-05-08T09:27:49 PET" duration-ms="2" status="PASS">
          <reporter-output>
          </reporter-output>
        </test-method> <!-- test01 -->
        <test-method signature="test01()[pri:0, instance:cs.utec.edu.pe.Lab01Test@7acfb656]" started-at="2021-05-08T09:27:49 PET" name="test01" finished-at="2021-05-08T09:27:49 PET" duration-ms="0" status="PASS">
          <reporter-output>
          </reporter-output>
        </test-method> <!-- test01 -->
        <test-method signature="test01()[pri:0, instance:cs.utec.edu.pe.Lab01Test@7acfb656]" started-at="2021-05-08T09:27:49 PET" name="test01" finished-at="2021-05-08T09:27:49 PET" duration-ms="2" status="PASS">
          <reporter-output>
          </reporter-output>
        </test-method> <!-- test01 -->
        <test-method signature="test01()[pri:0, instance:cs.utec.edu.pe.Lab01Test@7acfb656]" started-at="2021-05-08T09:27:49 PET" name="test01" finished-at="2021-05-08T09:27:49 PET" duration-ms="0" status="PASS">
          <reporter-output>
          </reporter-output>
        </test-method> <!-- test01 -->
        <test-method signature="test01()[pri:0, instance:cs.utec.edu.pe.Lab01Test@7acfb656]" started-at="2021-05-08T09:27:49 PET" name="test01" finished-at="2021-05-08T09:27:49 PET" duration-ms="2" status="PASS">
          <reporter-output>
          </reporter-output>
        </test-method> <!-- test01 -->
        <test-method signature="test01()[pri:0, instance:cs.utec.edu.pe.Lab01Test@7acfb656]" started-at="2021-05-08T09:27:49 PET" name="test01" finished-at="2021-05-08T09:27:49 PET" duration-ms="0" status="PASS">
          <reporter-output>
          </reporter-output>
        </test-method> <!-- test01 -->
        <test-method signature="test01()[pri:0, instance:cs.utec.edu.pe.Lab01Test@7acfb656]" started-at="2021-05-08T09:27:49 PET" name="test01" finished-at="2021-05-08T09:27:49 PET" duration-ms="0" status="PASS">
          <reporter-output>
          </reporter-output>
        </test-method> <!-- test01 -->
        <test-method signature="test01()[pri:0, instance:cs.utec.edu.pe.Lab01Test@7acfb656]" started-at="2021-05-08T09:27:49 PET" name="test01" finished-at="2021-05-08T09:27:49 PET" duration-ms="2" status="PASS">
          <reporter-output>
          </reporter-output>
        </test-method> <!-- test01 -->
        <test-method signature="test01()[pri:0, instance:cs.utec.edu.pe.Lab01Test@7acfb656]" started-at="2021-05-08T09:27:49 PET" name="test01" finished-at="2021-05-08T09:27:49 PET" duration-ms="0" status="PASS">
          <reporter-output>
          </reporter-output>
        </test-method> <!-- test01 -->
        <test-method signature="test01()[pri:0, instance:cs.utec.edu.pe.Lab01Test@7acfb656]" started-at="2021-05-08T09:27:49 PET" name="test01" finished-at="2021-05-08T09:27:49 PET" duration-ms="2" status="PASS">
          <reporter-output>
          </reporter-output>
        </test-method> <!-- test01 -->
        <test-method signature="test01()[pri:0, instance:cs.utec.edu.pe.Lab01Test@7acfb656]" started-at="2021-05-08T09:27:49 PET" name="test01" finished-at="2021-05-08T09:27:49 PET" duration-ms="0" status="PASS">
          <reporter-output>
          </reporter-output>
        </test-method> <!-- test01 -->
        <test-method signature="test01()[pri:0, instance:cs.utec.edu.pe.Lab01Test@7acfb656]" started-at="2021-05-08T09:27:49 PET" name="test01" finished-at="2021-05-08T09:27:49 PET" duration-ms="0" status="PASS">
          <reporter-output>
          </reporter-output>
        </test-method> <!-- test01 -->
        <test-method signature="test01()[pri:0, instance:cs.utec.edu.pe.Lab01Test@7acfb656]" started-at="2021-05-08T09:27:49 PET" name="test01" finished-at="2021-05-08T09:27:49 PET" duration-ms="1" status="PASS">
          <reporter-output>
          </reporter-output>
        </test-method> <!-- test01 -->
        <test-method signature="test01()[pri:0, instance:cs.utec.edu.pe.Lab01Test@7acfb656]" started-at="2021-05-08T09:27:49 PET" name="test01" finished-at="2021-05-08T09:27:49 PET" duration-ms="1" status="PASS">
          <reporter-output>
          </reporter-output>
        </test-method> <!-- test01 -->
        <test-method signature="test01()[pri:0, instance:cs.utec.edu.pe.Lab01Test@7acfb656]" started-at="2021-05-08T09:27:49 PET" name="test01" finished-at="2021-05-08T09:27:49 PET" duration-ms="1" status="PASS">
          <reporter-output>
          </reporter-output>
        </test-method> <!-- test01 -->
        <test-method signature="test01()[pri:0, instance:cs.utec.edu.pe.Lab01Test@7acfb656]" started-at="2021-05-08T09:27:49 PET" name="test01" finished-at="2021-05-08T09:27:49 PET" duration-ms="0" status="PASS">
          <reporter-output>
          </reporter-output>
        </test-method> <!-- test01 -->
        <test-method signature="test01()[pri:0, instance:cs.utec.edu.pe.Lab01Test@7acfb656]" started-at="2021-05-08T09:27:49 PET" name="test01" finished-at="2021-05-08T09:27:49 PET" duration-ms="0" status="PASS">
          <reporter-output>
          </reporter-output>
        </test-method> <!-- test01 -->
        <test-method signature="test01()[pri:0, instance:cs.utec.edu.pe.Lab01Test@7acfb656]" started-at="2021-05-08T09:27:49 PET" name="test01" finished-at="2021-05-08T09:27:49 PET" duration-ms="0" status="PASS">
          <reporter-output>
          </reporter-output>
        </test-method> <!-- test01 -->
        <test-method signature="test01()[pri:0, instance:cs.utec.edu.pe.Lab01Test@7acfb656]" started-at="2021-05-08T09:27:49 PET" name="test01" finished-at="2021-05-08T09:27:49 PET" duration-ms="1" status="PASS">
          <reporter-output>
          </reporter-output>
        </test-method> <!-- test01 -->
        <test-method signature="test01()[pri:0, instance:cs.utec.edu.pe.Lab01Test@7acfb656]" started-at="2021-05-08T09:27:49 PET" name="test01" finished-at="2021-05-08T09:27:49 PET" duration-ms="1" status="PASS">
          <reporter-output>
          </reporter-output>
        </test-method> <!-- test01 -->
        <test-method signature="test01()[pri:0, instance:cs.utec.edu.pe.Lab01Test@7acfb656]" started-at="2021-05-08T09:27:49 PET" name="test01" finished-at="2021-05-08T09:27:49 PET" duration-ms="0" status="PASS">
          <reporter-output>
          </reporter-output>
        </test-method> <!-- test01 -->
        <test-method signature="test01()[pri:0, instance:cs.utec.edu.pe.Lab01Test@7acfb656]" started-at="2021-05-08T09:27:49 PET" name="test01" finished-at="2021-05-08T09:27:49 PET" duration-ms="1" status="PASS">
          <reporter-output>
          </reporter-output>
        </test-method> <!-- test01 -->
        <test-method signature="test01()[pri:0, instance:cs.utec.edu.pe.Lab01Test@7acfb656]" started-at="2021-05-08T09:27:49 PET" name="test01" finished-at="2021-05-08T09:27:49 PET" duration-ms="1" status="PASS">
          <reporter-output>
          </reporter-output>
        </test-method> <!-- test01 -->
        <test-method signature="test01()[pri:0, instance:cs.utec.edu.pe.Lab01Test@7acfb656]" started-at="2021-05-08T09:27:49 PET" name="test01" finished-at="2021-05-08T09:27:49 PET" duration-ms="0" status="PASS">
          <reporter-output>
          </reporter-output>
        </test-method> <!-- test01 -->
        <test-method signature="test01()[pri:0, instance:cs.utec.edu.pe.Lab01Test@7acfb656]" started-at="2021-05-08T09:27:49 PET" name="test01" finished-at="2021-05-08T09:27:49 PET" duration-ms="0" status="PASS">
          <reporter-output>
          </reporter-output>
        </test-method> <!-- test01 -->
        <test-method signature="test01()[pri:0, instance:cs.utec.edu.pe.Lab01Test@7acfb656]" started-at="2021-05-08T09:27:49 PET" name="test01" finished-at="2021-05-08T09:27:49 PET" duration-ms="0" status="PASS">
          <reporter-output>
          </reporter-output>
        </test-method> <!-- test01 -->
        <test-method signature="test01()[pri:0, instance:cs.utec.edu.pe.Lab01Test@7acfb656]" started-at="2021-05-08T09:27:49 PET" name="test01" finished-at="2021-05-08T09:27:49 PET" duration-ms="0" status="PASS">
          <reporter-output>
          </reporter-output>
        </test-method> <!-- test01 -->
        <test-method signature="test01()[pri:0, instance:cs.utec.edu.pe.Lab01Test@7acfb656]" started-at="2021-05-08T09:27:49 PET" name="test01" finished-at="2021-05-08T09:27:49 PET" duration-ms="0" status="PASS">
          <reporter-output>
          </reporter-output>
        </test-method> <!-- test01 -->
        <test-method signature="test01()[pri:0, instance:cs.utec.edu.pe.Lab01Test@7acfb656]" started-at="2021-05-08T09:27:49 PET" name="test01" finished-at="2021-05-08T09:27:49 PET" duration-ms="0" status="PASS">
          <reporter-output>
          </reporter-output>
        </test-method> <!-- test01 -->
        <test-method signature="test01()[pri:0, instance:cs.utec.edu.pe.Lab01Test@7acfb656]" started-at="2021-05-08T09:27:49 PET" name="test01" finished-at="2021-05-08T09:27:49 PET" duration-ms="0" status="PASS">
          <reporter-output>
          </reporter-output>
        </test-method> <!-- test01 -->
        <test-method signature="test02()[pri:0, instance:cs.utec.edu.pe.Lab01Test@7acfb656]" started-at="2021-05-08T09:27:49 PET" name="test02" finished-at="2021-05-08T09:27:49 PET" duration-ms="0" status="PASS">
          <reporter-output>
          </reporter-output>
        </test-method> <!-- test02 -->
        <test-method signature="test03()[pri:0, instance:cs.utec.edu.pe.Lab01Test@7acfb656]" started-at="2021-05-08T09:27:49 PET" name="test03" finished-at="2021-05-08T09:27:49 PET" duration-ms="0" status="PASS">
          <reporter-output>
          </reporter-output>
        </test-method> <!-- test03 -->
      </class> <!-- cs.utec.edu.pe.Lab01Test -->
    </test> <!-- Surefire test -->
  </suite> <!-- Surefire suite -->
</testng-results>
