<?xml version="1.0" encoding="UTF-8"?>
<testsuite xmlns:xsi="http://www.w3.org/2001/XMLSchema-instance" xsi:noNamespaceSchemaLocation="https://maven.apache.org/surefire/maven-surefire-plugin/xsd/surefire-test-report.xsd" name="cs.utec.edu.pe.Lab01Test" time="0.725" tests="1002" errors="0" skipped="0" failures="0">
  <properties>
[...]
</properties>
  <testcase name="test01" classname="cs.utec.edu.pe.Lab01Test" time="0.02"/>
  <testcase name="test01" classname="cs.utec.edu.pe.Lab01Test" time="0.02"/>
  <testcase name="test01" classname="cs.utec.edu.pe.Lab01Test" time="0.02"/>
  <testcase name="test01" classname="cs.utec.edu.pe.Lab01Test" time="0.02"/>
  <testcase name="test01" classname="cs.utec.edu.pe.Lab01Test" time="0.02"/>
  <testcase name="test01" classname="cs.utec.edu.pe.Lab01Test" time="0.02"/>
  <testcase name="test01" classname="cs.utec.edu.pe.Lab01Test" time="0.02"/>
  <testcase name="test01" classname="cs.utec.edu.pe.Lab01Test" time="0.02"/>
  <testcase name="test01" classname="cs.utec.edu.pe.Lab01Test" time="0.02"/>
  <testcase name="test01" classname="cs.utec.edu.pe.Lab01Test" time="0.001"/>
  <testcase name="test01" classname="cs.utec.edu.pe.Lab01Test" time="0.001"/>
  <testcase name="test01" classname="cs.utec.edu.pe.Lab01Test" time="0"/>
  <testcase name="test01" classname="cs.utec.edu.pe.Lab01Test" time="0"/>
  <testcase name="test01" classname="cs.utec.edu.pe.Lab01Test" time="0"/>
  <testcase name="test01" classname="cs.utec.edu.pe.Lab01Test" time="0"/>
  <testcase name="test01" classname="cs.utec.edu.pe.Lab01Test" time="0"/>
  <testcase name="test01" classname="cs.utec.edu.pe.Lab01Test" time="0"/>
  <testcase name="test01" classname="cs.utec.edu.pe.Lab01Test" time="0"/>
  <testcase name="test01" classname="cs.utec.edu.pe.Lab01Test" time="0"/>
  <testcase name="test01" classname="cs.utec.edu.pe.Lab01Test" time="0"/>
  <testcase name="test01" classname="cs.utec.edu.pe.Lab01Test" time="0"/>
  <testcase name="test01" classname="cs.utec.edu.pe.Lab01Test" time="0"/>
  <testcase name="test01" classname="cs.utec.edu.pe.Lab01Test" time="0"/>
  <testcase name="test01" classname="cs.utec.edu.pe.Lab01Test" time="0"/>
  <testcase name="test01" classname="cs.utec.edu.pe.Lab01Test" time="0"/>
  <testcase name="test01" classname="cs.utec.edu.pe.Lab01Test" time="0"/>
  <testcase name="test01" classname="cs.utec.edu.pe.Lab01Test" time="0"/>
  <testcase name="test01" classname="cs.utec.edu.pe.Lab01Test" time="0"/>
  <testcase name="test01" classname="cs.utec.edu.pe.Lab01Test" time="0"/>
  <testcase name="test01" classname="cs.utec.edu.pe.Lab01Test" time="0"/>
  <testcase name="test01" classname="cs.utec.edu.pe.Lab01Test" time="0"/>
  <testcase name="test01" classname="cs.utec.edu.pe.Lab01Test" time="0"/>
  <testcase name="test01" classname="cs.utec.edu.pe.Lab01Test" time="0"/>
  <testcase name="test01" classname="cs.utec.edu.pe.Lab01Test" time="0"/>
  <testcase name="test01" classname="cs.utec.edu.pe.Lab01Test" time="0"/>
  <testcase name="test01" classname="cs.utec.edu.pe.Lab01Test" time="0"/>
  <testcase name="test01" classname="cs.utec.edu.pe.Lab01Test" time="0"/>
  <testcase name="test01" classname="cs.utec.edu.pe.Lab01Test" time="0"/>
  <testcase name="test01" classname="cs.utec.edu.pe.Lab01Test" time="0"/>
  <testcase name="test01" classname="cs.utec.edu.pe.Lab01Test" time="0"/>
  <testcase name="test01" classname="cs.utec.edu.pe.Lab01Test" time="0"/>
  <testcase name="test01" classname="cs.utec.edu.pe.Lab01Test" time="0"/>
  <testcase name="test01" classname="cs.utec.edu.pe.Lab01Test" time="0"/>
  <testcase name="test01" classname="cs.utec.edu.pe.Lab01Test" time="0"/>
  <testcase name="test01" classname="cs.utec.edu.pe.Lab01Test" time="0"/>
  <testcase name="test01" classname="cs.utec.edu.pe.Lab01Test" time="0"/>
  <testcase name="test01" classname="cs.utec.edu.pe.Lab01Test" time="0"/>
  <testcase name="test01" classname="cs.utec.edu.pe.Lab01Test" time="0"/>
  <testcase name="test01" classname="cs.utec.edu.pe.Lab01Test" time="0"/>
  <testcase name="test01" classname="cs.utec.edu.pe.Lab01Test" time="0"/>
  <testcase name="test01" classname="cs.utec.edu.pe.Lab01Test" time="0"/>
  <testcase name="test01" classname="cs.utec.edu.pe.Lab01Test" time="0"/>
  <testcase name="test01" classname="cs.utec.edu.pe.Lab01Test" time="0"/>
  <testcase name="test01" classname="cs.utec.edu.pe.Lab01Test" time="0"/>
  <testcase name="test01" classname="cs.utec.edu.pe.Lab01Test" time="0"/>
  <testcase name="test01" classname="cs.utec.edu.pe.Lab01Test" time="0"/>
  <testcase name="test01" classname="cs.utec.edu.pe.Lab01Test" time="0"/>
  <testcase name="test01" classname="cs.utec.edu.pe.Lab01Test" time="0"/>
  <testcase name="test01" classname="cs.utec.edu.pe.Lab01Test" time="0"/>
  <testcase name="test01" classname="cs.utec.edu.pe.Lab01Test" time="0"/>
  <testcase name="test01" classname="cs.utec.edu.pe.Lab01Test" time="0"/>
  <testcase name="test01" classname="cs.utec.edu.pe.Lab01Test" time="0"/>
  <testcase name="test01" classname="cs.utec.edu.pe.Lab01Test" time="0"/>
  <testcase name="test01" classname="cs.utec.edu.pe.Lab01Test" time="0"/>
  <testcase name="test01" classname="cs.utec.edu.pe.Lab01Test" time="0"/>
  <testcase name="test01" classname="cs.utec.edu.pe.Lab01Test" time="0"/>
  <testcase name="test01" classname="cs.utec.edu.pe.Lab01Test" time="0"/>
  <testcase name="test01" classname="cs.utec.edu.pe.Lab01Test" time="0"/>
  <testcase name="test01" classname="cs.utec.edu.pe.Lab01Test" time="0"/>
  <testcase name="test01" classname="cs.utec.edu.pe.Lab01Test" time="0"/>
  <testcase name="test01" classname="cs.utec.edu.pe.Lab01Test" time="0"/>
  <testcase name="test01" classname="cs.utec.edu.pe.Lab01Test" time="0"/>
  <testcase name="test01" classname="cs.utec.edu.pe.Lab01Test" time="0"/>
  <testcase name="test01" classname="cs.utec.edu.pe.Lab01Test" time="0.001"/>
  <testcase name="test01" classname="cs.utec.edu.pe.Lab01Test" time="0"/>
  <testcase name="test01" classname="cs.utec.edu.pe.Lab01Test" time="0"/>
  <testcase name="test01" classname="cs.utec.edu.pe.Lab01Test" time="0"/>
  <testcase name="test01" classname="cs.utec.edu.pe.Lab01Test" time="0"/>
  <testcase name="test01" classname="cs.utec.edu.pe.Lab01Test" time="0"/>
  <testcase name="test01" classname="cs.utec.edu.pe.Lab01Test" time="0"/>
  <testcase name="test01" classname="cs.utec.edu.pe.Lab01Test" time="0"/>
  <testcase name="test01" classname="cs.utec.edu.pe.Lab01Test" time="0"/>
  <testcase name="test01" classname="cs.utec.edu.pe.Lab01Test" time="0"/>
  <testcase name="test01" classname="cs.utec.edu.pe.Lab01Test" time="0"/>
  <testcase name="test01" classname="cs.utec.edu.pe.Lab01Test" time="0"/>
  <testcase name="test01" classname="cs.utec.edu.pe.Lab01Test" time="0"/>
  <testcase name="test01" classname="cs.utec.edu.pe.Lab01Test" time="0"/>
  <testcase name="test01" classname="cs.utec.edu.pe.Lab01Test" time="0"/>
  <testcase name="test01" classname="cs.utec.edu.pe.Lab01Test" time="0"/>
  <testcase name="test01" classname="cs.utec.edu.pe.Lab01Test" time="0"/>
  <testcase name="test01" classname="cs.utec.edu.pe.Lab01Test" time="0"/>
  <testcase name="test01" classname="cs.utec.edu.pe.Lab01Test" time="0"/>
  <testcase name="test01" classname="cs.utec.edu.pe.Lab01Test" time="0"/>
  <testcase name="test01" classname="cs.utec.edu.pe.Lab01Test" time="0"/>
  <testcase name="test01" classname="cs.utec.edu.pe.Lab01Test" time="0"/>
  <testcase name="test01" classname="cs.utec.edu.pe.Lab01Test" time="0"/>
  <testcase name="test01" classname="cs.utec.edu.pe.Lab01Test" time="0"/>
  <testcase name="test01" classname="cs.utec.edu.pe.Lab01Test" time="0"/>
  <testcase name="test01" classname="cs.utec.edu.pe.Lab01Test" time="0"/>
  <testcase name="test01" classname="cs.utec.edu.pe.Lab01Test" time="0"/>
  <testcase name="test01" classname="cs.utec.edu.pe.Lab01Test" time="0"/>
  <testcase name="test01" classname="cs.utec.edu.pe.Lab01Test" time="0"/>
  <testcase name="test01" classname="cs.utec.edu.pe.Lab01Test" time="0"/>
  <testcase name="test01" classname="cs.utec.edu.pe.Lab01Test" time="0"/>
  <testcase name="test01" classname="cs.utec.edu.pe.Lab01Test" time="0"/>
  <testcase name="test01" classname="cs.utec.edu.pe.Lab01Test" time="0"/>
  <testcase name="test01" classname="cs.utec.edu.pe.Lab01Test" time="0"/>
  <testcase name="test01" classname="cs.utec.edu.pe.Lab01Test" time="0"/>
  <testcase name="test01" classname="cs.utec.edu.pe.Lab01Test" time="0"/>
  <testcase name="test01" classname="cs.utec.edu.pe.Lab01Test" time="0"/>
  <testcase name="test01" classname="cs.utec.edu.pe.Lab01Test" time="0"/>
  <testcase name="test01" classname="cs.utec.edu.pe.Lab01Test" time="0"/>
  <testcase name="test01" classname="cs.utec.edu.pe.Lab01Test" time="0"/>
  <testcase name="test01" classname="cs.utec.edu.pe.Lab01Test" time="0"/>
  <testcase name="test01" classname="cs.utec.edu.pe.Lab01Test" time="0"/>
  <testcase name="test01" classname="cs.utec.edu.pe.Lab01Test" time="0"/>
  <testcase name="test01" classname="cs.utec.edu.pe.Lab01Test" time="0"/>
  <testcase name="test01" classname="cs.utec.edu.pe.Lab01Test" time="0"/>
  <testcase name="test01" classname="cs.utec.edu.pe.Lab01Test" time="0"/>
  <testcase name="test01" classname="cs.utec.edu.pe.Lab01Test" time="0"/>
  <testcase name="test01" classname="cs.utec.edu.pe.Lab01Test" time="0"/>
  <testcase name="test01" classname="cs.utec.edu.pe.Lab01Test" time="0"/>
  <testcase name="test01" classname="cs.utec.edu.pe.Lab01Test" time="0"/>
  <testcase name="test01" classname="cs.utec.edu.pe.Lab01Test" time="0"/>
  <testcase name="test01" classname="cs.utec.edu.pe.Lab01Test" time="0"/>
  <testcase name="test01" classname="cs.utec.edu.pe.Lab01Test" time="0"/>
  <testcase name="test01" classname="cs.utec.edu.pe.Lab01Test" time="0"/>
  <testcase name="test01" classname="cs.utec.edu.pe.Lab01Test" time="0"/>
  <testcase name="test01" classname="cs.utec.edu.pe.Lab01Test" time="0"/>
  <testcase name="test01" classname="cs.utec.edu.pe.Lab01Test" time="0"/>
  <testcase name="test01" classname="cs.utec.edu.pe.Lab01Test" time="0"/>
  <testcase name="test01" classname="cs.utec.edu.pe.Lab01Test" time="0"/>
  <testcase name="test01" classname="cs.utec.edu.pe.Lab01Test" time="0"/>
  <testcase name="test01" classname="cs.utec.edu.pe.Lab01Test" time="0"/>
  <testcase name="test01" classname="cs.utec.edu.pe.Lab01Test" time="0"/>
  <testcase name="test01" classname="cs.utec.edu.pe.Lab01Test" time="0"/>
  <testcase name="test01" classname="cs.utec.edu.pe.Lab01Test" time="0"/>
  <testcase name="test01" classname="cs.utec.edu.pe.Lab01Test" time="0"/>
  <testcase name="test01" classname="cs.utec.edu.pe.Lab01Test" time="0"/>
  <testcase name="test01" classname="cs.utec.edu.pe.Lab01Test" time="0"/>
  <testcase name="test01" classname="cs.utec.edu.pe.Lab01Test" time="0"/>
  <testcase name="test01" classname="cs.utec.edu.pe.Lab01Test" time="0"/>
  <testcase name="test01" classname="cs.utec.edu.pe.Lab01Test" time="0"/>
  <testcase name="test01" classname="cs.utec.edu.pe.Lab01Test" time="0.001"/>
  <testcase name="test01" classname="cs.utec.edu.pe.Lab01Test" time="0.001"/>
  <testcase name="test01" classname="cs.utec.edu.pe.Lab01Test" time="0"/>
  <testcase name="test01" classname="cs.utec.edu.pe.Lab01Test" time="0"/>
  <testcase name="test01" classname="cs.utec.edu.pe.Lab01Test" time="0"/>
  <testcase name="test01" classname="cs.utec.edu.pe.Lab01Test" time="0"/>
  <testcase name="test01" classname="cs.utec.edu.pe.Lab01Test" time="0"/>
  <testcase name="test01" classname="cs.utec.edu.pe.Lab01Test" time="0"/>
  <testcase name="test01" classname="cs.utec.edu.pe.Lab01Test" time="0"/>
  <testcase name="test01" classname="cs.utec.edu.pe.Lab01Test" time="0"/>
  <testcase name="test01" classname="cs.utec.edu.pe.Lab01Test" time="0"/>
  <testcase name="test01" classname="cs.utec.edu.pe.Lab01Test" time="0"/>
  <testcase name="test01" classname="cs.utec.edu.pe.Lab01Test" time="0"/>
  <testcase name="test01" classname="cs.utec.edu.pe.Lab01Test" time="0"/>
  <testcase name="test01" classname="cs.utec.edu.pe.Lab01Test" time="0.001"/>
  <testcase name="test01" classname="cs.utec.edu.pe.Lab01Test" time="0"/>
  <testcase name="test01" classname="cs.utec.edu.pe.Lab01Test" time="0"/>
  <testcase name="test01" classname="cs.utec.edu.pe.Lab01Test" time="0"/>
  <testcase name="test01" classname="cs.utec.edu.pe.Lab01Test" time="0"/>
  <testcase name="test01" classname="cs.utec.edu.pe.Lab01Test" time="0"/>
  <testcase name="test01" classname="cs.utec.edu.pe.Lab01Test" time="0"/>
  <testcase name="test01" classname="cs.utec.edu.pe.Lab01Test" time="0"/>
  <testcase name="test01" classname="cs.utec.edu.pe.Lab01Test" time="0"/>
  <testcase name="test01" classname="cs.utec.edu.pe.Lab01Test" time="0"/>
  <testcase name="test01" classname="cs.utec.edu.pe.Lab01Test" time="0"/>
  <testcase name="test01" classname="cs.utec.edu.pe.Lab01Test" time="0"/>
  <testcase name="test01" classname="cs.utec.edu.pe.Lab01Test" time="0"/>
  <testcase name="test01" classname="cs.utec.edu.pe.Lab01Test" time="0"/>
  <testcase name="test01" classname="cs.utec.edu.pe.Lab01Test" time="0"/>
  <testcase name="test01" classname="cs.utec.edu.pe.Lab01Test" time="0"/>
  <testcase name="test01" classname="cs.utec.edu.pe.Lab01Test" time="0"/>
  <testcase name="test01" classname="cs.utec.edu.pe.Lab01Test" time="0"/>
  <testcase name="test01" classname="cs.utec.edu.pe.Lab01Test" time="0"/>
  <testcase name="test01" classname="cs.utec.edu.pe.Lab01Test" time="0"/>
  <testcase name="test01" classname="cs.utec.edu.pe.Lab01Test" time="0"/>
  <testcase name="test01" classname="cs.utec.edu.pe.Lab01Test" time="0"/>
  <testcase name="test01" classname="cs.utec.edu.pe.Lab01Test" time="0"/>
  <testcase name="test01" classname="cs.utec.edu.pe.Lab01Test" time="0"/>
  <testcase name="test01" classname="cs.utec.edu.pe.Lab01Test" time="0"/>
  <testcase name="test01" classname="cs.utec.edu.pe.Lab01Test" time="0.001"/>
  <testcase name="test01" classname="cs.utec.edu.pe.Lab01Test" time="0"/>
  <testcase name="test01" classname="cs.utec.edu.pe.Lab01Test" time="0"/>
  <testcase name="test01" classname="cs.utec.edu.pe.Lab01Test" time="0"/>
  <testcase name="test01" classname="cs.utec.edu.pe.Lab01Test" time="0"/>
  <testcase name="test01" classname="cs.utec.edu.pe.Lab01Test" time="0.001"/>
  <testcase name="test01" classname="cs.utec.edu.pe.Lab01Test" time="0"/>
  <testcase name="test01" classname="cs.utec.edu.pe.Lab01Test" time="0"/>
  <testcase name="test01" classname="cs.utec.edu.pe.Lab01Test" time="0"/>
  <testcase name="test01" classname="cs.utec.edu.pe.Lab01Test" time="0"/>
  <testcase name="test01" classname="cs.utec.edu.pe.Lab01Test" time="0"/>
  <testcase name="test01" classname="cs.utec.edu.pe.Lab01Test" time="0"/>
  <testcase name="test01" classname="cs.utec.edu.pe.Lab01Test" time="0"/>
  <testcase name="test01" classname="cs.utec.edu.pe.Lab01Test" time="0"/>
  <testcase name="test01" classname="cs.utec.edu.pe.Lab01Test" time="0"/>
  <testcase name="test01" classname="cs.utec.edu.pe.Lab01Test" time="0"/>
  <testcase name="test01" classname="cs.utec.edu.pe.Lab01Test" time="0"/>
  <testcase name="test01" classname="cs.utec.edu.pe.Lab01Test" time="0"/>
  <testcase name="test01" classname="cs.utec.edu.pe.Lab01Test" time="0"/>
  <testcase name="test01" classname="cs.utec.edu.pe.Lab01Test" time="0"/>
  <testcase name="test01" classname="cs.utec.edu.pe.Lab01Test" time="0"/>
  <testcase name="test01" classname="cs.utec.edu.pe.Lab01Test" time="0"/>
  <testcase name="test01" classname="cs.utec.edu.pe.Lab01Test" time="0"/>
  <testcase name="test01" classname="cs.utec.edu.pe.Lab01Test" time="0"/>
  <testcase name="test01" classname="cs.utec.edu.pe.Lab01Test" time="0"/>
  <testcase name="test01" classname="cs.utec.edu.pe.Lab01Test" time="0"/>
  <testcase name="test01" classname="cs.utec.edu.pe.Lab01Test" time="0"/>
  <testcase name="test01" classname="cs.utec.edu.pe.Lab01Test" time="0"/>
  <testcase name="test01" classname="cs.utec.edu.pe.Lab01Test" time="0"/>
  <testcase name="test01" classname="cs.utec.edu.pe.Lab01Test" time="0"/>
  <testcase name="test01" classname="cs.utec.edu.pe.Lab01Test" time="0.001"/>
  <testcase name="test01" classname="cs.utec.edu.pe.Lab01Test" time="0"/>
  <testcase name="test01" classname="cs.utec.edu.pe.Lab01Test" time="0"/>
  <testcase name="test01" classname="cs.utec.edu.pe.Lab01Test" time="0"/>
  <testcase name="test01" classname="cs.utec.edu.pe.Lab01Test" time="0"/>
  <testcase name="test01" classname="cs.utec.edu.pe.Lab01Test" time="0"/>
  <testcase name="test01" classname="cs.utec.edu.pe.Lab01Test" time="0"/>
  <testcase name="test01" classname="cs.utec.edu.pe.Lab01Test" time="0"/>
  <testcase name="test01" classname="cs.utec.edu.pe.Lab01Test" time="0"/>
  <testcase name="test01" classname="cs.utec.edu.pe.Lab01Test" time="0"/>
  <testcase name="test01" classname="cs.utec.edu.pe.Lab01Test" time="0"/>
  <testcase name="test01" classname="cs.utec.edu.pe.Lab01Test" time="0"/>
  <testcase name="test01" classname="cs.utec.edu.pe.Lab01Test" time="0"/>
  <testcase name="test01" classname="cs.utec.edu.pe.Lab01Test" time="0"/>
  <testcase name="test01" classname="cs.utec.edu.pe.Lab01Test" time="0"/>
  <testcase name="test01" classname="cs.utec.edu.pe.Lab01Test" time="0"/>
  <testcase name="test01" classname="cs.utec.edu.pe.Lab01Test" time="0"/>
  <testcase name="test01" classname="cs.utec.edu.pe.Lab01Test" time="0"/>
  <testcase name="test01" classname="cs.utec.edu.pe.Lab01Test" time="0"/>
  <testcase name="test01" classname="cs.utec.edu.pe.Lab01Test" time="0"/>
  <testcase name="test01" classname="cs.utec.edu.pe.Lab01Test" time="0"/>
  <testcase name="test01" classname="cs.utec.edu.pe.Lab01Test" time="0"/>
  <testcase name="test01" classname="cs.utec.edu.pe.Lab01Test" time="0"/>
  <testcase name="test01" classname="cs.utec.edu.pe.Lab01Test" time="0"/>
  <testcase name="test01" classname="cs.utec.edu.pe.Lab01Test" time="0"/>
  <testcase name="test01" classname="cs.utec.edu.pe.Lab01Test" time="0"/>
  <testcase name="test01" classname="cs.utec.edu.pe.Lab01Test" time="0.001"/>
  <testcase name="test01" classname="cs.utec.edu.pe.Lab01Test" time="0"/>
  <testcase name="test01" classname="cs.utec.edu.pe.Lab01Test" time="0"/>
  <testcase name="test01" classname="cs.utec.edu.pe.Lab01Test" time="0"/>
  <testcase name="test01" classname="cs.utec.edu.pe.Lab01Test" time="0"/>
  <testcase name="test01" classname="cs.utec.edu.pe.Lab01Test" time="0"/>
  <testcase name="test01" classname="cs.utec.edu.pe.Lab01Test" time="0"/>
  <testcase name="test01" classname="cs.utec.edu.pe.Lab01Test" time="0"/>
  <testcase name="test01" classname="cs.utec.edu.pe.Lab01Test" time="0"/>
  <testcase name="test01" classname="cs.utec.edu.pe.Lab01Test" time="0"/>
  <testcase name="test01" classname="cs.utec.edu.pe.Lab01Test" time="0"/>
  <testcase name="test01" classname="cs.utec.edu.pe.Lab01Test" time="0"/>
  <testcase name="test01" classname="cs.utec.edu.pe.Lab01Test" time="0"/>
  <testcase name="test01" classname="cs.utec.edu.pe.Lab01Test" time="0"/>
  <testcase name="test01" classname="cs.utec.edu.pe.Lab01Test" time="0"/>
  <testcase name="test01" classname="cs.utec.edu.pe.Lab01Test" time="0"/>
  <testcase name="test01" classname="cs.utec.edu.pe.Lab01Test" time="0.001"/>
  <testcase name="test01" classname="cs.utec.edu.pe.Lab01Test" time="0"/>
  <testcase name="test01" classname="cs.utec.edu.pe.Lab01Test" time="0.001"/>
  <testcase name="test01" classname="cs.utec.edu.pe.Lab01Test" time="0"/>
  <testcase name="test01" classname="cs.utec.edu.pe.Lab01Test" time="0"/>
  <testcase name="test01" classname="cs.utec.edu.pe.Lab01Test" time="0"/>
  <testcase name="test01" classname="cs.utec.edu.pe.Lab01Test" time="0"/>
  <testcase name="test01" classname="cs.utec.edu.pe.Lab01Test" time="0"/>
  <testcase name="test01" classname="cs.utec.edu.pe.Lab01Test" time="0"/>
  <testcase name="test01" classname="cs.utec.edu.pe.Lab01Test" time="0"/>
  <testcase name="test01" classname="cs.utec.edu.pe.Lab01Test" time="0"/>
  <testcase name="test01" classname="cs.utec.edu.pe.Lab01Test" time="0"/>
  <testcase name="test01" classname="cs.utec.edu.pe.Lab01Test" time="0"/>
  <testcase name="test01" classname="cs.utec.edu.pe.Lab01Test" time="0"/>
  <testcase name="test01" classname="cs.utec.edu.pe.Lab01Test" time="0"/>
  <testcase name="test01" classname="cs.utec.edu.pe.Lab01Test" time="0"/>
  <testcase name="test01" classname="cs.utec.edu.pe.Lab01Test" time="0"/>
  <testcase name="test01" classname="cs.utec.edu.pe.Lab01Test" time="0"/>
  <testcase name="test01" classname="cs.utec.edu.pe.Lab01Test" time="0"/>
  <testcase name="test01" classname="cs.utec.edu.pe.Lab01Test" time="0"/>
  <testcase name="test01" classname="cs.utec.edu.pe.Lab01Test" time="0"/>
  <testcase name="test01" classname="cs.utec.edu.pe.Lab01Test" time="0"/>
  <testcase name="test01" classname="cs.utec.edu.pe.Lab01Test" time="0"/>
  <testcase name="test01" classname="cs.utec.edu.pe.Lab01Test" time="0"/>
  <testcase name="test01" classname="cs.utec.edu.pe.Lab01Test" time="0"/>
  <testcase name="test01" classname="cs.utec.edu.pe.Lab01Test" time="0"/>
  <testcase name="test01" classname="cs.utec.edu.pe.Lab01Test" time="0"/>
  <testcase name="test01" classname="cs.utec.edu.pe.Lab01Test" time="0"/>
  <testcase name="test01" classname="cs.utec.edu.pe.Lab01Test" time="0"/>
  <testcase name="test01" classname="cs.utec.edu.pe.Lab01Test" time="0"/>
  <testcase name="test01" classname="cs.utec.edu.pe.Lab01Test" time="0"/>
  <testcase name="test01" classname="cs.utec.edu.pe.Lab01Test" time="0"/>
  <testcase name="test01" classname="cs.utec.edu.pe.Lab01Test" time="0"/>
  <testcase name="test01" classname="cs.utec.edu.pe.Lab01Test" time="0"/>
  <testcase name="test01" classname="cs.utec.edu.pe.Lab01Test" time="0"/>
  <testcase name="test01" classname="cs.utec.edu.pe.Lab01Test" time="0"/>
  <testcase name="test01" classname="cs.utec.edu.pe.Lab01Test" time="0"/>
  <testcase name="test01" classname="cs.utec.edu.pe.Lab01Test" time="0"/>
  <testcase name="test01" classname="cs.utec.edu.pe.Lab01Test" time="0"/>
  <testcase name="test01" classname="cs.utec.edu.pe.Lab01Test" time="0"/>
  <testcase name="test01" classname="cs.utec.edu.pe.Lab01Test" time="0"/>
  <testcase name="test01" classname="cs.utec.edu.pe.Lab01Test" time="0"/>
  <testcase name="test01" classname="cs.utec.edu.pe.Lab01Test" time="0"/>
  <testcase name="test01" classname="cs.utec.edu.pe.Lab01Test" time="0"/>
  <testcase name="test01" classname="cs.utec.edu.pe.Lab01Test" time="0"/>
  <testcase name="test01" classname="cs.utec.edu.pe.Lab01Test" time="0"/>
  <testcase name="test01" classname="cs.utec.edu.pe.Lab01Test" time="0"/>
  <testcase name="test01" classname="cs.utec.edu.pe.Lab01Test" time="0"/>
  <testcase name="test01" classname="cs.utec.edu.pe.Lab01Test" time="0"/>
  <testcase name="test01" classname="cs.utec.edu.pe.Lab01Test" time="0"/>
  <testcase name="test01" classname="cs.utec.edu.pe.Lab01Test" time="0"/>
  <testcase name="test01" classname="cs.utec.edu.pe.Lab01Test" time="0"/>
  <testcase name="test01" classname="cs.utec.edu.pe.Lab01Test" time="0"/>
  <testcase name="test01" classname="cs.utec.edu.pe.Lab01Test" time="0"/>
  <testcase name="test01" classname="cs.utec.edu.pe.Lab01Test" time="0"/>
  <testcase name="test01" classname="cs.utec.edu.pe.Lab01Test" time="0"/>
  <testcase name="test01" classname="cs.utec.edu.pe.Lab01Test" time="0"/>
  <testcase name="test01" classname="cs.utec.edu.pe.Lab01Test" time="0"/>
  <testcase name="test01" classname="cs.utec.edu.pe.Lab01Test" time="0"/>
  <testcase name="test01" classname="cs.utec.edu.pe.Lab01Test" time="0"/>
  <testcase name="test01" classname="cs.utec.edu.pe.Lab01Test" time="0"/>
  <testcase name="test01" classname="cs.utec.edu.pe.Lab01Test" time="0"/>
  <testcase name="test01" classname="cs.utec.edu.pe.Lab01Test" time="0"/>
  <testcase name="test01" classname="cs.utec.edu.pe.Lab01Test" time="0"/>
  <testcase name="test01" classname="cs.utec.edu.pe.Lab01Test" time="0"/>
  <testcase name="test01" classname="cs.utec.edu.pe.Lab01Test" time="0"/>
  <testcase name="test01" classname="cs.utec.edu.pe.Lab01Test" time="0"/>
  <testcase name="test01" classname="cs.utec.edu.pe.Lab01Test" time="0"/>
  <testcase name="test01" classname="cs.utec.edu.pe.Lab01Test" time="0"/>
  <testcase name="test01" classname="cs.utec.edu.pe.Lab01Test" time="0"/>
  <testcase name="test01" classname="cs.utec.edu.pe.Lab01Test" time="0"/>
  <testcase name="test01" classname="cs.utec.edu.pe.Lab01Test" time="0"/>
  <testcase name="test01" classname="cs.utec.edu.pe.Lab01Test" time="0"/>
  <testcase name="test01" classname="cs.utec.edu.pe.Lab01Test" time="0.001"/>
  <testcase name="test01" classname="cs.utec.edu.pe.Lab01Test" time="0"/>
  <testcase name="test01" classname="cs.utec.edu.pe.Lab01Test" time="0"/>
  <testcase name="test01" classname="cs.utec.edu.pe.Lab01Test" time="0"/>
  <testcase name="test01" classname="cs.utec.edu.pe.Lab01Test" time="0"/>
  <testcase name="test01" classname="cs.utec.edu.pe.Lab01Test" time="0"/>
  <testcase name="test01" classname="cs.utec.edu.pe.Lab01Test" time="0"/>
  <testcase name="test01" classname="cs.utec.edu.pe.Lab01Test" time="0"/>
  <testcase name="test01" classname="cs.utec.edu.pe.Lab01Test" time="0"/>
  <testcase name="test01" classname="cs.utec.edu.pe.Lab01Test" time="0"/>
  <testcase name="test01" classname="cs.utec.edu.pe.Lab01Test" time="0"/>
  <testcase name="test01" classname="cs.utec.edu.pe.Lab01Test" time="0"/>
  <testcase name="test01" classname="cs.utec.edu.pe.Lab01Test" time="0"/>
  <testcase name="test01" classname="cs.utec.edu.pe.Lab01Test" time="0"/>
  <testcase name="test01" classname="cs.utec.edu.pe.Lab01Test" time="0"/>
  <testcase name="test01" classname="cs.utec.edu.pe.Lab01Test" time="0.001"/>
  <testcase name="test01" classname="cs.utec.edu.pe.Lab01Test" time="0.001"/>
  <testcase name="test01" classname="cs.utec.edu.pe.Lab01Test" time="0"/>
  <testcase name="test01" classname="cs.utec.edu.pe.Lab01Test" time="0"/>
  <testcase name="test01" classname="cs.utec.edu.pe.Lab01Test" time="0"/>
  <testcase name="test01" classname="cs.utec.edu.pe.Lab01Test" time="0"/>
  <testcase name="test01" classname="cs.utec.edu.pe.Lab01Test" time="0"/>
  <testcase name="test01" classname="cs.utec.edu.pe.Lab01Test" time="0"/>
  <testcase name="test01" classname="cs.utec.edu.pe.Lab01Test" time="0"/>
  <testcase name="test01" classname="cs.utec.edu.pe.Lab01Test" time="0"/>
  <testcase name="test01" classname="cs.utec.edu.pe.Lab01Test" time="0"/>
  <testcase name="test01" classname="cs.utec.edu.pe.Lab01Test" time="0"/>
  <testcase name="test01" classname="cs.utec.edu.pe.Lab01Test" time="0"/>
  <testcase name="test01" classname="cs.utec.edu.pe.Lab01Test" time="0"/>
  <testcase name="test01" classname="cs.utec.edu.pe.Lab01Test" time="0"/>
  <testcase name="test01" classname="cs.utec.edu.pe.Lab01Test" time="0"/>
  <testcase name="test01" classname="cs.utec.edu.pe.Lab01Test" time="0.001"/>
  <testcase name="test01" classname="cs.utec.edu.pe.Lab01Test" time="0.001"/>
  <testcase name="test01" classname="cs.utec.edu.pe.Lab01Test" time="0"/>
  <testcase name="test01" classname="cs.utec.edu.pe.Lab01Test" time="0"/>
  <testcase name="test01" classname="cs.utec.edu.pe.Lab01Test" time="0"/>
  <testcase name="test01" classname="cs.utec.edu.pe.Lab01Test" time="0"/>
  <testcase name="test01" classname="cs.utec.edu.pe.Lab01Test" time="0"/>
  <testcase name="test01" classname="cs.utec.edu.pe.Lab01Test" time="0"/>
  <testcase name="test01" classname="cs.utec.edu.pe.Lab01Test" time="0"/>
  <testcase name="test01" classname="cs.utec.edu.pe.Lab01Test" time="0"/>
  <testcase name="test01" classname="cs.utec.edu.pe.Lab01Test" time="0"/>
  <testcase name="test01" classname="cs.utec.edu.pe.Lab01Test" time="0"/>
  <testcase name="test01" classname="cs.utec.edu.pe.Lab01Test" time="0"/>
  <testcase name="test01" classname="cs.utec.edu.pe.Lab01Test" time="0"/>
  <testcase name="test01" classname="cs.utec.edu.pe.Lab01Test" time="0"/>
  <testcase name="test01" classname="cs.utec.edu.pe.Lab01Test" time="0"/>
  <testcase name="test01" classname="cs.utec.edu.pe.Lab01Test" time="0"/>
  <testcase name="test01" classname="cs.utec.edu.pe.Lab01Test" time="0"/>
  <testcase name="test01" classname="cs.utec.edu.pe.Lab01Test" time="0"/>
  <testcase name="test01" classname="cs.utec.edu.pe.Lab01Test" time="0"/>
  <testcase name="test01" classname="cs.utec.edu.pe.Lab01Test" time="0"/>
  <testcase name="test01" classname="cs.utec.edu.pe.Lab01Test" time="0"/>
  <testcase name="test01" classname="cs.utec.edu.pe.Lab01Test" time="0"/>
  <testcase name="test01" classname="cs.utec.edu.pe.Lab01Test" time="0"/>
  <testcase name="test01" classname="cs.utec.edu.pe.Lab01Test" time="0"/>
  <testcase name="test01" classname="cs.utec.edu.pe.Lab01Test" time="0"/>
  <testcase name="test01" classname="cs.utec.edu.pe.Lab01Test" time="0"/>
  <testcase name="test01" classname="cs.utec.edu.pe.Lab01Test" time="0"/>
  <testcase name="test01" classname="cs.utec.edu.pe.Lab01Test" time="0"/>
  <testcase name="test01" classname="cs.utec.edu.pe.Lab01Test" time="0"/>
  <testcase name="test01" classname="cs.utec.edu.pe.Lab01Test" time="0"/>
  <testcase name="test01" classname="cs.utec.edu.pe.Lab01Test" time="0"/>
  <testcase name="test01" classname="cs.utec.edu.pe.Lab01Test" time="0"/>
  <testcase name="test01" classname="cs.utec.edu.pe.Lab01Test" time="0"/>
  <testcase name="test01" classname="cs.utec.edu.pe.Lab01Test" time="0"/>
  <testcase name="test01" classname="cs.utec.edu.pe.Lab01Test" time="0"/>
  <testcase name="test01" classname="cs.utec.edu.pe.Lab01Test" time="0"/>
  <testcase name="test01" classname="cs.utec.edu.pe.Lab01Test" time="0"/>
  <testcase name="test01" classname="cs.utec.edu.pe.Lab01Test" time="0"/>
  <testcase name="test01" classname="cs.utec.edu.pe.Lab01Test" time="0"/>
  <testcase name="test01" classname="cs.utec.edu.pe.Lab01Test" time="0"/>
  <testcase name="test01" classname="cs.utec.edu.pe.Lab01Test" time="0"/>
  <testcase name="test01" classname="cs.utec.edu.pe.Lab01Test" time="0"/>
  <testcase name="test01" classname="cs.utec.edu.pe.Lab01Test" time="0"/>
  <testcase name="test01" classname="cs.utec.edu.pe.Lab01Test" time="0"/>
  <testcase name="test01" classname="cs.utec.edu.pe.Lab01Test" time="0"/>
  <testcase name="test01" classname="cs.utec.edu.pe.Lab01Test" time="0"/>
  <testcase name="test01" classname="cs.utec.edu.pe.Lab01Test" time="0"/>
  <testcase name="test01" classname="cs.utec.edu.pe.Lab01Test" time="0"/>
  <testcase name="test01" classname="cs.utec.edu.pe.Lab01Test" time="0"/>
  <testcase name="test01" classname="cs.utec.edu.pe.Lab01Test" time="0"/>
  <testcase name="test01" classname="cs.utec.edu.pe.Lab01Test" time="0"/>
  <testcase name="test01" classname="cs.utec.edu.pe.Lab01Test" time="0"/>
  <testcase name="test01" classname="cs.utec.edu.pe.Lab01Test" time="0"/>
  <testcase name="test01" classname="cs.utec.edu.pe.Lab01Test" time="0"/>
  <testcase name="test01" classname="cs.utec.edu.pe.Lab01Test" time="0"/>
  <testcase name="test01" classname="cs.utec.edu.pe.Lab01Test" time="0"/>
  <testcase name="test01" classname="cs.utec.edu.pe.Lab01Test" time="0"/>
  <testcase name="test01" classname="cs.utec.edu.pe.Lab01Test" time="0"/>
  <testcase name="test01" classname="cs.utec.edu.pe.Lab01Test" time="0.001"/>
  <testcase name="test01" classname="cs.utec.edu.pe.Lab01Test" time="0"/>
  <testcase name="test01" classname="cs.utec.edu.pe.Lab01Test" time="0"/>
  <testcase name="test01" classname="cs.utec.edu.pe.Lab01Test" time="0"/>
  <testcase name="test01" classname="cs.utec.edu.pe.Lab01Test" time="0"/>
  <testcase name="test01" classname="cs.utec.edu.pe.Lab01Test" time="0"/>
  <testcase name="test01" classname="cs.utec.edu.pe.Lab01Test" time="0"/>
  <testcase name="test01" classname="cs.utec.edu.pe.Lab01Test" time="0"/>
  <testcase name="test01" classname="cs.utec.edu.pe.Lab01Test" time="0"/>
  <testcase name="test01" classname="cs.utec.edu.pe.Lab01Test" time="0"/>
  <testcase name="test01" classname="cs.utec.edu.pe.Lab01Test" time="0"/>
  <testcase name="test01" classname="cs.utec.edu.pe.Lab01Test" time="0"/>
  <testcase name="test01" classname="cs.utec.edu.pe.Lab01Test" time="0"/>
  <testcase name="test01" classname="cs.utec.edu.pe.Lab01Test" time="0"/>
  <testcase name="test01" classname="cs.utec.edu.pe.Lab01Test" time="0"/>
  <testcase name="test01" classname="cs.utec.edu.pe.Lab01Test" time="0.001"/>
  <testcase name="test01" classname="cs.utec.edu.pe.Lab01Test" time="0"/>
  <testcase name="test01" classname="cs.utec.edu.pe.Lab01Test" time="0"/>
  <testcase name="test01" classname="cs.utec.edu.pe.Lab01Test" time="0"/>
  <testcase name="test01" classname="cs.utec.edu.pe.Lab01Test" time="0"/>
  <testcase name="test01" classname="cs.utec.edu.pe.Lab01Test" time="0"/>
  <testcase name="test01" classname="cs.utec.edu.pe.Lab01Test" time="0"/>
  <testcase name="test01" classname="cs.utec.edu.pe.Lab01Test" time="0"/>
  <testcase name="test01" classname="cs.utec.edu.pe.Lab01Test" time="0"/>
  <testcase name="test01" classname="cs.utec.edu.pe.Lab01Test" time="0"/>
  <testcase name="test01" classname="cs.utec.edu.pe.Lab01Test" time="0"/>
  <testcase name="test01" classname="cs.utec.edu.pe.Lab01Test" time="0"/>
  <testcase name="test01" classname="cs.utec.edu.pe.Lab01Test" time="0"/>
  <testcase name="test01" classname="cs.utec.edu.pe.Lab01Test" time="0"/>
  <testcase name="test01" classname="cs.utec.edu.pe.Lab01Test" time="0"/>
  <testcase name="test01" classname="cs.utec.edu.pe.Lab01Test" time="0"/>
  <testcase name="test01" classname="cs.utec.edu.pe.Lab01Test" time="0"/>
  <testcase name="test01" classname="cs.utec.edu.pe.Lab01Test" time="0"/>
  <testcase name="test01" classname="cs.utec.edu.pe.Lab01Test" time="0"/>
  <testcase name="test01" classname="cs.utec.edu.pe.Lab01Test" time="0"/>
  <testcase name="test01" classname="cs.utec.edu.pe.Lab01Test" time="0"/>
  <testcase name="test01" classname="cs.utec.edu.pe.Lab01Test" time="0"/>
  <testcase name="test01" classname="cs.utec.edu.pe.Lab01Test" time="0"/>
  <testcase name="test01" classname="cs.utec.edu.pe.Lab01Test" time="0"/>
  <testcase name="test01" classname="cs.utec.edu.pe.Lab01Test" time="0"/>
  <testcase name="test01" classname="cs.utec.edu.pe.Lab01Test" time="0"/>
  <testcase name="test01" classname="cs.utec.edu.pe.Lab01Test" time="0"/>
  <testcase name="test01" classname="cs.utec.edu.pe.Lab01Test" time="0"/>
  <testcase name="test01" classname="cs.utec.edu.pe.Lab01Test" time="0"/>
  <testcase name="test01" classname="cs.utec.edu.pe.Lab01Test" time="0"/>
  <testcase name="test01" classname="cs.utec.edu.pe.Lab01Test" time="0"/>
  <testcase name="test01" classname="cs.utec.edu.pe.Lab01Test" time="0"/>
  <testcase name="test01" classname="cs.utec.edu.pe.Lab01Test" time="0"/>
  <testcase name="test01" classname="cs.utec.edu.pe.Lab01Test" time="0"/>
  <testcase name="test01" classname="cs.utec.edu.pe.Lab01Test" time="0"/>
  <testcase name="test01" classname="cs.utec.edu.pe.Lab01Test" time="0"/>
  <testcase name="test01" classname="cs.utec.edu.pe.Lab01Test" time="0"/>
  <testcase name="test01" classname="cs.utec.edu.pe.Lab01Test" time="0"/>
  <testcase name="test01" classname="cs.utec.edu.pe.Lab01Test" time="0"/>
  <testcase name="test01" classname="cs.utec.edu.pe.Lab01Test" time="0"/>
  <testcase name="test01" classname="cs.utec.edu.pe.Lab01Test" time="0"/>
  <testcase name="test01" classname="cs.utec.edu.pe.Lab01Test" time="0"/>
  <testcase name="test01" classname="cs.utec.edu.pe.Lab01Test" time="0"/>
  <testcase name="test01" classname="cs.utec.edu.pe.Lab01Test" time="0"/>
  <testcase name="test01" classname="cs.utec.edu.pe.Lab01Test" time="0"/>
  <testcase name="test01" classname="cs.utec.edu.pe.Lab01Test" time="0"/>
  <testcase name="test01" classname="cs.utec.edu.pe.Lab01Test" time="0"/>
  <testcase name="test01" classname="cs.utec.edu.pe.Lab01Test" time="0"/>
  <testcase name="test01" classname="cs.utec.edu.pe.Lab01Test" time="0"/>
  <testcase name="test01" classname="cs.utec.edu.pe.Lab01Test" time="0"/>
  <testcase name="test01" classname="cs.utec.edu.pe.Lab01Test" time="0"/>
  <testcase name="test01" classname="cs.utec.edu.pe.Lab01Test" time="0"/>
  <testcase name="test01" classname="cs.utec.edu.pe.Lab01Test" time="0"/>
  <testcase name="test01" classname="cs.utec.edu.pe.Lab01Test" time="0"/>
  <testcase name="test01" classname="cs.utec.edu.pe.Lab01Test" time="0"/>
  <testcase name="test01" classname="cs.utec.edu.pe.Lab01Test" time="0"/>
  <testcase name="test01" classname="cs.utec.edu.pe.Lab01Test" time="0"/>
  <testcase name="test01" classname="cs.utec.edu.pe.Lab01Test" time="0"/>
  <testcase name="test01" classname="cs.utec.edu.pe.Lab01Test" time="0"/>
  <testcase name="test01" classname="cs.utec.edu.pe.Lab01Test" time="0"/>
  <testcase name="test01" classname="cs.utec.edu.pe.Lab01Test" time="0"/>
  <testcase name="test01" classname="cs.utec.edu.pe.Lab01Test" time="0"/>
  <testcase name="test01" classname="cs.utec.edu.pe.Lab01Test" time="0"/>
  <testcase name="test01" classname="cs.utec.edu.pe.Lab01Test" time="0"/>
  <testcase name="test01" classname="cs.utec.edu.pe.Lab01Test" time="0"/>
  <testcase name="test01" classname="cs.utec.edu.pe.Lab01Test" time="0"/>
  <testcase name="test01" classname="cs.utec.edu.pe.Lab01Test" time="0"/>
  <testcase name="test01" classname="cs.utec.edu.pe.Lab01Test" time="0"/>
  <testcase name="test01" classname="cs.utec.edu.pe.Lab01Test" time="0"/>
  <testcase name="test01" classname="cs.utec.edu.pe.Lab01Test" time="0"/>
  <testcase name="test01" classname="cs.utec.edu.pe.Lab01Test" time="0"/>
  <testcase name="test01" classname="cs.utec.edu.pe.Lab01Test" time="0"/>
  <testcase name="test01" classname="cs.utec.edu.pe.Lab01Test" time="0"/>
  <testcase name="test01" classname="cs.utec.edu.pe.Lab01Test" time="0"/>
  <testcase name="test01" classname="cs.utec.edu.pe.Lab01Test" time="0"/>
  <testcase name="test01" classname="cs.utec.edu.pe.Lab01Test" time="0"/>
  <testcase name="test01" classname="cs.utec.edu.pe.Lab01Test" time="0"/>
  <testcase name="test01" classname="cs.utec.edu.pe.Lab01Test" time="0"/>
  <testcase name="test01" classname="cs.utec.edu.pe.Lab01Test" time="0"/>
  <testcase name="test01" classname="cs.utec.edu.pe.Lab01Test" time="0"/>
  <testcase name="test01" classname="cs.utec.edu.pe.Lab01Test" time="0"/>
  <testcase name="test01" classname="cs.utec.edu.pe.Lab01Test" time="0"/>
  <testcase name="test01" classname="cs.utec.edu.pe.Lab01Test" time="0.001"/>
  <testcase name="test01" classname="cs.utec.edu.pe.Lab01Test" time="0"/>
  <testcase name="test01" classname="cs.utec.edu.pe.Lab01Test" time="0"/>
  <testcase name="test01" classname="cs.utec.edu.pe.Lab01Test" time="0"/>
  <testcase name="test01" classname="cs.utec.edu.pe.Lab01Test" time="0"/>
  <testcase name="test01" classname="cs.utec.edu.pe.Lab01Test" time="0"/>
  <testcase name="test01" classname="cs.utec.edu.pe.Lab01Test" time="0"/>
  <testcase name="test01" classname="cs.utec.edu.pe.Lab01Test" time="0"/>
  <testcase name="test01" classname="cs.utec.edu.pe.Lab01Test" time="0"/>
  <testcase name="test01" classname="cs.utec.edu.pe.Lab01Test" time="0"/>
  <testcase name="test01" classname="cs.utec.edu.pe.Lab01Test" time="0"/>
  <testcase name="test01" classname="cs.utec.edu.pe.Lab01Test" time="0"/>
  <testcase name="test01" classname="cs.utec.edu.pe.Lab01Test" time="0"/>
  <testcase name="test01" classname="cs.utec.edu.pe.Lab01Test" time="0"/>
  <testcase name="test01" classname="cs.utec.edu.pe.Lab01Test" time="0"/>
  <testcase name="test01" classname="cs.utec.edu.pe.Lab01Test" time="0"/>
  <testcase name="test01" classname="cs.utec.edu.pe.Lab01Test" time="0"/>
  <testcase name="test01" classname="cs.utec.edu.pe.Lab01Test" time="0"/>
  <testcase name="test01" classname="cs.utec.edu.pe.Lab01Test" time="0"/>
  <testcase name="test01" classname="cs.utec.edu.pe.Lab01Test" time="0"/>
  <testcase name="test01" classname="cs.utec.edu.pe.Lab01Test" time="0.001"/>
  <testcase name="test01" classname="cs.utec.edu.pe.Lab01Test" time="0"/>
  <testcase name="test01" classname="cs.utec.edu.pe.Lab01Test" time="0"/>
  <testcase name="test01" classname="cs.utec.edu.pe.Lab01Test" time="0"/>
  <testcase name="test01" classname="cs.utec.edu.pe.Lab01Test" time="0"/>
  <testcase name="test01" classname="cs.utec.edu.pe.Lab01Test" time="0"/>
  <testcase name="test01" classname="cs.utec.edu.pe.Lab01Test" time="0"/>
  <testcase name="test01" classname="cs.utec.edu.pe.Lab01Test" time="0"/>
  <testcase name="test01" classname="cs.utec.edu.pe.Lab01Test" time="0"/>
  <testcase name="test01" classname="cs.utec.edu.pe.Lab01Test" time="0"/>
  <testcase name="test01" classname="cs.utec.edu.pe.Lab01Test" time="0"/>
  <testcase name="test01" classname="cs.utec.edu.pe.Lab01Test" time="0"/>
  <testcase name="test01" classname="cs.utec.edu.pe.Lab01Test" time="0"/>
  <testcase name="test01" classname="cs.utec.edu.pe.Lab01Test" time="0"/>
  <testcase name="test01" classname="cs.utec.edu.pe.Lab01Test" time="0"/>
  <testcase name="test01" classname="cs.utec.edu.pe.Lab01Test" time="0"/>
  <testcase name="test01" classname="cs.utec.edu.pe.Lab01Test" time="0"/>
  <testcase name="test01" classname="cs.utec.edu.pe.Lab01Test" time="0"/>
  <testcase name="test01" classname="cs.utec.edu.pe.Lab01Test" time="0"/>
  <testcase name="test01" classname="cs.utec.edu.pe.Lab01Test" time="0"/>
  <testcase name="test01" classname="cs.utec.edu.pe.Lab01Test" time="0.001"/>
  <testcase name="test01" classname="cs.utec.edu.pe.Lab01Test" time="0"/>
  <testcase name="test01" classname="cs.utec.edu.pe.Lab01Test" time="0"/>
  <testcase name="test01" classname="cs.utec.edu.pe.Lab01Test" time="0"/>
  <testcase name="test01" classname="cs.utec.edu.pe.Lab01Test" time="0"/>
  <testcase name="test01" classname="cs.utec.edu.pe.Lab01Test" time="0"/>
  <testcase name="test01" classname="cs.utec.edu.pe.Lab01Test" time="0"/>
  <testcase name="test01" classname="cs.utec.edu.pe.Lab01Test" time="0"/>
  <testcase name="test01" classname="cs.utec.edu.pe.Lab01Test" time="0"/>
  <testcase name="test01" classname="cs.utec.edu.pe.Lab01Test" time="0"/>
  <testcase name="test01" classname="cs.utec.edu.pe.Lab01Test" time="0"/>
  <testcase name="test01" classname="cs.utec.edu.pe.Lab01Test" time="0"/>
  <testcase name="test01" classname="cs.utec.edu.pe.Lab01Test" time="0"/>
  <testcase name="test01" classname="cs.utec.edu.pe.Lab01Test" time="0"/>
  <testcase name="test01" classname="cs.utec.edu.pe.Lab01Test" time="0"/>
  <testcase name="test01" classname="cs.utec.edu.pe.Lab01Test" time="0"/>
  <testcase name="test01" classname="cs.utec.edu.pe.Lab01Test" time="0"/>
  <testcase name="test01" classname="cs.utec.edu.pe.Lab01Test" time="0"/>
  <testcase name="test01" classname="cs.utec.edu.pe.Lab01Test" time="0"/>
  <testcase name="test01" classname="cs.utec.edu.pe.Lab01Test" time="0"/>
  <testcase name="test01" classname="cs.utec.edu.pe.Lab01Test" time="0"/>
  <testcase name="test01" classname="cs.utec.edu.pe.Lab01Test" time="0"/>
  <testcase name="test01" classname="cs.utec.edu.pe.Lab01Test" time="0"/>
  <testcase name="test01" classname="cs.utec.edu.pe.Lab01Test" time="0"/>
  <testcase name="test01" classname="cs.utec.edu.pe.Lab01Test" time="0"/>
  <testcase name="test01" classname="cs.utec.edu.pe.Lab01Test" time="0"/>
  <testcase name="test01" classname="cs.utec.edu.pe.Lab01Test" time="0"/>
  <testcase name="test01" classname="cs.utec.edu.pe.Lab01Test" time="0"/>
  <testcase name="test01" classname="cs.utec.edu.pe.Lab01Test" time="0"/>
  <testcase name="test01" classname="cs.utec.edu.pe.Lab01Test" time="0"/>
  <testcase name="test01" classname="cs.utec.edu.pe.Lab01Test" time="0"/>
  <testcase name="test01" classname="cs.utec.edu.pe.Lab01Test" time="0"/>
  <testcase name="test01" classname="cs.utec.edu.pe.Lab01Test" time="0"/>
  <testcase name="test01" classname="cs.utec.edu.pe.Lab01Test" time="0"/>
  <testcase name="test01" classname="cs.utec.edu.pe.Lab01Test" time="0"/>
  <testcase name="test01" classname="cs.utec.edu.pe.Lab01Test" time="0"/>
  <testcase name="test01" classname="cs.utec.edu.pe.Lab01Test" time="0"/>
  <testcase name="test01" classname="cs.utec.edu.pe.Lab01Test" time="0"/>
  <testcase name="test01" classname="cs.utec.edu.pe.Lab01Test" time="0"/>
  <testcase name="test01" classname="cs.utec.edu.pe.Lab01Test" time="0"/>
  <testcase name="test01" classname="cs.utec.edu.pe.Lab01Test" time="0"/>
  <testcase name="test01" classname="cs.utec.edu.pe.Lab01Test" time="0"/>
  <testcase name="test01" classname="cs.utec.edu.pe.Lab01Test" time="0"/>
  <testcase name="test01" classname="cs.utec.edu.pe.Lab01Test" time="0"/>
  <testcase name="test01" classname="cs.utec.edu.pe.Lab01Test" time="0"/>
  <testcase name="test01" classname="cs.utec.edu.pe.Lab01Test" time="0"/>
  <testcase name="test01" classname="cs.utec.edu.pe.Lab01Test" time="0"/>
  <testcase name="test01" classname="cs.utec.edu.pe.Lab01Test" time="0"/>
  <testcase name="test01" classname="cs.utec.edu.pe.Lab01Test" time="0"/>
  <testcase name="test01" classname="cs.utec.edu.pe.Lab01Test" time="0"/>
  <testcase name="test01" classname="cs.utec.edu.pe.Lab01Test" time="0"/>
  <testcase name="test01" classname="cs.utec.edu.pe.Lab01Test" time="0"/>
  <testcase name="test01" classname="cs.utec.edu.pe.Lab01Test" time="0"/>
  <testcase name="test01" classname="cs.utec.edu.pe.Lab01Test" time="0"/>
  <testcase name="test01" classname="cs.utec.edu.pe.Lab01Test" time="0"/>
  <testcase name="test01" classname="cs.utec.edu.pe.Lab01Test" time="0"/>
  <testcase name="test01" classname="cs.utec.edu.pe.Lab01Test" time="0"/>
  <testcase name="test01" classname="cs.utec.edu.pe.Lab01Test" time="0"/>
  <testcase name="test01" classname="cs.utec.edu.pe.Lab01Test" time="0"/>
  <testcase name="test01" classname="cs.utec.edu.pe.Lab01Test" time="0"/>
  <testcase name="test01" classname="cs.utec.edu.pe.Lab01Test" time="0"/>
  <testcase name="test01" classname="cs.utec.edu.pe.Lab01Test" time="0"/>
  <testcase name="test01" classname="cs.utec.edu.pe.Lab01Test" time="0"/>
  <testcase name="test01" classname="cs.utec.edu.pe.Lab01Test" time="0"/>
  <testcase name="test01" classname="cs.utec.edu.pe.Lab01Test" time="0"/>
  <testcase name="test01" classname="cs.utec.edu.pe.Lab01Test" time="0"/>
  <testcase name="test01" classname="cs.utec.edu.pe.Lab01Test" time="0"/>
  <testcase name="test01" classname="cs.utec.edu.pe.Lab01Test" time="0"/>
  <testcase name="test01" classname="cs.utec.edu.pe.Lab01Test" time="0"/>
  <testcase name="test01" classname="cs.utec.edu.pe.Lab01Test" time="0"/>
  <testcase name="test01" classname="cs.utec.edu.pe.Lab01Test" time="0"/>
  <testcase name="test01" classname="cs.utec.edu.pe.Lab01Test" time="0"/>
  <testcase name="test01" classname="cs.utec.edu.pe.Lab01Test" time="0.001"/>
  <testcase name="test01" classname="cs.utec.edu.pe.Lab01Test" time="0.001"/>
  <testcase name="test01" classname="cs.utec.edu.pe.Lab01Test" time="0"/>
  <testcase name="test01" classname="cs.utec.edu.pe.Lab01Test" time="0"/>
  <testcase name="test01" classname="cs.utec.edu.pe.Lab01Test" time="0"/>
  <testcase name="test01" classname="cs.utec.edu.pe.Lab01Test" time="0"/>
  <testcase name="test01" classname="cs.utec.edu.pe.Lab01Test" time="0"/>
  <testcase name="test01" classname="cs.utec.edu.pe.Lab01Test" time="0"/>
  <testcase name="test01" classname="cs.utec.edu.pe.Lab01Test" time="0"/>
  <testcase name="test01" classname="cs.utec.edu.pe.Lab01Test" time="0"/>
  <testcase name="test01" classname="cs.utec.edu.pe.Lab01Test" time="0"/>
  <testcase name="test01" classname="cs.utec.edu.pe.Lab01Test" time="0"/>
  <testcase name="test01" classname="cs.utec.edu.pe.Lab01Test" time="0"/>
  <testcase name="test01" classname="cs.utec.edu.pe.Lab01Test" time="0"/>
  <testcase name="test01" classname="cs.utec.edu.pe.Lab01Test" time="0"/>
  <testcase name="test01" classname="cs.utec.edu.pe.Lab01Test" time="0"/>
  <testcase name="test01" classname="cs.utec.edu.pe.Lab01Test" time="0"/>
  <testcase name="test01" classname="cs.utec.edu.pe.Lab01Test" time="0.001"/>
  <testcase name="test01" classname="cs.utec.edu.pe.Lab01Test" time="0"/>
  <testcase name="test01" classname="cs.utec.edu.pe.Lab01Test" time="0"/>
  <testcase name="test01" classname="cs.utec.edu.pe.Lab01Test" time="0"/>
  <testcase name="test01" classname="cs.utec.edu.pe.Lab01Test" time="0"/>
  <testcase name="test01" classname="cs.utec.edu.pe.Lab01Test" time="0"/>
  <testcase name="test01" classname="cs.utec.edu.pe.Lab01Test" time="0"/>
  <testcase name="test01" classname="cs.utec.edu.pe.Lab01Test" time="0"/>
  <testcase name="test01" classname="cs.utec.edu.pe.Lab01Test" time="0"/>
  <testcase name="test01" classname="cs.utec.edu.pe.Lab01Test" time="0"/>
  <testcase name="test01" classname="cs.utec.edu.pe.Lab01Test" time="0"/>
  <testcase name="test01" classname="cs.utec.edu.pe.Lab01Test" time="0"/>
  <testcase name="test01" classname="cs.utec.edu.pe.Lab01Test" time="0"/>
  <testcase name="test01" classname="cs.utec.edu.pe.Lab01Test" time="0"/>
  <testcase name="test01" classname="cs.utec.edu.pe.Lab01Test" time="0"/>
  <testcase name="test01" classname="cs.utec.edu.pe.Lab01Test" time="0"/>
  <testcase name="test01" classname="cs.utec.edu.pe.Lab01Test" time="0"/>
  <testcase name="test01" classname="cs.utec.edu.pe.Lab01Test" time="0"/>
  <testcase name="test01" classname="cs.utec.edu.pe.Lab01Test" time="0"/>
  <testcase name="test01" classname="cs.utec.edu.pe.Lab01Test" time="0"/>
  <testcase name="test01" classname="cs.utec.edu.pe.Lab01Test" time="0"/>
  <testcase name="test01" classname="cs.utec.edu.pe.Lab01Test" time="0"/>
  <testcase name="test01" classname="cs.utec.edu.pe.Lab01Test" time="0"/>
  <testcase name="test01" classname="cs.utec.edu.pe.Lab01Test" time="0"/>
  <testcase name="test01" classname="cs.utec.edu.pe.Lab01Test" time="0"/>
  <testcase name="test01" classname="cs.utec.edu.pe.Lab01Test" time="0"/>
  <testcase name="test01" classname="cs.utec.edu.pe.Lab01Test" time="0"/>
  <testcase name="test01" classname="cs.utec.edu.pe.Lab01Test" time="0"/>
  <testcase name="test01" classname="cs.utec.edu.pe.Lab01Test" time="0"/>
  <testcase name="test01" classname="cs.utec.edu.pe.Lab01Test" time="0"/>
  <testcase name="test01" classname="cs.utec.edu.pe.Lab01Test" time="0"/>
  <testcase name="test01" classname="cs.utec.edu.pe.Lab01Test" time="0"/>
  <testcase name="test01" classname="cs.utec.edu.pe.Lab01Test" time="0"/>
  <testcase name="test01" classname="cs.utec.edu.pe.Lab01Test" time="0"/>
  <testcase name="test01" classname="cs.utec.edu.pe.Lab01Test" time="0"/>
  <testcase name="test01" classname="cs.utec.edu.pe.Lab01Test" time="0"/>
  <testcase name="test01" classname="cs.utec.edu.pe.Lab01Test" time="0"/>
  <testcase name="test01" classname="cs.utec.edu.pe.Lab01Test" time="0"/>
  <testcase name="test01" classname="cs.utec.edu.pe.Lab01Test" time="0"/>
  <testcase name="test01" classname="cs.utec.edu.pe.Lab01Test" time="0"/>
  <testcase name="test01" classname="cs.utec.edu.pe.Lab01Test" time="0"/>
  <testcase name="test01" classname="cs.utec.edu.pe.Lab01Test" time="0"/>
  <testcase name="test01" classname="cs.utec.edu.pe.Lab01Test" time="0"/>
  <testcase name="test01" classname="cs.utec.edu.pe.Lab01Test" time="0"/>
  <testcase name="test01" classname="cs.utec.edu.pe.Lab01Test" time="0"/>
  <testcase name="test01" classname="cs.utec.edu.pe.Lab01Test" time="0"/>
  <testcase name="test01" classname="cs.utec.edu.pe.Lab01Test" time="0"/>
  <testcase name="test01" classname="cs.utec.edu.pe.Lab01Test" time="0"/>
  <testcase name="test01" classname="cs.utec.edu.pe.Lab01Test" time="0"/>
  <testcase name="test01" classname="cs.utec.edu.pe.Lab01Test" time="0"/>
  <testcase name="test01" classname="cs.utec.edu.pe.Lab01Test" time="0"/>
  <testcase name="test01" classname="cs.utec.edu.pe.Lab01Test" time="0"/>
  <testcase name="test01" classname="cs.utec.edu.pe.Lab01Test" time="0"/>
  <testcase name="test01" classname="cs.utec.edu.pe.Lab01Test" time="0"/>
  <testcase name="test01" classname="cs.utec.edu.pe.Lab01Test" time="0"/>
  <testcase name="test01" classname="cs.utec.edu.pe.Lab01Test" time="0"/>
  <testcase name="test01" classname="cs.utec.edu.pe.Lab01Test" time="0"/>
  <testcase name="test01" classname="cs.utec.edu.pe.Lab01Test" time="0"/>
  <testcase name="test01" classname="cs.utec.edu.pe.Lab01Test" time="0"/>
  <testcase name="test01" classname="cs.utec.edu.pe.Lab01Test" time="0"/>
  <testcase name="test01" classname="cs.utec.edu.pe.Lab01Test" time="0"/>
  <testcase name="test01" classname="cs.utec.edu.pe.Lab01Test" time="0"/>
  <testcase name="test01" classname="cs.utec.edu.pe.Lab01Test" time="0.001"/>
  <testcase name="test01" classname="cs.utec.edu.pe.Lab01Test" time="0"/>
  <testcase name="test01" classname="cs.utec.edu.pe.Lab01Test" time="0"/>
  <testcase name="test01" classname="cs.utec.edu.pe.Lab01Test" time="0"/>
  <testcase name="test01" classname="cs.utec.edu.pe.Lab01Test" time="0"/>
  <testcase name="test01" classname="cs.utec.edu.pe.Lab01Test" time="0"/>
  <testcase name="test01" classname="cs.utec.edu.pe.Lab01Test" time="0"/>
  <testcase name="test01" classname="cs.utec.edu.pe.Lab01Test" time="0"/>
  <testcase name="test01" classname="cs.utec.edu.pe.Lab01Test" time="0"/>
  <testcase name="test01" classname="cs.utec.edu.pe.Lab01Test" time="0"/>
  <testcase name="test01" classname="cs.utec.edu.pe.Lab01Test" time="0"/>
  <testcase name="test01" classname="cs.utec.edu.pe.Lab01Test" time="0"/>
  <testcase name="test01" classname="cs.utec.edu.pe.Lab01Test" time="0"/>
  <testcase name="test01" classname="cs.utec.edu.pe.Lab01Test" time="0"/>
  <testcase name="test01" classname="cs.utec.edu.pe.Lab01Test" time="0"/>
  <testcase name="test01" classname="cs.utec.edu.pe.Lab01Test" time="0"/>
  <testcase name="test01" classname="cs.utec.edu.pe.Lab01Test" time="0"/>
  <testcase name="test01" classname="cs.utec.edu.pe.Lab01Test" time="0"/>
  <testcase name="test01" classname="cs.utec.edu.pe.Lab01Test" time="0"/>
  <testcase name="test01" classname="cs.utec.edu.pe.Lab01Test" time="0"/>
  <testcase name="test01" classname="cs.utec.edu.pe.Lab01Test" time="0"/>
  <testcase name="test01" classname="cs.utec.edu.pe.Lab01Test" time="0"/>
  <testcase name="test01" classname="cs.utec.edu.pe.Lab01Test" time="0"/>
  <testcase name="test01" classname="cs.utec.edu.pe.Lab01Test" time="0"/>
  <testcase name="test01" classname="cs.utec.edu.pe.Lab01Test" time="0"/>
  <testcase name="test01" classname="cs.utec.edu.pe.Lab01Test" time="0"/>
  <testcase name="test01" classname="cs.utec.edu.pe.Lab01Test" time="0"/>
  <testcase name="test01" classname="cs.utec.edu.pe.Lab01Test" time="0"/>
  <testcase name="test01" classname="cs.utec.edu.pe.Lab01Test" time="0"/>
  <testcase name="test01" classname="cs.utec.edu.pe.Lab01Test" time="0"/>
  <testcase name="test01" classname="cs.utec.edu.pe.Lab01Test" time="0"/>
  <testcase name="test01" classname="cs.utec.edu.pe.Lab01Test" time="0"/>
  <testcase name="test01" classname="cs.utec.edu.pe.Lab01Test" time="0"/>
  <testcase name="test01" classname="cs.utec.edu.pe.Lab01Test" time="0"/>
  <testcase name="test01" classname="cs.utec.edu.pe.Lab01Test" time="0"/>
  <testcase name="test01" classname="cs.utec.edu.pe.Lab01Test" time="0"/>
  <testcase name="test01" classname="cs.utec.edu.pe.Lab01Test" time="0"/>
  <testcase name="test01" classname="cs.utec.edu.pe.Lab01Test" time="0"/>
  <testcase name="test01" classname="cs.utec.edu.pe.Lab01Test" time="0"/>
  <testcase name="test01" classname="cs.utec.edu.pe.Lab01Test" time="0"/>
  <testcase name="test01" classname="cs.utec.edu.pe.Lab01Test" time="0"/>
  <testcase name="test01" classname="cs.utec.edu.pe.Lab01Test" time="0"/>
  <testcase name="test01" classname="cs.utec.edu.pe.Lab01Test" time="0"/>
  <testcase name="test01" classname="cs.utec.edu.pe.Lab01Test" time="0"/>
  <testcase name="test01" classname="cs.utec.edu.pe.Lab01Test" time="0"/>
  <testcase name="test01" classname="cs.utec.edu.pe.Lab01Test" time="0"/>
  <testcase name="test01" classname="cs.utec.edu.pe.Lab01Test" time="0"/>
  <testcase name="test01" classname="cs.utec.edu.pe.Lab01Test" time="0"/>
  <testcase name="test01" classname="cs.utec.edu.pe.Lab01Test" time="0"/>
  <testcase name="test01" classname="cs.utec.edu.pe.Lab01Test" time="0"/>
  <testcase name="test01" classname="cs.utec.edu.pe.Lab01Test" time="0"/>
  <testcase name="test01" classname="cs.utec.edu.pe.Lab01Test" time="0"/>
  <testcase name="test01" classname="cs.utec.edu.pe.Lab01Test" time="0"/>
  <testcase name="test01" classname="cs.utec.edu.pe.Lab01Test" time="0"/>
  <testcase name="test01" classname="cs.utec.edu.pe.Lab01Test" time="0"/>
  <testcase name="test01" classname="cs.utec.edu.pe.Lab01Test" time="0"/>
  <testcase name="test01" classname="cs.utec.edu.pe.Lab01Test" time="0"/>
  <testcase name="test01" classname="cs.utec.edu.pe.Lab01Test" time="0"/>
  <testcase name="test01" classname="cs.utec.edu.pe.Lab01Test" time="0"/>
  <testcase name="test01" classname="cs.utec.edu.pe.Lab01Test" time="0"/>
  <testcase name="test01" classname="cs.utec.edu.pe.Lab01Test" time="0"/>
  <testcase name="test01" classname="cs.utec.edu.pe.Lab01Test" time="0"/>
  <testcase name="test01" classname="cs.utec.edu.pe.Lab01Test" time="0"/>
  <testcase name="test01" classname="cs.utec.edu.pe.Lab01Test" time="0"/>
  <testcase name="test01" classname="cs.utec.edu.pe.Lab01Test" time="0"/>
  <testcase name="test01" classname="cs.utec.edu.pe.Lab01Test" time="0"/>
  <testcase name="test01" classname="cs.utec.edu.pe.Lab01Test" time="0"/>
  <testcase name="test01" classname="cs.utec.edu.pe.Lab01Test" time="0"/>
  <testcase name="test01" classname="cs.utec.edu.pe.Lab01Test" time="0"/>
  <testcase name="test01" classname="cs.utec.edu.pe.Lab01Test" time="0"/>
  <testcase name="test01" classname="cs.utec.edu.pe.Lab01Test" time="0"/>
  <testcase name="test01" classname="cs.utec.edu.pe.Lab01Test" time="0"/>
  <testcase name="test01" classname="cs.utec.edu.pe.Lab01Test" time="0"/>
  <testcase name="test01" classname="cs.utec.edu.pe.Lab01Test" time="0"/>
  <testcase name="test01" classname="cs.utec.edu.pe.Lab01Test" time="0"/>
  <testcase name="test01" classname="cs.utec.edu.pe.Lab01Test" time="0"/>
  <testcase name="test01" classname="cs.utec.edu.pe.Lab01Test" time="0"/>
  <testcase name="test01" classname="cs.utec.edu.pe.Lab01Test" time="0"/>
  <testcase name="test01" classname="cs.utec.edu.pe.Lab01Test" time="0"/>
  <testcase name="test01" classname="cs.utec.edu.pe.Lab01Test" time="0"/>
  <testcase name="test01" classname="cs.utec.edu.pe.Lab01Test" time="0"/>
  <testcase name="test01" classname="cs.utec.edu.pe.Lab01Test" time="0"/>
  <testcase name="test01" classname="cs.utec.edu.pe.Lab01Test" time="0"/>
  <testcase name="test01" classname="cs.utec.edu.pe.Lab01Test" time="0"/>
  <testcase name="test01" classname="cs.utec.edu.pe.Lab01Test" time="0"/>
  <testcase name="test01" classname="cs.utec.edu.pe.Lab01Test" time="0"/>
  <testcase name="test01" classname="cs.utec.edu.pe.Lab01Test" time="0"/>
  <testcase name="test01" classname="cs.utec.edu.pe.Lab01Test" time="0"/>
  <testcase name="test01" classname="cs.utec.edu.pe.Lab01Test" time="0"/>
  <testcase name="test01" classname="cs.utec.edu.pe.Lab01Test" time="0"/>
  <testcase name="test01" classname="cs.utec.edu.pe.Lab01Test" time="0"/>
  <testcase name="test01" classname="cs.utec.edu.pe.Lab01Test" time="0"/>
  <testcase name="test01" classname="cs.utec.edu.pe.Lab01Test" time="0"/>
  <testcase name="test01" classname="cs.utec.edu.pe.Lab01Test" time="0"/>
  <testcase name="test01" classname="cs.utec.edu.pe.Lab01Test" time="0"/>
  <testcase name="test01" classname="cs.utec.edu.pe.Lab01Test" time="0"/>
  <testcase name="test01" classname="cs.utec.edu.pe.Lab01Test" time="0"/>
  <testcase name="test01" classname="cs.utec.edu.pe.Lab01Test" time="0"/>
  <testcase name="test01" classname="cs.utec.edu.pe.Lab01Test" time="0"/>
  <testcase name="test01" classname="cs.utec.edu.pe.Lab01Test" time="0"/>
  <testcase name="test01" classname="cs.utec.edu.pe.Lab01Test" time="0"/>
  <testcase name="test01" classname="cs.utec.edu.pe.Lab01Test" time="0"/>
  <testcase name="test01" classname="cs.utec.edu.pe.Lab01Test" time="0"/>
  <testcase name="test01" classname="cs.utec.edu.pe.Lab01Test" time="0"/>
  <testcase name="test01" classname="cs.utec.edu.pe.Lab01Test" time="0"/>
  <testcase name="test01" classname="cs.utec.edu.pe.Lab01Test" time="0"/>
  <testcase name="test01" classname="cs.utec.edu.pe.Lab01Test" time="0"/>
  <testcase name="test01" classname="cs.utec.edu.pe.Lab01Test" time="0"/>
  <testcase name="test01" classname="cs.utec.edu.pe.Lab01Test" time="0"/>
  <testcase name="test01" classname="cs.utec.edu.pe.Lab01Test" time="0"/>
  <testcase name="test01" classname="cs.utec.edu.pe.Lab01Test" time="0"/>
  <testcase name="test01" classname="cs.utec.edu.pe.Lab01Test" time="0"/>
  <testcase name="test01" classname="cs.utec.edu.pe.Lab01Test" time="0"/>
  <testcase name="test01" classname="cs.utec.edu.pe.Lab01Test" time="0"/>
  <testcase name="test01" classname="cs.utec.edu.pe.Lab01Test" time="0.001"/>
  <testcase name="test01" classname="cs.utec.edu.pe.Lab01Test" time="0.001"/>
  <testcase name="test01" classname="cs.utec.edu.pe.Lab01Test" time="0.001"/>
  <testcase name="test01" classname="cs.utec.edu.pe.Lab01Test" time="0"/>
  <testcase name="test01" classname="cs.utec.edu.pe.Lab01Test" time="0"/>
  <testcase name="test01" classname="cs.utec.edu.pe.Lab01Test" time="0"/>
  <testcase name="test01" classname="cs.utec.edu.pe.Lab01Test" time="0"/>
  <testcase name="test01" classname="cs.utec.edu.pe.Lab01Test" time="0"/>
  <testcase name="test01" classname="cs.utec.edu.pe.Lab01Test" time="0"/>
  <testcase name="test01" classname="cs.utec.edu.pe.Lab01Test" time="0"/>
  <testcase name="test01" classname="cs.utec.edu.pe.Lab01Test" time="0"/>
  <testcase name="test01" classname="cs.utec.edu.pe.Lab01Test" time="0"/>
  <testcase name="test01" classname="cs.utec.edu.pe.Lab01Test" time="0"/>
  <testcase name="test01" classname="cs.utec.edu.pe.Lab01Test" time="0"/>
  <testcase name="test01" classname="cs.utec.edu.pe.Lab01Test" time="0"/>
  <testcase name="test01" classname="cs.utec.edu.pe.Lab01Test" time="0"/>
  <testcase name="test01" classname="cs.utec.edu.pe.Lab01Test" time="0"/>
  <testcase name="test01" classname="cs.utec.edu.pe.Lab01Test" time="0"/>
  <testcase name="test01" classname="cs.utec.edu.pe.Lab01Test" time="0"/>
  <testcase name="test01" classname="cs.utec.edu.pe.Lab01Test" time="0"/>
  <testcase name="test01" classname="cs.utec.edu.pe.Lab01Test" time="0"/>
  <testcase name="test01" classname="cs.utec.edu.pe.Lab01Test" time="0"/>
  <testcase name="test01" classname="cs.utec.edu.pe.Lab01Test" time="0"/>
  <testcase name="test01" classname="cs.utec.edu.pe.Lab01Test" time="0"/>
  <testcase name="test01" classname="cs.utec.edu.pe.Lab01Test" time="0"/>
  <testcase name="test01" classname="cs.utec.edu.pe.Lab01Test" time="0"/>
  <testcase name="test01" classname="cs.utec.edu.pe.Lab01Test" time="0"/>
  <testcase name="test01" classname="cs.utec.edu.pe.Lab01Test" time="0"/>
  <testcase name="test01" classname="cs.utec.edu.pe.Lab01Test" time="0"/>
  <testcase name="test01" classname="cs.utec.edu.pe.Lab01Test" time="0"/>
  <testcase name="test01" classname="cs.utec.edu.pe.Lab01Test" time="0"/>
  <testcase name="test01" classname="cs.utec.edu.pe.Lab01Test" time="0.001"/>
  <testcase name="test01" classname="cs.utec.edu.pe.Lab01Test" time="0.001"/>
  <testcase name="test01" classname="cs.utec.edu.pe.Lab01Test" time="0"/>
  <testcase name="test01" classname="cs.utec.edu.pe.Lab01Test" time="0"/>
  <testcase name="test01" classname="cs.utec.edu.pe.Lab01Test" time="0"/>
  <testcase name="test01" classname="cs.utec.edu.pe.Lab01Test" time="0"/>
  <testcase name="test01" classname="cs.utec.edu.pe.Lab01Test" time="0"/>
  <testcase name="test01" classname="cs.utec.edu.pe.Lab01Test" time="0"/>
  <testcase name="test01" classname="cs.utec.edu.pe.Lab01Test" time="0"/>
  <testcase name="test01" classname="cs.utec.edu.pe.Lab01Test" time="0"/>
  <testcase name="test01" classname="cs.utec.edu.pe.Lab01Test" time="0"/>
  <testcase name="test01" classname="cs.utec.edu.pe.Lab01Test" time="0"/>
  <testcase name="test01" classname="cs.utec.edu.pe.Lab01Test" time="0"/>
  <testcase name="test01" classname="cs.utec.edu.pe.Lab01Test" time="0"/>
  <testcase name="test01" classname="cs.utec.edu.pe.Lab01Test" time="0"/>
  <testcase name="test01" classname="cs.utec.edu.pe.Lab01Test" time="0"/>
  <testcase name="test01" classname="cs.utec.edu.pe.Lab01Test" time="0"/>
  <testcase name="test01" classname="cs.utec.edu.pe.Lab01Test" time="0"/>
  <testcase name="test01" classname="cs.utec.edu.pe.Lab01Test" time="0"/>
  <testcase name="test01" classname="cs.utec.edu.pe.Lab01Test" time="0"/>
  <testcase name="test01" classname="cs.utec.edu.pe.Lab01Test" time="0"/>
  <testcase name="test01" classname="cs.utec.edu.pe.Lab01Test" time="0"/>
  <testcase name="test01" classname="cs.utec.edu.pe.Lab01Test" time="0"/>
  <testcase name="test01" classname="cs.utec.edu.pe.Lab01Test" time="0"/>
  <testcase name="test01" classname="cs.utec.edu.pe.Lab01Test" time="0"/>
  <testcase name="test01" classname="cs.utec.edu.pe.Lab01Test" time="0"/>
  <testcase name="test01" classname="cs.utec.edu.pe.Lab01Test" time="0"/>
  <testcase name="test01" classname="cs.utec.edu.pe.Lab01Test" time="0"/>
  <testcase name="test01" classname="cs.utec.edu.pe.Lab01Test" time="0"/>
  <testcase name="test01" classname="cs.utec.edu.pe.Lab01Test" time="0"/>
  <testcase name="test01" classname="cs.utec.edu.pe.Lab01Test" time="0"/>
  <testcase name="test01" classname="cs.utec.edu.pe.Lab01Test" time="0"/>
  <testcase name="test01" classname="cs.utec.edu.pe.Lab01Test" time="0"/>
  <testcase name="test01" classname="cs.utec.edu.pe.Lab01Test" time="0"/>
  <testcase name="test01" classname="cs.utec.edu.pe.Lab01Test" time="0"/>
  <testcase name="test01" classname="cs.utec.edu.pe.Lab01Test" time="0"/>
  <testcase name="test01" classname="cs.utec.edu.pe.Lab01Test" time="0"/>
  <testcase name="test01" classname="cs.utec.edu.pe.Lab01Test" time="0"/>
  <testcase name="test01" classname="cs.utec.edu.pe.Lab01Test" time="0"/>
  <testcase name="test01" classname="cs.utec.edu.pe.Lab01Test" time="0"/>
  <testcase name="test01" classname="cs.utec.edu.pe.Lab01Test" time="0"/>
  <testcase name="test01" classname="cs.utec.edu.pe.Lab01Test" time="0"/>
  <testcase name="test01" classname="cs.utec.edu.pe.Lab01Test" time="0"/>
  <testcase name="test01" classname="cs.utec.edu.pe.Lab01Test" time="0"/>
  <testcase name="test01" classname="cs.utec.edu.pe.Lab01Test" time="0"/>
  <testcase name="test01" classname="cs.utec.edu.pe.Lab01Test" time="0"/>
  <testcase name="test01" classname="cs.utec.edu.pe.Lab01Test" time="0"/>
  <testcase name="test01" classname="cs.utec.edu.pe.Lab01Test" time="0"/>
  <testcase name="test01" classname="cs.utec.edu.pe.Lab01Test" time="0"/>
  <testcase name="test01" classname="cs.utec.edu.pe.Lab01Test" time="0.001"/>
  <testcase name="test01" classname="cs.utec.edu.pe.Lab01Test" time="0.001"/>
  <testcase name="test01" classname="cs.utec.edu.pe.Lab01Test" time="0.001"/>
  <testcase name="test01" classname="cs.utec.edu.pe.Lab01Test" time="0"/>
  <testcase name="test01" classname="cs.utec.edu.pe.Lab01Test" time="0"/>
  <testcase name="test01" classname="cs.utec.edu.pe.Lab01Test" time="0"/>
  <testcase name="test01" classname="cs.utec.edu.pe.Lab01Test" time="0"/>
  <testcase name="test01" classname="cs.utec.edu.pe.Lab01Test" time="0"/>
  <testcase name="test01" classname="cs.utec.edu.pe.Lab01Test" time="0"/>
  <testcase name="test01" classname="cs.utec.edu.pe.Lab01Test" time="0"/>
  <testcase name="test01" classname="cs.utec.edu.pe.Lab01Test" time="0"/>
  <testcase name="test01" classname="cs.utec.edu.pe.Lab01Test" time="0"/>
  <testcase name="test01" classname="cs.utec.edu.pe.Lab01Test" time="0"/>
  <testcase name="test01" classname="cs.utec.edu.pe.Lab01Test" time="0"/>
  <testcase name="test01" classname="cs.utec.edu.pe.Lab01Test" time="0"/>
  <testcase name="test01" classname="cs.utec.edu.pe.Lab01Test" time="0"/>
  <testcase name="test01" classname="cs.utec.edu.pe.Lab01Test" time="0"/>
  <testcase name="test01" classname="cs.utec.edu.pe.Lab01Test" time="0"/>
  <testcase name="test01" classname="cs.utec.edu.pe.Lab01Test" time="0"/>
  <testcase name="test01" classname="cs.utec.edu.pe.Lab01Test" time="0"/>
  <testcase name="test01" classname="cs.utec.edu.pe.Lab01Test" time="0"/>
  <testcase name="test01" classname="cs.utec.edu.pe.Lab01Test" time="0"/>
  <testcase name="test01" classname="cs.utec.edu.pe.Lab01Test" time="0"/>
  <testcase name="test01" classname="cs.utec.edu.pe.Lab01Test" time="0"/>
  <testcase name="test01" classname="cs.utec.edu.pe.Lab01Test" time="0"/>
  <testcase name="test01" classname="cs.utec.edu.pe.Lab01Test" time="0"/>
  <testcase name="test01" classname="cs.utec.edu.pe.Lab01Test" time="0"/>
  <testcase name="test01" classname="cs.utec.edu.pe.Lab01Test" time="0"/>
  <testcase name="test01" classname="cs.utec.edu.pe.Lab01Test" time="0"/>
  <testcase name="test01" classname="cs.utec.edu.pe.Lab01Test" time="0"/>
  <testcase name="test01" classname="cs.utec.edu.pe.Lab01Test" time="0"/>
  <testcase name="test01" classname="cs.utec.edu.pe.Lab01Test" time="0"/>
  <testcase name="test01" classname="cs.utec.edu.pe.Lab01Test" time="0"/>
  <testcase name="test01" classname="cs.utec.edu.pe.Lab01Test" time="0"/>
  <testcase name="test01" classname="cs.utec.edu.pe.Lab01Test" time="0"/>
  <testcase name="test01" classname="cs.utec.edu.pe.Lab01Test" time="0"/>
  <testcase name="test01" classname="cs.utec.edu.pe.Lab01Test" time="0"/>
  <testcase name="test01" classname="cs.utec.edu.pe.Lab01Test" time="0.001"/>
  <testcase name="test01" classname="cs.utec.edu.pe.Lab01Test" time="0"/>
  <testcase name="test01" classname="cs.utec.edu.pe.Lab01Test" time="0"/>
  <testcase name="test01" classname="cs.utec.edu.pe.Lab01Test" time="0"/>
  <testcase name="test01" classname="cs.utec.edu.pe.Lab01Test" time="0"/>
  <testcase name="test01" classname="cs.utec.edu.pe.Lab01Test" time="0"/>
  <testcase name="test01" classname="cs.utec.edu.pe.Lab01Test" time="0"/>
  <testcase name="test01" classname="cs.utec.edu.pe.Lab01Test" time="0"/>
  <testcase name="test01" classname="cs.utec.edu.pe.Lab01Test" time="0"/>
  <testcase name="test01" classname="cs.utec.edu.pe.Lab01Test" time="0"/>
  <testcase name="test01" classname="cs.utec.edu.pe.Lab01Test" time="0"/>
  <testcase name="test01" classname="cs.utec.edu.pe.Lab01Test" time="0"/>
  <testcase name="test01" classname="cs.utec.edu.pe.Lab01Test" time="0"/>
  <testcase name="test01" classname="cs.utec.edu.pe.Lab01Test" time="0"/>
  <testcase name="test01" classname="cs.utec.edu.pe.Lab01Test" time="0"/>
  <testcase name="test01" classname="cs.utec.edu.pe.Lab01Test" time="0"/>
  <testcase name="test01" classname="cs.utec.edu.pe.Lab01Test" time="0"/>
  <testcase name="test01" classname="cs.utec.edu.pe.Lab01Test" time="0"/>
  <testcase name="test01" classname="cs.utec.edu.pe.Lab01Test" time="0"/>
  <testcase name="test01" classname="cs.utec.edu.pe.Lab01Test" time="0"/>
  <testcase name="test01" classname="cs.utec.edu.pe.Lab01Test" time="0"/>
  <testcase name="test01" classname="cs.utec.edu.pe.Lab01Test" time="0"/>
  <testcase name="test01" classname="cs.utec.edu.pe.Lab01Test" time="0"/>
  <testcase name="test01" classname="cs.utec.edu.pe.Lab01Test" time="0"/>
  <testcase name="test01" classname="cs.utec.edu.pe.Lab01Test" time="0"/>
  <testcase name="test01" classname="cs.utec.edu.pe.Lab01Test" time="0"/>
  <testcase name="test01" classname="cs.utec.edu.pe.Lab01Test" time="0"/>
  <testcase name="test01" classname="cs.utec.edu.pe.Lab01Test" time="0"/>
  <testcase name="test01" classname="cs.utec.edu.pe.Lab01Test" time="0"/>
  <testcase name="test01" classname="cs.utec.edu.pe.Lab01Test" time="0"/>
  <testcase name="test01" classname="cs.utec.edu.pe.Lab01Test" time="0"/>
  <testcase name="test01" classname="cs.utec.edu.pe.Lab01Test" time="0"/>
  <testcase name="test01" classname="cs.utec.edu.pe.Lab01Test" time="0"/>
  <testcase name="test01" classname="cs.utec.edu.pe.Lab01Test" time="0"/>
  <testcase name="test01" classname="cs.utec.edu.pe.Lab01Test" time="0"/>
  <testcase name="test01" classname="cs.utec.edu.pe.Lab01Test" time="0"/>
  <testcase name="test01" classname="cs.utec.edu.pe.Lab01Test" time="0"/>
  <testcase name="test01" classname="cs.utec.edu.pe.Lab01Test" time="0"/>
  <testcase name="test01" classname="cs.utec.edu.pe.Lab01Test" time="0"/>
  <testcase name="test01" classname="cs.utec.edu.pe.Lab01Test" time="0"/>
  <testcase name="test01" classname="cs.utec.edu.pe.Lab01Test" time="0"/>
  <testcase name="test01" classname="cs.utec.edu.pe.Lab01Test" time="0"/>
  <testcase name="test01" classname="cs.utec.edu.pe.Lab01Test" time="0"/>
  <testcase name="test01" classname="cs.utec.edu.pe.Lab01Test" time="0"/>
  <testcase name="test01" classname="cs.utec.edu.pe.Lab01Test" time="0"/>
  <testcase name="test01" classname="cs.utec.edu.pe.Lab01Test" time="0"/>
  <testcase name="test01" classname="cs.utec.edu.pe.Lab01Test" time="0"/>
  <testcase name="test01" classname="cs.utec.edu.pe.Lab01Test" time="0"/>
  <testcase name="test01" classname="cs.utec.edu.pe.Lab01Test" time="0"/>
  <testcase name="test01" classname="cs.utec.edu.pe.Lab01Test" time="0"/>
  <testcase name="test01" classname="cs.utec.edu.pe.Lab01Test" time="0"/>
  <testcase name="test01" classname="cs.utec.edu.pe.Lab01Test" time="0"/>
  <testcase name="test01" classname="cs.utec.edu.pe.Lab01Test" time="0"/>
  <testcase name="test01" classname="cs.utec.edu.pe.Lab01Test" time="0"/>
  <testcase name="test01" classname="cs.utec.edu.pe.Lab01Test" time="0"/>
  <testcase name="test01" classname="cs.utec.edu.pe.Lab01Test" time="0"/>
  <testcase name="test01" classname="cs.utec.edu.pe.Lab01Test" time="0"/>
  <testcase name="test01" classname="cs.utec.edu.pe.Lab01Test" time="0"/>
  <testcase name="test01" classname="cs.utec.edu.pe.Lab01Test" time="0"/>
  <testcase name="test01" classname="cs.utec.edu.pe.Lab01Test" time="0"/>
  <testcase name="test01" classname="cs.utec.edu.pe.Lab01Test" time="0"/>
  <testcase name="test01" classname="cs.utec.edu.pe.Lab01Test" time="0"/>
  <testcase name="test01" classname="cs.utec.edu.pe.Lab01Test" time="0"/>
  <testcase name="test01" classname="cs.utec.edu.pe.Lab01Test" time="0"/>
  <testcase name="test02" classname="cs.utec.edu.pe.Lab01Test" time="0"/>
  <testcase name="test03" classname="cs.utec.edu.pe.Lab01Test" time="0"/>
</testsuite>